[0.085s] DEBUG:colcon:Command line arguments: ['/usr/bin/colcon', 'build']
[0.085s] DEBUG:colcon:Parsed command line arguments: Namespace(log_base=None, log_level=None, verb_name='build', build_base='build', install_base='install', merge_install=False, symlink_install=False, test_result_base=None, continue_on_error=False, executor='parallel', parallel_workers=16, event_handlers=None, ignore_user_meta=False, metas=['./colcon.meta'], base_paths=['.'], packages_ignore=None, packages_ignore_regex=None, paths=None, packages_up_to=None, packages_up_to_regex=None, packages_above=None, packages_above_and_dependencies=None, packages_above_depth=None, packages_select_by_dep=None, packages_skip_by_dep=None, packages_skip_up_to=None, packages_select_build_failed=False, packages_skip_build_finished=False, packages_select_test_failures=False, packages_skip_test_passed=False, packages_select=None, packages_skip=None, packages_select_regex=None, packages_skip_regex=None, packages_start=None, packages_end=None, allow_overriding=[], cmake_args=None, cmake_target=None, cmake_target_skip_unavailable=False, cmake_clean_cache=False, cmake_clean_first=False, cmake_force_configure=False, ament_cmake_args=None, catkin_cmake_args=None, catkin_skip_building_tests=False, verb_parser=<colcon_defaults.argument_parser.defaults.DefaultArgumentsDecorator object at 0x7553e9b5da20>, verb_extension=<colcon_core.verb.build.BuildVerb object at 0x7553e9c42ef0>, main=<bound method BuildVerb.main of <colcon_core.verb.build.BuildVerb object at 0x7553e9c42ef0>>)
[0.200s] Level 1:colcon.colcon_core.package_discovery:discover_packages(colcon_meta) check parameters
[0.200s] Level 1:colcon.colcon_core.package_discovery:discover_packages(recursive) check parameters
[0.200s] Level 1:colcon.colcon_core.package_discovery:discover_packages(ignore) check parameters
[0.200s] Level 1:colcon.colcon_core.package_discovery:discover_packages(path) check parameters
[0.200s] Level 1:colcon.colcon_core.package_discovery:discover_packages(colcon_meta) discover
[0.200s] Level 1:colcon.colcon_core.package_discovery:discover_packages(recursive) discover
[0.200s] INFO:colcon.colcon_core.package_discovery:Crawling recursively for packages in '/home/yu/Desktop/robotic_arm_ws'
[0.200s] Level 1:colcon.colcon_core.package_identification:_identify(.) by extensions ['ignore', 'ignore_ament_install']
[0.201s] Level 1:colcon.colcon_core.package_identification:_identify(.) by extension 'ignore'
[0.201s] Level 1:colcon.colcon_core.package_identification:_identify(.) by extension 'ignore_ament_install'
[0.201s] Level 1:colcon.colcon_core.package_identification:_identify(.) by extensions ['colcon_pkg']
[0.201s] Level 1:colcon.colcon_core.package_identification:_identify(.) by extension 'colcon_pkg'
[0.201s] Level 1:colcon.colcon_core.package_identification:_identify(.) by extensions ['colcon_meta']
[0.201s] Level 1:colcon.colcon_core.package_identification:_identify(.) by extension 'colcon_meta'
[0.201s] Level 1:colcon.colcon_core.package_identification:_identify(.) by extensions ['ros']
[0.201s] Level 1:colcon.colcon_core.package_identification:_identify(.) by extension 'ros'
[0.208s] Level 1:colcon.colcon_core.package_identification:_identify(.) by extensions ['cmake', 'python']
[0.209s] Level 1:colcon.colcon_core.package_identification:_identify(.) by extension 'cmake'
[0.209s] Level 1:colcon.colcon_core.package_identification:_identify(.) by extension 'python'
[0.209s] Level 1:colcon.colcon_core.package_identification:_identify(.) by extensions ['python_setup_py']
[0.209s] Level 1:colcon.colcon_core.package_identification:_identify(.) by extension 'python_setup_py'
[0.209s] Level 1:colcon.colcon_core.package_identification:_identify(build) by extensions ['ignore', 'ignore_ament_install']
[0.209s] Level 1:colcon.colcon_core.package_identification:_identify(build) by extension 'ignore'
[0.209s] Level 1:colcon.colcon_core.package_identification:_identify(build) ignored
[0.209s] Level 1:colcon.colcon_core.package_identification:_identify(install) by extensions ['ignore', 'ignore_ament_install']
[0.209s] Level 1:colcon.colcon_core.package_identification:_identify(install) by extension 'ignore'
[0.209s] Level 1:colcon.colcon_core.package_identification:_identify(install) ignored
[0.209s] Level 1:colcon.colcon_core.package_identification:_identify(log) by extensions ['ignore', 'ignore_ament_install']
[0.209s] Level 1:colcon.colcon_core.package_identification:_identify(log) by extension 'ignore'
[0.209s] Level 1:colcon.colcon_core.package_identification:_identify(log) ignored
[0.209s] Level 1:colcon.colcon_core.package_identification:_identify(src) by extensions ['ignore', 'ignore_ament_install']
[0.209s] Level 1:colcon.colcon_core.package_identification:_identify(src) by extension 'ignore'
[0.210s] Level 1:colcon.colcon_core.package_identification:_identify(src) by extension 'ignore_ament_install'
[0.210s] Level 1:colcon.colcon_core.package_identification:_identify(src) by extensions ['colcon_pkg']
[0.210s] Level 1:colcon.colcon_core.package_identification:_identify(src) by extension 'colcon_pkg'
[0.210s] Level 1:colcon.colcon_core.package_identification:_identify(src) by extensions ['colcon_meta']
[0.210s] Level 1:colcon.colcon_core.package_identification:_identify(src) by extension 'colcon_meta'
[0.210s] Level 1:colcon.colcon_core.package_identification:_identify(src) by extensions ['ros']
[0.210s] Level 1:colcon.colcon_core.package_identification:_identify(src) by extension 'ros'
[0.210s] Level 1:colcon.colcon_core.package_identification:_identify(src) by extensions ['cmake', 'python']
[0.210s] Level 1:colcon.colcon_core.package_identification:_identify(src) by extension 'cmake'
[0.210s] Level 1:colcon.colcon_core.package_identification:_identify(src) by extension 'python'
[0.210s] Level 1:colcon.colcon_core.package_identification:_identify(src) by extensions ['python_setup_py']
[0.210s] Level 1:colcon.colcon_core.package_identification:_identify(src) by extension 'python_setup_py'
[0.210s] Level 1:colcon.colcon_core.package_identification:_identify(src/e05_moveit) by extensions ['ignore', 'ignore_ament_install']
[0.210s] Level 1:colcon.colcon_core.package_identification:_identify(src/e05_moveit) by extension 'ignore'
[0.210s] Level 1:colcon.colcon_core.package_identification:_identify(src/e05_moveit) by extension 'ignore_ament_install'
[0.210s] Level 1:colcon.colcon_core.package_identification:_identify(src/e05_moveit) by extensions ['colcon_pkg']
[0.210s] Level 1:colcon.colcon_core.package_identification:_identify(src/e05_moveit) by extension 'colcon_pkg'
[0.210s] Level 1:colcon.colcon_core.package_identification:_identify(src/e05_moveit) by extensions ['colcon_meta']
[0.210s] Level 1:colcon.colcon_core.package_identification:_identify(src/e05_moveit) by extension 'colcon_meta'
[0.211s] Level 1:colcon.colcon_core.package_identification:_identify(src/e05_moveit) by extensions ['ros']
[0.211s] Level 1:colcon.colcon_core.package_identification:_identify(src/e05_moveit) by extension 'ros'
[0.212s] DEBUG:colcon.colcon_core.package_identification:Package 'src/e05_moveit' with type 'ros.ament_cmake' and name 'e05_moveit'
[0.213s] Level 1:colcon.colcon_core.package_identification:_identify(src/e05_pro) by extensions ['ignore', 'ignore_ament_install']
[0.213s] Level 1:colcon.colcon_core.package_identification:_identify(src/e05_pro) by extension 'ignore'
[0.213s] Level 1:colcon.colcon_core.package_identification:_identify(src/e05_pro) by extension 'ignore_ament_install'
[0.213s] Level 1:colcon.colcon_core.package_identification:_identify(src/e05_pro) by extensions ['colcon_pkg']
[0.213s] Level 1:colcon.colcon_core.package_identification:_identify(src/e05_pro) by extension 'colcon_pkg'
[0.213s] Level 1:colcon.colcon_core.package_identification:_identify(src/e05_pro) by extensions ['colcon_meta']
[0.213s] Level 1:colcon.colcon_core.package_identification:_identify(src/e05_pro) by extension 'colcon_meta'
[0.213s] Level 1:colcon.colcon_core.package_identification:_identify(src/e05_pro) by extensions ['ros']
[0.213s] Level 1:colcon.colcon_core.package_identification:_identify(src/e05_pro) by extension 'ros'
[0.213s] DEBUG:colcon.colcon_core.package_identification:Package 'src/e05_pro' with type 'ros.ament_python' and name 'e05_pro'
[0.213s] Level 1:colcon.colcon_core.package_identification:_identify(src/roboticsgroup_upatras_gazebo_plugins) by extensions ['ignore', 'ignore_ament_install']
[0.214s] Level 1:colcon.colcon_core.package_identification:_identify(src/roboticsgroup_upatras_gazebo_plugins) by extension 'ignore'
[0.214s] Level 1:colcon.colcon_core.package_identification:_identify(src/roboticsgroup_upatras_gazebo_plugins) by extension 'ignore_ament_install'
[0.214s] Level 1:colcon.colcon_core.package_identification:_identify(src/roboticsgroup_upatras_gazebo_plugins) by extensions ['colcon_pkg']
[0.214s] Level 1:colcon.colcon_core.package_identification:_identify(src/roboticsgroup_upatras_gazebo_plugins) by extension 'colcon_pkg'
[0.214s] Level 1:colcon.colcon_core.package_identification:_identify(src/roboticsgroup_upatras_gazebo_plugins) by extensions ['colcon_meta']
[0.214s] Level 1:colcon.colcon_core.package_identification:_identify(src/roboticsgroup_upatras_gazebo_plugins) by extension 'colcon_meta'
[0.214s] Level 1:colcon.colcon_core.package_identification:_identify(src/roboticsgroup_upatras_gazebo_plugins) by extensions ['ros']
[0.214s] Level 1:colcon.colcon_core.package_identification:_identify(src/roboticsgroup_upatras_gazebo_plugins) by extension 'ros'
[0.214s] DEBUG:colcon.colcon_core.package_identification:Package 'src/roboticsgroup_upatras_gazebo_plugins' with type 'ros.ament_cmake' and name 'roboticsgroup_upatras_gazebo_plugins'
[0.215s] Level 1:colcon.colcon_core.package_identification:_identify(src/robotiq_description) by extensions ['ignore', 'ignore_ament_install']
[0.215s] Level 1:colcon.colcon_core.package_identification:_identify(src/robotiq_description) by extension 'ignore'
[0.215s] Level 1:colcon.colcon_core.package_identification:_identify(src/robotiq_description) by extension 'ignore_ament_install'
[0.215s] Level 1:colcon.colcon_core.package_identification:_identify(src/robotiq_description) by extensions ['colcon_pkg']
[0.215s] Level 1:colcon.colcon_core.package_identification:_identify(src/robotiq_description) by extension 'colcon_pkg'
[0.215s] Level 1:colcon.colcon_core.package_identification:_identify(src/robotiq_description) by extensions ['colcon_meta']
[0.215s] Level 1:colcon.colcon_core.package_identification:_identify(src/robotiq_description) by extension 'colcon_meta'
[0.215s] Level 1:colcon.colcon_core.package_identification:_identify(src/robotiq_description) by extensions ['ros']
[0.215s] Level 1:colcon.colcon_core.package_identification:_identify(src/robotiq_description) by extension 'ros'
[0.215s] DEBUG:colcon.colcon_core.package_identification:Package 'src/robotiq_description' with type 'ros.ament_python' and name 'robotiq_description'
[0.215s] Level 1:colcon.colcon_core.package_discovery:discover_packages(recursive) using defaults
[0.215s] Level 1:colcon.colcon_core.package_discovery:discover_packages(ignore) discover
[0.215s] Level 1:colcon.colcon_core.package_discovery:discover_packages(ignore) using defaults
[0.215s] Level 1:colcon.colcon_core.package_discovery:discover_packages(path) discover
[0.215s] Level 1:colcon.colcon_core.package_discovery:discover_packages(path) using defaults
[0.236s] Level 1:colcon.colcon_core.package_discovery:discover_packages(prefix_path) check parameters
[0.236s] Level 1:colcon.colcon_core.package_discovery:discover_packages(prefix_path) discover
[0.237s] DEBUG:colcon.colcon_installed_package_information.package_discovery:Found 4 installed packages in /home/yu/Desktop/robotic_arm_ws/install
[0.238s] DEBUG:colcon.colcon_installed_package_information.package_discovery:Found 4 installed packages in /home/yu/Desktop/github/arm_gripper_sim/robotic_arm_ws/install
[0.239s] DEBUG:colcon.colcon_installed_package_information.package_discovery:Found 2 installed packages in /home/yu/Desktop/github/ackermann_car/install
[0.241s] DEBUG:colcon.colcon_installed_package_information.package_discovery:Found 480 installed packages in /opt/ros/humble
[0.242s] Level 1:colcon.colcon_core.package_discovery:discover_packages(prefix_path) using defaults
[0.278s] Level 5:colcon.colcon_core.verb:set package 'e05_pro' build argument 'cmake_args' from command line to 'None'
[0.279s] Level 5:colcon.colcon_core.verb:set package 'e05_pro' build argument 'cmake_target' from command line to 'None'
[0.279s] Level 5:colcon.colcon_core.verb:set package 'e05_pro' build argument 'cmake_target_skip_unavailable' from command line to 'False'
[0.279s] Level 5:colcon.colcon_core.verb:set package 'e05_pro' build argument 'cmake_clean_cache' from command line to 'False'
[0.279s] Level 5:colcon.colcon_core.verb:set package 'e05_pro' build argument 'cmake_clean_first' from command line to 'False'
[0.279s] Level 5:colcon.colcon_core.verb:set package 'e05_pro' build argument 'cmake_force_configure' from command line to 'False'
[0.279s] Level 5:colcon.colcon_core.verb:set package 'e05_pro' build argument 'ament_cmake_args' from command line to 'None'
[0.279s] Level 5:colcon.colcon_core.verb:set package 'e05_pro' build argument 'catkin_cmake_args' from command line to 'None'
[0.279s] Level 5:colcon.colcon_core.verb:set package 'e05_pro' build argument 'catkin_skip_building_tests' from command line to 'False'
[0.279s] DEBUG:colcon.colcon_core.verb:Building package 'e05_pro' with the following arguments: {'ament_cmake_args': None, 'build_base': '/home/yu/Desktop/robotic_arm_ws/build/e05_pro', 'catkin_cmake_args': None, 'catkin_skip_building_tests': False, 'cmake_args': None, 'cmake_clean_cache': False, 'cmake_clean_first': False, 'cmake_force_configure': False, 'cmake_target': None, 'cmake_target_skip_unavailable': False, 'install_base': '/home/yu/Desktop/robotic_arm_ws/install/e05_pro', 'merge_install': False, 'path': '/home/yu/Desktop/robotic_arm_ws/src/e05_pro', 'symlink_install': False, 'test_result_base': None}
[0.279s] Level 5:colcon.colcon_core.verb:set package 'roboticsgroup_upatras_gazebo_plugins' build argument 'cmake_args' from command line to 'None'
[0.279s] Level 5:colcon.colcon_core.verb:set package 'roboticsgroup_upatras_gazebo_plugins' build argument 'cmake_target' from command line to 'None'
[0.279s] Level 5:colcon.colcon_core.verb:set package 'roboticsgroup_upatras_gazebo_plugins' build argument 'cmake_target_skip_unavailable' from command line to 'False'
[0.279s] Level 5:colcon.colcon_core.verb:set package 'roboticsgroup_upatras_gazebo_plugins' build argument 'cmake_clean_cache' from command line to 'False'
[0.279s] Level 5:colcon.colcon_core.verb:set package 'roboticsgroup_upatras_gazebo_plugins' build argument 'cmake_clean_first' from command line to 'False'
[0.279s] Level 5:colcon.colcon_core.verb:set package 'roboticsgroup_upatras_gazebo_plugins' build argument 'cmake_force_configure' from command line to 'False'
[0.279s] Level 5:colcon.colcon_core.verb:set package 'roboticsgroup_upatras_gazebo_plugins' build argument 'ament_cmake_args' from command line to 'None'
[0.279s] Level 5:colcon.colcon_core.verb:set package 'roboticsgroup_upatras_gazebo_plugins' build argument 'catkin_cmake_args' from command line to 'None'
[0.279s] Level 5:colcon.colcon_core.verb:set package 'roboticsgroup_upatras_gazebo_plugins' build argument 'catkin_skip_building_tests' from command line to 'False'
[0.279s] DEBUG:colcon.colcon_core.verb:Building package 'roboticsgroup_upatras_gazebo_plugins' with the following arguments: {'ament_cmake_args': None, 'build_base': '/home/yu/Desktop/robotic_arm_ws/build/roboticsgroup_upatras_gazebo_plugins', 'catkin_cmake_args': None, 'catkin_skip_building_tests': False, 'cmake_args': None, 'cmake_clean_cache': False, 'cmake_clean_first': False, 'cmake_force_configure': False, 'cmake_target': None, 'cmake_target_skip_unavailable': False, 'install_base': '/home/yu/Desktop/robotic_arm_ws/install/roboticsgroup_upatras_gazebo_plugins', 'merge_install': False, 'path': '/home/yu/Desktop/robotic_arm_ws/src/roboticsgroup_upatras_gazebo_plugins', 'symlink_install': False, 'test_result_base': None}
[0.279s] Level 5:colcon.colcon_core.verb:set package 'robotiq_description' build argument 'cmake_args' from command line to 'None'
[0.280s] Level 5:colcon.colcon_core.verb:set package 'robotiq_description' build argument 'cmake_target' from command line to 'None'
[0.280s] Level 5:colcon.colcon_core.verb:set package 'robotiq_description' build argument 'cmake_target_skip_unavailable' from command line to 'False'
[0.280s] Level 5:colcon.colcon_core.verb:set package 'robotiq_description' build argument 'cmake_clean_cache' from command line to 'False'
[0.280s] Level 5:colcon.colcon_core.verb:set package 'robotiq_description' build argument 'cmake_clean_first' from command line to 'False'
[0.280s] Level 5:colcon.colcon_core.verb:set package 'robotiq_description' build argument 'cmake_force_configure' from command line to 'False'
[0.280s] Level 5:colcon.colcon_core.verb:set package 'robotiq_description' build argument 'ament_cmake_args' from command line to 'None'
[0.280s] Level 5:colcon.colcon_core.verb:set package 'robotiq_description' build argument 'catkin_cmake_args' from command line to 'None'
[0.280s] Level 5:colcon.colcon_core.verb:set package 'robotiq_description' build argument 'catkin_skip_building_tests' from command line to 'False'
[0.280s] DEBUG:colcon.colcon_core.verb:Building package 'robotiq_description' with the following arguments: {'ament_cmake_args': None, 'build_base': '/home/yu/Desktop/robotic_arm_ws/build/robotiq_description', 'catkin_cmake_args': None, 'catkin_skip_building_tests': False, 'cmake_args': None, 'cmake_clean_cache': False, 'cmake_clean_first': False, 'cmake_force_configure': False, 'cmake_target': None, 'cmake_target_skip_unavailable': False, 'install_base': '/home/yu/Desktop/robotic_arm_ws/install/robotiq_description', 'merge_install': False, 'path': '/home/yu/Desktop/robotic_arm_ws/src/robotiq_description', 'symlink_install': False, 'test_result_base': None}
[0.280s] Level 5:colcon.colcon_core.verb:set package 'e05_moveit' build argument 'cmake_args' from command line to 'None'
[0.280s] Level 5:colcon.colcon_core.verb:set package 'e05_moveit' build argument 'cmake_target' from command line to 'None'
[0.280s] Level 5:colcon.colcon_core.verb:set package 'e05_moveit' build argument 'cmake_target_skip_unavailable' from command line to 'False'
[0.280s] Level 5:colcon.colcon_core.verb:set package 'e05_moveit' build argument 'cmake_clean_cache' from command line to 'False'
[0.280s] Level 5:colcon.colcon_core.verb:set package 'e05_moveit' build argument 'cmake_clean_first' from command line to 'False'
[0.280s] Level 5:colcon.colcon_core.verb:set package 'e05_moveit' build argument 'cmake_force_configure' from command line to 'False'
[0.280s] Level 5:colcon.colcon_core.verb:set package 'e05_moveit' build argument 'ament_cmake_args' from command line to 'None'
[0.280s] Level 5:colcon.colcon_core.verb:set package 'e05_moveit' build argument 'catkin_cmake_args' from command line to 'None'
[0.280s] Level 5:colcon.colcon_core.verb:set package 'e05_moveit' build argument 'catkin_skip_building_tests' from command line to 'False'
[0.280s] DEBUG:colcon.colcon_core.verb:Building package 'e05_moveit' with the following arguments: {'ament_cmake_args': None, 'build_base': '/home/yu/Desktop/robotic_arm_ws/build/e05_moveit', 'catkin_cmake_args': None, 'catkin_skip_building_tests': False, 'cmake_args': None, 'cmake_clean_cache': False, 'cmake_clean_first': False, 'cmake_force_configure': False, 'cmake_target': None, 'cmake_target_skip_unavailable': False, 'install_base': '/home/yu/Desktop/robotic_arm_ws/install/e05_moveit', 'merge_install': False, 'path': '/home/yu/Desktop/robotic_arm_ws/src/e05_moveit', 'symlink_install': False, 'test_result_base': None}
[0.280s] INFO:colcon.colcon_core.executor:Executing jobs using 'parallel' executor
[0.281s] DEBUG:colcon.colcon_parallel_executor.executor.parallel:run_until_complete
[0.282s] INFO:colcon.colcon_ros.task.ament_python.build:Building ROS package in '/home/yu/Desktop/robotic_arm_ws/src/e05_pro' with build type 'ament_python'
[0.282s] Level 1:colcon.colcon_core.shell:create_environment_hook('e05_pro', 'ament_prefix_path')
[0.283s] INFO:colcon.colcon_core.plugin_system:Skipping extension 'colcon_core.shell.bat': Not used on non-Windows systems
[0.283s] INFO:colcon.colcon_core.shell:Creating environment hook '/home/yu/Desktop/robotic_arm_ws/install/e05_pro/share/e05_pro/hook/ament_prefix_path.ps1'
[0.284s] INFO:colcon.colcon_core.shell:Creating environment descriptor '/home/yu/Desktop/robotic_arm_ws/install/e05_pro/share/e05_pro/hook/ament_prefix_path.dsv'
[0.285s] INFO:colcon.colcon_core.shell:Creating environment hook '/home/yu/Desktop/robotic_arm_ws/install/e05_pro/share/e05_pro/hook/ament_prefix_path.sh'
[0.285s] INFO:colcon.colcon_core.shell:Skip shell extension 'powershell' for command environment: Not usable outside of PowerShell
[0.285s] DEBUG:colcon.colcon_core.shell:Skip shell extension 'dsv' for command environment
[0.289s] INFO:colcon.colcon_ros.task.ament_cmake.build:Building ROS package in '/home/yu/Desktop/robotic_arm_ws/src/roboticsgroup_upatras_gazebo_plugins' with build type 'ament_cmake'
[0.289s] INFO:colcon.colcon_cmake.task.cmake.build:Building CMake package in '/home/yu/Desktop/robotic_arm_ws/src/roboticsgroup_upatras_gazebo_plugins'
[0.289s] INFO:colcon.colcon_core.shell:Skip shell extension 'powershell' for command environment: Not usable outside of PowerShell
[0.289s] DEBUG:colcon.colcon_core.shell:Skip shell extension 'dsv' for command environment
[0.294s] INFO:colcon.colcon_ros.task.ament_python.build:Building ROS package in '/home/yu/Desktop/robotic_arm_ws/src/robotiq_description' with build type 'ament_python'
[0.295s] Level 1:colcon.colcon_core.shell:create_environment_hook('robotiq_description', 'ament_prefix_path')
[0.295s] INFO:colcon.colcon_core.shell:Creating environment hook '/home/yu/Desktop/robotic_arm_ws/install/robotiq_description/share/robotiq_description/hook/ament_prefix_path.ps1'
[0.296s] INFO:colcon.colcon_core.shell:Creating environment descriptor '/home/yu/Desktop/robotic_arm_ws/install/robotiq_description/share/robotiq_description/hook/ament_prefix_path.dsv'
[0.296s] INFO:colcon.colcon_core.shell:Creating environment hook '/home/yu/Desktop/robotic_arm_ws/install/robotiq_description/share/robotiq_description/hook/ament_prefix_path.sh'
[0.297s] INFO:colcon.colcon_core.shell:Skip shell extension 'powershell' for command environment: Not usable outside of PowerShell
[0.297s] DEBUG:colcon.colcon_core.shell:Skip shell extension 'dsv' for command environment
[0.483s] INFO:colcon.colcon_core.task.python.build:Building Python package in '/home/yu/Desktop/robotic_arm_ws/src/e05_pro'
[0.484s] INFO:colcon.colcon_core.shell:Skip shell extension 'powershell' for command environment: Not usable outside of PowerShell
[0.484s] DEBUG:colcon.colcon_core.shell:Skip shell extension 'dsv' for command environment
[0.493s] DEBUG:colcon.colcon_core.event_handler.log_command:Invoking command in '/home/yu/Desktop/robotic_arm_ws/build/roboticsgroup_upatras_gazebo_plugins': CMAKE_PREFIX_PATH=${CMAKE_PREFIX_PATH}:/home/yu/Desktop/robotic_arm_ws/install/robotiq_description:/home/yu/Desktop/robotic_arm_ws/install/e05_pro:/home/yu/Desktop/github/arm_gripper_sim/robotic_arm_ws/install/robotiq_description:/home/yu/Desktop/github/arm_gripper_sim/robotic_arm_ws/install/e05_pro:/home/yu/Desktop/github/ackermann_car/install/ackermann_car:/opt/ros/humble /usr/bin/cmake --build /home/yu/Desktop/robotic_arm_ws/build/roboticsgroup_upatras_gazebo_plugins -- -j16 -l16
[0.676s] INFO:colcon.colcon_core.task.python.build:Building Python package in '/home/yu/Desktop/robotic_arm_ws/src/robotiq_description'
[0.676s] INFO:colcon.colcon_core.shell:Skip shell extension 'powershell' for command environment: Not usable outside of PowerShell
[0.676s] DEBUG:colcon.colcon_core.shell:Skip shell extension 'dsv' for command environment
[0.689s] DEBUG:colcon.colcon_core.event_handler.log_command:Invoked command in '/home/yu/Desktop/robotic_arm_ws/build/roboticsgroup_upatras_gazebo_plugins' returned '0': CMAKE_PREFIX_PATH=${CMAKE_PREFIX_PATH}:/home/yu/Desktop/robotic_arm_ws/install/robotiq_description:/home/yu/Desktop/robotic_arm_ws/install/e05_pro:/home/yu/Desktop/github/arm_gripper_sim/robotic_arm_ws/install/robotiq_description:/home/yu/Desktop/github/arm_gripper_sim/robotic_arm_ws/install/e05_pro:/home/yu/Desktop/github/ackermann_car/install/ackermann_car:/opt/ros/humble /usr/bin/cmake --build /home/yu/Desktop/robotic_arm_ws/build/roboticsgroup_upatras_gazebo_plugins -- -j16 -l16
[0.693s] DEBUG:colcon.colcon_core.event_handler.log_command:Invoking command in '/home/yu/Desktop/robotic_arm_ws/build/roboticsgroup_upatras_gazebo_plugins': CMAKE_PREFIX_PATH=${CMAKE_PREFIX_PATH}:/home/yu/Desktop/robotic_arm_ws/install/robotiq_description:/home/yu/Desktop/robotic_arm_ws/install/e05_pro:/home/yu/Desktop/github/arm_gripper_sim/robotic_arm_ws/install/robotiq_description:/home/yu/Desktop/github/arm_gripper_sim/robotic_arm_ws/install/e05_pro:/home/yu/Desktop/github/ackermann_car/install/ackermann_car:/opt/ros/humble /usr/bin/cmake --install /home/yu/Desktop/robotic_arm_ws/build/roboticsgroup_upatras_gazebo_plugins
[0.704s] Level 1:colcon.colcon_core.environment:create_environment_scripts_only(roboticsgroup_upatras_gazebo_plugins)
[0.706s] Level 1:colcon.colcon_core.environment:checking '/home/yu/Desktop/robotic_arm_ws/install/roboticsgroup_upatras_gazebo_plugins' for CMake module files
[0.707s] Level 1:colcon.colcon_core.environment:checking '/home/yu/Desktop/robotic_arm_ws/install/roboticsgroup_upatras_gazebo_plugins' for CMake config files
[0.707s] Level 1:colcon.colcon_core.shell:create_environment_hook('roboticsgroup_upatras_gazebo_plugins', 'cmake_prefix_path')
[0.707s] INFO:colcon.colcon_core.shell:Creating environment hook '/home/yu/Desktop/robotic_arm_ws/install/roboticsgroup_upatras_gazebo_plugins/share/roboticsgroup_upatras_gazebo_plugins/hook/cmake_prefix_path.ps1'
[0.708s] INFO:colcon.colcon_core.shell:Creating environment descriptor '/home/yu/Desktop/robotic_arm_ws/install/roboticsgroup_upatras_gazebo_plugins/share/roboticsgroup_upatras_gazebo_plugins/hook/cmake_prefix_path.dsv'
[0.708s] INFO:colcon.colcon_core.shell:Creating environment hook '/home/yu/Desktop/robotic_arm_ws/install/roboticsgroup_upatras_gazebo_plugins/share/roboticsgroup_upatras_gazebo_plugins/hook/cmake_prefix_path.sh'
[0.708s] Level 1:colcon.colcon_core.environment:checking '/home/yu/Desktop/robotic_arm_ws/install/roboticsgroup_upatras_gazebo_plugins/lib'
[0.709s] Level 1:colcon.colcon_core.shell:create_environment_hook('roboticsgroup_upatras_gazebo_plugins', 'ld_library_path_lib')
[0.709s] INFO:colcon.colcon_core.shell:Creating environment hook '/home/yu/Desktop/robotic_arm_ws/install/roboticsgroup_upatras_gazebo_plugins/share/roboticsgroup_upatras_gazebo_plugins/hook/ld_library_path_lib.ps1'
[0.709s] INFO:colcon.colcon_core.shell:Creating environment descriptor '/home/yu/Desktop/robotic_arm_ws/install/roboticsgroup_upatras_gazebo_plugins/share/roboticsgroup_upatras_gazebo_plugins/hook/ld_library_path_lib.dsv'
[0.709s] INFO:colcon.colcon_core.shell:Creating environment hook '/home/yu/Desktop/robotic_arm_ws/install/roboticsgroup_upatras_gazebo_plugins/share/roboticsgroup_upatras_gazebo_plugins/hook/ld_library_path_lib.sh'
[0.710s] Level 1:colcon.colcon_core.environment:checking '/home/yu/Desktop/robotic_arm_ws/install/roboticsgroup_upatras_gazebo_plugins/bin'
[0.710s] Level 1:colcon.colcon_core.environment:checking '/home/yu/Desktop/robotic_arm_ws/install/roboticsgroup_upatras_gazebo_plugins/lib/pkgconfig/roboticsgroup_upatras_gazebo_plugins.pc'
[0.710s] Level 1:colcon.colcon_core.environment:checking '/home/yu/Desktop/robotic_arm_ws/install/roboticsgroup_upatras_gazebo_plugins/lib/python3.10/site-packages'
[0.710s] Level 1:colcon.colcon_core.environment:checking '/home/yu/Desktop/robotic_arm_ws/install/roboticsgroup_upatras_gazebo_plugins/bin'
[0.710s] INFO:colcon.colcon_core.shell:Creating package script '/home/yu/Desktop/robotic_arm_ws/install/roboticsgroup_upatras_gazebo_plugins/share/roboticsgroup_upatras_gazebo_plugins/package.ps1'
[0.711s] INFO:colcon.colcon_core.shell:Creating package descriptor '/home/yu/Desktop/robotic_arm_ws/install/roboticsgroup_upatras_gazebo_plugins/share/roboticsgroup_upatras_gazebo_plugins/package.dsv'
[0.713s] INFO:colcon.colcon_core.shell:Creating package script '/home/yu/Desktop/robotic_arm_ws/install/roboticsgroup_upatras_gazebo_plugins/share/roboticsgroup_upatras_gazebo_plugins/package.sh'
[0.714s] INFO:colcon.colcon_core.shell:Creating package script '/home/yu/Desktop/robotic_arm_ws/install/roboticsgroup_upatras_gazebo_plugins/share/roboticsgroup_upatras_gazebo_plugins/package.bash'
[0.714s] INFO:colcon.colcon_core.shell:Creating package script '/home/yu/Desktop/robotic_arm_ws/install/roboticsgroup_upatras_gazebo_plugins/share/roboticsgroup_upatras_gazebo_plugins/package.zsh'
[0.715s] Level 1:colcon.colcon_core.environment:create_file_with_runtime_dependencies(/home/yu/Desktop/robotic_arm_ws/install/roboticsgroup_upatras_gazebo_plugins/share/colcon-core/packages/roboticsgroup_upatras_gazebo_plugins)
[0.717s] Level 1:colcon.colcon_core.environment:create_environment_scripts_only(roboticsgroup_upatras_gazebo_plugins)
[0.717s] Level 1:colcon.colcon_core.environment:checking '/home/yu/Desktop/robotic_arm_ws/install/roboticsgroup_upatras_gazebo_plugins' for CMake module files
[0.717s] Level 1:colcon.colcon_core.environment:checking '/home/yu/Desktop/robotic_arm_ws/install/roboticsgroup_upatras_gazebo_plugins' for CMake config files
[0.718s] Level 1:colcon.colcon_core.shell:create_environment_hook('roboticsgroup_upatras_gazebo_plugins', 'cmake_prefix_path')
[0.718s] INFO:colcon.colcon_core.shell:Creating environment hook '/home/yu/Desktop/robotic_arm_ws/install/roboticsgroup_upatras_gazebo_plugins/share/roboticsgroup_upatras_gazebo_plugins/hook/cmake_prefix_path.ps1'
[0.719s] DEBUG:colcon.colcon_core.event_handler.log_command:Invoked command in '/home/yu/Desktop/robotic_arm_ws/build/roboticsgroup_upatras_gazebo_plugins' returned '0': CMAKE_PREFIX_PATH=${CMAKE_PREFIX_PATH}:/home/yu/Desktop/robotic_arm_ws/install/robotiq_description:/home/yu/Desktop/robotic_arm_ws/install/e05_pro:/home/yu/Desktop/github/arm_gripper_sim/robotic_arm_ws/install/robotiq_description:/home/yu/Desktop/github/arm_gripper_sim/robotic_arm_ws/install/e05_pro:/home/yu/Desktop/github/ackermann_car/install/ackermann_car:/opt/ros/humble /usr/bin/cmake --install /home/yu/Desktop/robotic_arm_ws/build/roboticsgroup_upatras_gazebo_plugins
[0.719s] INFO:colcon.colcon_core.shell:Creating environment descriptor '/home/yu/Desktop/robotic_arm_ws/install/roboticsgroup_upatras_gazebo_plugins/share/roboticsgroup_upatras_gazebo_plugins/hook/cmake_prefix_path.dsv'
[0.719s] INFO:colcon.colcon_core.shell:Creating environment hook '/home/yu/Desktop/robotic_arm_ws/install/roboticsgroup_upatras_gazebo_plugins/share/roboticsgroup_upatras_gazebo_plugins/hook/cmake_prefix_path.sh'
[0.720s] Level 1:colcon.colcon_core.environment:checking '/home/yu/Desktop/robotic_arm_ws/install/roboticsgroup_upatras_gazebo_plugins/lib'
[0.720s] Level 1:colcon.colcon_core.shell:create_environment_hook('roboticsgroup_upatras_gazebo_plugins', 'ld_library_path_lib')
[0.720s] INFO:colcon.colcon_core.shell:Creating environment hook '/home/yu/Desktop/robotic_arm_ws/install/roboticsgroup_upatras_gazebo_plugins/share/roboticsgroup_upatras_gazebo_plugins/hook/ld_library_path_lib.ps1'
[0.721s] INFO:colcon.colcon_core.shell:Creating environment descriptor '/home/yu/Desktop/robotic_arm_ws/install/roboticsgroup_upatras_gazebo_plugins/share/roboticsgroup_upatras_gazebo_plugins/hook/ld_library_path_lib.dsv'
[0.721s] INFO:colcon.colcon_core.shell:Creating environment hook '/home/yu/Desktop/robotic_arm_ws/install/roboticsgroup_upatras_gazebo_plugins/share/roboticsgroup_upatras_gazebo_plugins/hook/ld_library_path_lib.sh'
[0.721s] Level 1:colcon.colcon_core.environment:checking '/home/yu/Desktop/robotic_arm_ws/install/roboticsgroup_upatras_gazebo_plugins/bin'
[0.721s] Level 1:colcon.colcon_core.environment:checking '/home/yu/Desktop/robotic_arm_ws/install/roboticsgroup_upatras_gazebo_plugins/lib/pkgconfig/roboticsgroup_upatras_gazebo_plugins.pc'
[0.721s] Level 1:colcon.colcon_core.environment:checking '/home/yu/Desktop/robotic_arm_ws/install/roboticsgroup_upatras_gazebo_plugins/lib/python3.10/site-packages'
[0.722s] Level 1:colcon.colcon_core.environment:checking '/home/yu/Desktop/robotic_arm_ws/install/roboticsgroup_upatras_gazebo_plugins/bin'
[0.722s] INFO:colcon.colcon_core.shell:Creating package script '/home/yu/Desktop/robotic_arm_ws/install/roboticsgroup_upatras_gazebo_plugins/share/roboticsgroup_upatras_gazebo_plugins/package.ps1'
[0.722s] INFO:colcon.colcon_core.shell:Creating package descriptor '/home/yu/Desktop/robotic_arm_ws/install/roboticsgroup_upatras_gazebo_plugins/share/roboticsgroup_upatras_gazebo_plugins/package.dsv'
[0.723s] INFO:colcon.colcon_core.shell:Creating package script '/home/yu/Desktop/robotic_arm_ws/install/roboticsgroup_upatras_gazebo_plugins/share/roboticsgroup_upatras_gazebo_plugins/package.sh'
[0.723s] INFO:colcon.colcon_core.shell:Creating package script '/home/yu/Desktop/robotic_arm_ws/install/roboticsgroup_upatras_gazebo_plugins/share/roboticsgroup_upatras_gazebo_plugins/package.bash'
[0.724s] INFO:colcon.colcon_core.shell:Creating package script '/home/yu/Desktop/robotic_arm_ws/install/roboticsgroup_upatras_gazebo_plugins/share/roboticsgroup_upatras_gazebo_plugins/package.zsh'
[0.724s] Level 1:colcon.colcon_core.environment:create_file_with_runtime_dependencies(/home/yu/Desktop/robotic_arm_ws/install/roboticsgroup_upatras_gazebo_plugins/share/colcon-core/packages/roboticsgroup_upatras_gazebo_plugins)
[0.941s] DEBUG:colcon.colcon_core.event_handler.log_command:Invoking command in '/home/yu/Desktop/robotic_arm_ws/src/e05_pro': PYTHONPATH=/home/yu/Desktop/robotic_arm_ws/build/e05_pro/prefix_override:/usr/lib/python3/dist-packages/colcon_core/task/python/colcon_distutils_commands:/home/yu/Desktop/robotic_arm_ws/install/e05_pro/lib/python3.10/site-packages:${PYTHONPATH} /usr/bin/python3 -W ignore:setup.py install is deprecated -W ignore:easy_install command is deprecated setup.py egg_info --egg-base ../../build/e05_pro build --build-base /home/yu/Desktop/robotic_arm_ws/build/e05_pro/build install --record /home/yu/Desktop/robotic_arm_ws/build/e05_pro/install.log --single-version-externally-managed install_data
[0.949s] DEBUG:colcon.colcon_core.event_handler.log_command:Invoking command in '/home/yu/Desktop/robotic_arm_ws/src/robotiq_description': PYTHONPATH=/home/yu/Desktop/robotic_arm_ws/build/robotiq_description/prefix_override:/usr/lib/python3/dist-packages/colcon_core/task/python/colcon_distutils_commands:/home/yu/Desktop/robotic_arm_ws/install/robotiq_description/lib/python3.10/site-packages:${PYTHONPATH} /usr/bin/python3 -W ignore:setup.py install is deprecated -W ignore:easy_install command is deprecated setup.py egg_info --egg-base ../../build/robotiq_description build --build-base /home/yu/Desktop/robotic_arm_ws/build/robotiq_description/build install --record /home/yu/Desktop/robotic_arm_ws/build/robotiq_description/install.log --single-version-externally-managed install_data
[1.144s] Level 1:colcon.colcon_core.environment:checking '/home/yu/Desktop/robotic_arm_ws/install/e05_pro' for CMake module files
[1.144s] DEBUG:colcon.colcon_core.event_handler.log_command:Invoked command in '/home/yu/Desktop/robotic_arm_ws/src/e05_pro' returned '0': PYTHONPATH=/home/yu/Desktop/robotic_arm_ws/build/e05_pro/prefix_override:/usr/lib/python3/dist-packages/colcon_core/task/python/colcon_distutils_commands:/home/yu/Desktop/robotic_arm_ws/install/e05_pro/lib/python3.10/site-packages:${PYTHONPATH} /usr/bin/python3 -W ignore:setup.py install is deprecated -W ignore:easy_install command is deprecated setup.py egg_info --egg-base ../../build/e05_pro build --build-base /home/yu/Desktop/robotic_arm_ws/build/e05_pro/build install --record /home/yu/Desktop/robotic_arm_ws/build/e05_pro/install.log --single-version-externally-managed install_data
[1.144s] Level 1:colcon.colcon_core.environment:checking '/home/yu/Desktop/robotic_arm_ws/install/e05_pro' for CMake config files
[1.145s] Level 1:colcon.colcon_core.environment:checking '/home/yu/Desktop/robotic_arm_ws/install/e05_pro/lib'
[1.145s] Level 1:colcon.colcon_core.environment:checking '/home/yu/Desktop/robotic_arm_ws/install/e05_pro/bin'
[1.145s] Level 1:colcon.colcon_core.environment:checking '/home/yu/Desktop/robotic_arm_ws/install/e05_pro/lib/pkgconfig/e05_pro.pc'
[1.145s] Level 1:colcon.colcon_core.environment:checking '/home/yu/Desktop/robotic_arm_ws/install/e05_pro/lib/python3.10/site-packages'
[1.145s] Level 1:colcon.colcon_core.shell:create_environment_hook('e05_pro', 'pythonpath')
[1.146s] INFO:colcon.colcon_core.shell:Creating environment hook '/home/yu/Desktop/robotic_arm_ws/install/e05_pro/share/e05_pro/hook/pythonpath.ps1'
[1.146s] INFO:colcon.colcon_core.shell:Creating environment descriptor '/home/yu/Desktop/robotic_arm_ws/install/e05_pro/share/e05_pro/hook/pythonpath.dsv'
[1.147s] INFO:colcon.colcon_core.shell:Creating environment hook '/home/yu/Desktop/robotic_arm_ws/install/e05_pro/share/e05_pro/hook/pythonpath.sh'
[1.148s] Level 1:colcon.colcon_core.environment:checking '/home/yu/Desktop/robotic_arm_ws/install/e05_pro/bin'
[1.148s] Level 1:colcon.colcon_core.environment:create_environment_scripts_only(e05_pro)
[1.148s] INFO:colcon.colcon_core.shell:Creating package script '/home/yu/Desktop/robotic_arm_ws/install/e05_pro/share/e05_pro/package.ps1'
[1.148s] INFO:colcon.colcon_core.shell:Creating package descriptor '/home/yu/Desktop/robotic_arm_ws/install/e05_pro/share/e05_pro/package.dsv'
[1.149s] INFO:colcon.colcon_core.shell:Creating package script '/home/yu/Desktop/robotic_arm_ws/install/e05_pro/share/e05_pro/package.sh'
[1.149s] INFO:colcon.colcon_core.shell:Creating package script '/home/yu/Desktop/robotic_arm_ws/install/e05_pro/share/e05_pro/package.bash'
[1.150s] INFO:colcon.colcon_core.shell:Creating package script '/home/yu/Desktop/robotic_arm_ws/install/e05_pro/share/e05_pro/package.zsh'
[1.150s] Level 1:colcon.colcon_core.environment:create_file_with_runtime_dependencies(/home/yu/Desktop/robotic_arm_ws/install/e05_pro/share/colcon-core/packages/e05_pro)
[1.151s] INFO:colcon.colcon_ros.task.ament_cmake.build:Building ROS package in '/home/yu/Desktop/robotic_arm_ws/src/e05_moveit' with build type 'ament_cmake'
[1.151s] INFO:colcon.colcon_cmake.task.cmake.build:Building CMake package in '/home/yu/Desktop/robotic_arm_ws/src/e05_moveit'
[1.151s] INFO:colcon.colcon_core.shell:Skip shell extension 'powershell' for command environment: Not usable outside of PowerShell
[1.151s] DEBUG:colcon.colcon_core.shell:Skip shell extension 'dsv' for command environment
[1.157s] Level 1:colcon.colcon_core.environment:checking '/home/yu/Desktop/robotic_arm_ws/install/robotiq_description' for CMake module files
[1.157s] DEBUG:colcon.colcon_core.event_handler.log_command:Invoked command in '/home/yu/Desktop/robotic_arm_ws/src/robotiq_description' returned '0': PYTHONPATH=/home/yu/Desktop/robotic_arm_ws/build/robotiq_description/prefix_override:/usr/lib/python3/dist-packages/colcon_core/task/python/colcon_distutils_commands:/home/yu/Desktop/robotic_arm_ws/install/robotiq_description/lib/python3.10/site-packages:${PYTHONPATH} /usr/bin/python3 -W ignore:setup.py install is deprecated -W ignore:easy_install command is deprecated setup.py egg_info --egg-base ../../build/robotiq_description build --build-base /home/yu/Desktop/robotic_arm_ws/build/robotiq_description/build install --record /home/yu/Desktop/robotic_arm_ws/build/robotiq_description/install.log --single-version-externally-managed install_data
[1.157s] Level 1:colcon.colcon_core.environment:checking '/home/yu/Desktop/robotic_arm_ws/install/robotiq_description' for CMake config files
[1.158s] Level 1:colcon.colcon_core.environment:checking '/home/yu/Desktop/robotic_arm_ws/install/robotiq_description/lib'
[1.158s] Level 1:colcon.colcon_core.environment:checking '/home/yu/Desktop/robotic_arm_ws/install/robotiq_description/bin'
[1.158s] Level 1:colcon.colcon_core.environment:checking '/home/yu/Desktop/robotic_arm_ws/install/robotiq_description/lib/pkgconfig/robotiq_description.pc'
[1.158s] Level 1:colcon.colcon_core.environment:checking '/home/yu/Desktop/robotic_arm_ws/install/robotiq_description/lib/python3.10/site-packages'
[1.158s] Level 1:colcon.colcon_core.shell:create_environment_hook('robotiq_description', 'pythonpath')
[1.159s] INFO:colcon.colcon_core.shell:Creating environment hook '/home/yu/Desktop/robotic_arm_ws/install/robotiq_description/share/robotiq_description/hook/pythonpath.ps1'
[1.159s] INFO:colcon.colcon_core.shell:Creating environment descriptor '/home/yu/Desktop/robotic_arm_ws/install/robotiq_description/share/robotiq_description/hook/pythonpath.dsv'
[1.159s] INFO:colcon.colcon_core.shell:Creating environment hook '/home/yu/Desktop/robotic_arm_ws/install/robotiq_description/share/robotiq_description/hook/pythonpath.sh'
[1.160s] Level 1:colcon.colcon_core.environment:checking '/home/yu/Desktop/robotic_arm_ws/install/robotiq_description/bin'
[1.160s] Level 1:colcon.colcon_core.environment:create_environment_scripts_only(robotiq_description)
[1.161s] INFO:colcon.colcon_core.shell:Creating package script '/home/yu/Desktop/robotic_arm_ws/install/robotiq_description/share/robotiq_description/package.ps1'
[1.161s] INFO:colcon.colcon_core.shell:Creating package descriptor '/home/yu/Desktop/robotic_arm_ws/install/robotiq_description/share/robotiq_description/package.dsv'
[1.161s] INFO:colcon.colcon_core.shell:Creating package script '/home/yu/Desktop/robotic_arm_ws/install/robotiq_description/share/robotiq_description/package.sh'
[1.162s] INFO:colcon.colcon_core.shell:Creating package script '/home/yu/Desktop/robotic_arm_ws/install/robotiq_description/share/robotiq_description/package.bash'
[1.162s] INFO:colcon.colcon_core.shell:Creating package script '/home/yu/Desktop/robotic_arm_ws/install/robotiq_description/share/robotiq_description/package.zsh'
[1.162s] Level 1:colcon.colcon_core.environment:create_file_with_runtime_dependencies(/home/yu/Desktop/robotic_arm_ws/install/robotiq_description/share/colcon-core/packages/robotiq_description)
[1.167s] DEBUG:colcon.colcon_core.event_handler.log_command:Invoking command in '/home/yu/Desktop/robotic_arm_ws/build/e05_moveit': AMENT_PREFIX_PATH=/home/yu/Desktop/robotic_arm_ws/install/e05_pro:/home/yu/Desktop/robotic_arm_ws/install/robotiq_description:/home/yu/Desktop/robotic_arm_ws/install/roboticsgroup_upatras_gazebo_plugins:/home/yu/Desktop/robotic_arm_ws/install/e05_moveit:/home/yu/Desktop/github/arm_gripper_sim/robotic_arm_ws/install/robotiq_description:/home/yu/Desktop/github/arm_gripper_sim/robotic_arm_ws/install/roboticsgroup_upatras_gazebo_plugins:/home/yu/Desktop/github/arm_gripper_sim/robotic_arm_ws/install/e05_moveit:/home/yu/Desktop/github/arm_gripper_sim/robotic_arm_ws/install/e05_pro:/home/yu/Desktop/github/ackermann_car/install/ackermann_car:/opt/ros/humble CMAKE_PREFIX_PATH=${CMAKE_PREFIX_PATH}:/home/yu/Desktop/robotic_arm_ws/install/robotiq_description:/home/yu/Desktop/robotic_arm_ws/install/e05_pro:/home/yu/Desktop/github/arm_gripper_sim/robotic_arm_ws/install/robotiq_description:/home/yu/Desktop/github/arm_gripper_sim/robotic_arm_ws/install/e05_pro:/home/yu/Desktop/github/ackermann_car/install/ackermann_car:/opt/ros/humble PYTHONPATH=/home/yu/Desktop/robotic_arm_ws/install/e05_pro/lib/python3.10/site-packages:/home/yu/Desktop/robotic_arm_ws/install/robotiq_description/lib/python3.10/site-packages:/home/yu/Desktop/github/arm_gripper_sim/robotic_arm_ws/install/robotiq_description/lib/python3.10/site-packages:/home/yu/Desktop/github/arm_gripper_sim/robotic_arm_ws/install/e05_pro/lib/python3.10/site-packages:/home/yu/Desktop/github/ackermann_car/install/ackermann_car/lib/python3.10/site-packages:/opt/ros/humble/lib/python3.10/site-packages:/opt/ros/humble/local/lib/python3.10/dist-packages /usr/bin/cmake --build /home/yu/Desktop/robotic_arm_ws/build/e05_moveit -- -j16 -l16
[1.202s] DEBUG:colcon.colcon_core.event_handler.log_command:Invoked command in '/home/yu/Desktop/robotic_arm_ws/build/e05_moveit' returned '0': AMENT_PREFIX_PATH=/home/yu/Desktop/robotic_arm_ws/install/e05_pro:/home/yu/Desktop/robotic_arm_ws/install/robotiq_description:/home/yu/Desktop/robotic_arm_ws/install/roboticsgroup_upatras_gazebo_plugins:/home/yu/Desktop/robotic_arm_ws/install/e05_moveit:/home/yu/Desktop/github/arm_gripper_sim/robotic_arm_ws/install/robotiq_description:/home/yu/Desktop/github/arm_gripper_sim/robotic_arm_ws/install/roboticsgroup_upatras_gazebo_plugins:/home/yu/Desktop/github/arm_gripper_sim/robotic_arm_ws/install/e05_moveit:/home/yu/Desktop/github/arm_gripper_sim/robotic_arm_ws/install/e05_pro:/home/yu/Desktop/github/ackermann_car/install/ackermann_car:/opt/ros/humble CMAKE_PREFIX_PATH=${CMAKE_PREFIX_PATH}:/home/yu/Desktop/robotic_arm_ws/install/robotiq_description:/home/yu/Desktop/robotic_arm_ws/install/e05_pro:/home/yu/Desktop/github/arm_gripper_sim/robotic_arm_ws/install/robotiq_description:/home/yu/Desktop/github/arm_gripper_sim/robotic_arm_ws/install/e05_pro:/home/yu/Desktop/github/ackermann_car/install/ackermann_car:/opt/ros/humble PYTHONPATH=/home/yu/Desktop/robotic_arm_ws/install/e05_pro/lib/python3.10/site-packages:/home/yu/Desktop/robotic_arm_ws/install/robotiq_description/lib/python3.10/site-packages:/home/yu/Desktop/github/arm_gripper_sim/robotic_arm_ws/install/robotiq_description/lib/python3.10/site-packages:/home/yu/Desktop/github/arm_gripper_sim/robotic_arm_ws/install/e05_pro/lib/python3.10/site-packages:/home/yu/Desktop/github/ackermann_car/install/ackermann_car/lib/python3.10/site-packages:/opt/ros/humble/lib/python3.10/site-packages:/opt/ros/humble/local/lib/python3.10/dist-packages /usr/bin/cmake --build /home/yu/Desktop/robotic_arm_ws/build/e05_moveit -- -j16 -l16
[1.204s] DEBUG:colcon.colcon_core.event_handler.log_command:Invoking command in '/home/yu/Desktop/robotic_arm_ws/build/e05_moveit': AMENT_PREFIX_PATH=/home/yu/Desktop/robotic_arm_ws/install/e05_pro:/home/yu/Desktop/robotic_arm_ws/install/robotiq_description:/home/yu/Desktop/robotic_arm_ws/install/roboticsgroup_upatras_gazebo_plugins:/home/yu/Desktop/robotic_arm_ws/install/e05_moveit:/home/yu/Desktop/github/arm_gripper_sim/robotic_arm_ws/install/robotiq_description:/home/yu/Desktop/github/arm_gripper_sim/robotic_arm_ws/install/roboticsgroup_upatras_gazebo_plugins:/home/yu/Desktop/github/arm_gripper_sim/robotic_arm_ws/install/e05_moveit:/home/yu/Desktop/github/arm_gripper_sim/robotic_arm_ws/install/e05_pro:/home/yu/Desktop/github/ackermann_car/install/ackermann_car:/opt/ros/humble CMAKE_PREFIX_PATH=${CMAKE_PREFIX_PATH}:/home/yu/Desktop/robotic_arm_ws/install/robotiq_description:/home/yu/Desktop/robotic_arm_ws/install/e05_pro:/home/yu/Desktop/github/arm_gripper_sim/robotic_arm_ws/install/robotiq_description:/home/yu/Desktop/github/arm_gripper_sim/robotic_arm_ws/install/e05_pro:/home/yu/Desktop/github/ackermann_car/install/ackermann_car:/opt/ros/humble PYTHONPATH=/home/yu/Desktop/robotic_arm_ws/install/e05_pro/lib/python3.10/site-packages:/home/yu/Desktop/robotic_arm_ws/install/robotiq_description/lib/python3.10/site-packages:/home/yu/Desktop/github/arm_gripper_sim/robotic_arm_ws/install/robotiq_description/lib/python3.10/site-packages:/home/yu/Desktop/github/arm_gripper_sim/robotic_arm_ws/install/e05_pro/lib/python3.10/site-packages:/home/yu/Desktop/github/ackermann_car/install/ackermann_car/lib/python3.10/site-packages:/opt/ros/humble/lib/python3.10/site-packages:/opt/ros/humble/local/lib/python3.10/dist-packages /usr/bin/cmake --install /home/yu/Desktop/robotic_arm_ws/build/e05_moveit
[1.215s] Level 1:colcon.colcon_core.environment:create_environment_scripts_only(e05_moveit)
[1.216s] Level 1:colcon.colcon_core.environment:checking '/home/yu/Desktop/robotic_arm_ws/install/e05_moveit' for CMake module files
[1.217s] Level 1:colcon.colcon_core.environment:checking '/home/yu/Desktop/robotic_arm_ws/install/e05_moveit' for CMake config files
[1.218s] DEBUG:colcon.colcon_core.event_handler.log_command:Invoked command in '/home/yu/Desktop/robotic_arm_ws/build/e05_moveit' returned '0': AMENT_PREFIX_PATH=/home/yu/Desktop/robotic_arm_ws/install/e05_pro:/home/yu/Desktop/robotic_arm_ws/install/robotiq_description:/home/yu/Desktop/robotic_arm_ws/install/roboticsgroup_upatras_gazebo_plugins:/home/yu/Desktop/robotic_arm_ws/install/e05_moveit:/home/yu/Desktop/github/arm_gripper_sim/robotic_arm_ws/install/robotiq_description:/home/yu/Desktop/github/arm_gripper_sim/robotic_arm_ws/install/roboticsgroup_upatras_gazebo_plugins:/home/yu/Desktop/github/arm_gripper_sim/robotic_arm_ws/install/e05_moveit:/home/yu/Desktop/github/arm_gripper_sim/robotic_arm_ws/install/e05_pro:/home/yu/Desktop/github/ackermann_car/install/ackermann_car:/opt/ros/humble CMAKE_PREFIX_PATH=${CMAKE_PREFIX_PATH}:/home/yu/Desktop/robotic_arm_ws/install/robotiq_description:/home/yu/Desktop/robotic_arm_ws/install/e05_pro:/home/yu/Desktop/github/arm_gripper_sim/robotic_arm_ws/install/robotiq_description:/home/yu/Desktop/github/arm_gripper_sim/robotic_arm_ws/install/e05_pro:/home/yu/Desktop/github/ackermann_car/install/ackermann_car:/opt/ros/humble PYTHONPATH=/home/yu/Desktop/robotic_arm_ws/install/e05_pro/lib/python3.10/site-packages:/home/yu/Desktop/robotic_arm_ws/install/robotiq_description/lib/python3.10/site-packages:/home/yu/Desktop/github/arm_gripper_sim/robotic_arm_ws/install/robotiq_description/lib/python3.10/site-packages:/home/yu/Desktop/github/arm_gripper_sim/robotic_arm_ws/install/e05_pro/lib/python3.10/site-packages:/home/yu/Desktop/github/ackermann_car/install/ackermann_car/lib/python3.10/site-packages:/opt/ros/humble/lib/python3.10/site-packages:/opt/ros/humble/local/lib/python3.10/dist-packages /usr/bin/cmake --install /home/yu/Desktop/robotic_arm_ws/build/e05_moveit
[1.218s] Level 1:colcon.colcon_core.shell:create_environment_hook('e05_moveit', 'cmake_prefix_path')
[1.218s] INFO:colcon.colcon_core.shell:Creating environment hook '/home/yu/Desktop/robotic_arm_ws/install/e05_moveit/share/e05_moveit/hook/cmake_prefix_path.ps1'
[1.219s] INFO:colcon.colcon_core.shell:Creating environment descriptor '/home/yu/Desktop/robotic_arm_ws/install/e05_moveit/share/e05_moveit/hook/cmake_prefix_path.dsv'
[1.219s] INFO:colcon.colcon_core.shell:Creating environment hook '/home/yu/Desktop/robotic_arm_ws/install/e05_moveit/share/e05_moveit/hook/cmake_prefix_path.sh'
[1.220s] Level 1:colcon.colcon_core.environment:checking '/home/yu/Desktop/robotic_arm_ws/install/e05_moveit/bin'
[1.220s] Level 1:colcon.colcon_core.environment:checking '/home/yu/Desktop/robotic_arm_ws/install/e05_moveit/lib/pkgconfig/e05_moveit.pc'
[1.220s] Level 1:colcon.colcon_core.environment:checking '/home/yu/Desktop/robotic_arm_ws/install/e05_moveit/lib/python3.10/site-packages'
[1.220s] Level 1:colcon.colcon_core.environment:checking '/home/yu/Desktop/robotic_arm_ws/install/e05_moveit/bin'
[1.221s] INFO:colcon.colcon_core.shell:Creating package script '/home/yu/Desktop/robotic_arm_ws/install/e05_moveit/share/e05_moveit/package.ps1'
[1.221s] INFO:colcon.colcon_core.shell:Creating package descriptor '/home/yu/Desktop/robotic_arm_ws/install/e05_moveit/share/e05_moveit/package.dsv'
[1.221s] INFO:colcon.colcon_core.shell:Creating package script '/home/yu/Desktop/robotic_arm_ws/install/e05_moveit/share/e05_moveit/package.sh'
[1.222s] INFO:colcon.colcon_core.shell:Creating package script '/home/yu/Desktop/robotic_arm_ws/install/e05_moveit/share/e05_moveit/package.bash'
[1.222s] INFO:colcon.colcon_core.shell:Creating package script '/home/yu/Desktop/robotic_arm_ws/install/e05_moveit/share/e05_moveit/package.zsh'
[1.222s] Level 1:colcon.colcon_core.environment:create_file_with_runtime_dependencies(/home/yu/Desktop/robotic_arm_ws/install/e05_moveit/share/colcon-core/packages/e05_moveit)
[1.223s] Level 1:colcon.colcon_core.environment:create_environment_scripts_only(e05_moveit)
[1.223s] Level 1:colcon.colcon_core.environment:checking '/home/yu/Desktop/robotic_arm_ws/install/e05_moveit' for CMake module files
[1.223s] Level 1:colcon.colcon_core.environment:checking '/home/yu/Desktop/robotic_arm_ws/install/e05_moveit' for CMake config files
[1.224s] Level 1:colcon.colcon_core.shell:create_environment_hook('e05_moveit', 'cmake_prefix_path')
[1.224s] INFO:colcon.colcon_core.shell:Creating environment hook '/home/yu/Desktop/robotic_arm_ws/install/e05_moveit/share/e05_moveit/hook/cmake_prefix_path.ps1'
[1.224s] INFO:colcon.colcon_core.shell:Creating environment descriptor '/home/yu/Desktop/robotic_arm_ws/install/e05_moveit/share/e05_moveit/hook/cmake_prefix_path.dsv'
[1.225s] INFO:colcon.colcon_core.shell:Creating environment hook '/home/yu/Desktop/robotic_arm_ws/install/e05_moveit/share/e05_moveit/hook/cmake_prefix_path.sh'
[1.225s] Level 1:colcon.colcon_core.environment:checking '/home/yu/Desktop/robotic_arm_ws/install/e05_moveit/bin'
[1.225s] Level 1:colcon.colcon_core.environment:checking '/home/yu/Desktop/robotic_arm_ws/install/e05_moveit/lib/pkgconfig/e05_moveit.pc'
[1.226s] Level 1:colcon.colcon_core.environment:checking '/home/yu/Desktop/robotic_arm_ws/install/e05_moveit/lib/python3.10/site-packages'
[1.226s] Level 1:colcon.colcon_core.environment:checking '/home/yu/Desktop/robotic_arm_ws/install/e05_moveit/bin'
[1.226s] INFO:colcon.colcon_core.shell:Creating package script '/home/yu/Desktop/robotic_arm_ws/install/e05_moveit/share/e05_moveit/package.ps1'
[1.227s] INFO:colcon.colcon_core.shell:Creating package descriptor '/home/yu/Desktop/robotic_arm_ws/install/e05_moveit/share/e05_moveit/package.dsv'
[1.227s] INFO:colcon.colcon_core.shell:Creating package script '/home/yu/Desktop/robotic_arm_ws/install/e05_moveit/share/e05_moveit/package.sh'
[1.227s] INFO:colcon.colcon_core.shell:Creating package script '/home/yu/Desktop/robotic_arm_ws/install/e05_moveit/share/e05_moveit/package.bash'
[1.228s] INFO:colcon.colcon_core.shell:Creating package script '/home/yu/Desktop/robotic_arm_ws/install/e05_moveit/share/e05_moveit/package.zsh'
[1.228s] Level 1:colcon.colcon_core.environment:create_file_with_runtime_dependencies(/home/yu/Desktop/robotic_arm_ws/install/e05_moveit/share/colcon-core/packages/e05_moveit)
[1.228s] DEBUG:colcon.colcon_parallel_executor.executor.parallel:closing loop
[1.229s] DEBUG:colcon.colcon_parallel_executor.executor.parallel:loop closed
[1.229s] DEBUG:colcon.colcon_parallel_executor.executor.parallel:run_until_complete finished with '0'
[1.229s] DEBUG:colcon.colcon_core.event_reactor:joining thread
[1.234s] INFO:colcon.colcon_core.plugin_system:Skipping extension 'colcon_notification.desktop_notification.terminal_notifier': Not used on non-Darwin systems
[1.234s] INFO:colcon.colcon_core.plugin_system:Skipping extension 'colcon_notification.desktop_notification.win32': Not used on non-Windows systems
[1.234s] INFO:colcon.colcon_notification.desktop_notification:Sending desktop notification using 'notify2'
[1.249s] DEBUG:colcon.colcon_core.event_reactor:joined thread
[1.249s] INFO:colcon.colcon_core.shell:Creating prefix script '/home/yu/Desktop/robotic_arm_ws/install/local_setup.ps1'
[1.250s] INFO:colcon.colcon_core.shell:Creating prefix util module '/home/yu/Desktop/robotic_arm_ws/install/_local_setup_util_ps1.py'
[1.251s] INFO:colcon.colcon_core.shell:Creating prefix chain script '/home/yu/Desktop/robotic_arm_ws/install/setup.ps1'
[1.253s] INFO:colcon.colcon_core.shell:Creating prefix script '/home/yu/Desktop/robotic_arm_ws/install/local_setup.sh'
[1.253s] INFO:colcon.colcon_core.shell:Creating prefix util module '/home/yu/Desktop/robotic_arm_ws/install/_local_setup_util_sh.py'
[1.254s] INFO:colcon.colcon_core.shell:Creating prefix chain script '/home/yu/Desktop/robotic_arm_ws/install/setup.sh'
[1.255s] INFO:colcon.colcon_core.shell:Creating prefix script '/home/yu/Desktop/robotic_arm_ws/install/local_setup.bash'
[1.260s] INFO:colcon.colcon_core.shell:Creating prefix chain script '/home/yu/Desktop/robotic_arm_ws/install/setup.bash'
[1.262s] INFO:colcon.colcon_core.shell:Creating prefix script '/home/yu/Desktop/robotic_arm_ws/install/local_setup.zsh'
[1.263s] INFO:colcon.colcon_core.shell:Creating prefix chain script '/home/yu/Desktop/robotic_arm_ws/install/setup.zsh'
