running egg_info
creating ../../build/e05_pro/e05_pro.egg-info
writing ../../build/e05_pro/e05_pro.egg-info/PKG-INFO
writing dependency_links to ../../build/e05_pro/e05_pro.egg-info/dependency_links.txt
writing entry points to ../../build/e05_pro/e05_pro.egg-info/entry_points.txt
writing requirements to ../../build/e05_pro/e05_pro.egg-info/requires.txt
writing top-level names to ../../build/e05_pro/e05_pro.egg-info/top_level.txt
writing manifest file '../../build/e05_pro/e05_pro.egg-info/SOURCES.txt'
reading manifest file '../../build/e05_pro/e05_pro.egg-info/SOURCES.txt'
writing manifest file '../../build/e05_pro/e05_pro.egg-info/SOURCES.txt'
running build
running install
running install_data
creating /home/yu/Desktop/robotic_arm_ws/install/e05_pro/share/ament_index
creating /home/yu/Desktop/robotic_arm_ws/install/e05_pro/share/ament_index/resource_index
creating /home/yu/Desktop/robotic_arm_ws/install/e05_pro/share/ament_index/resource_index/packages
copying resource/e05_pro -> /home/yu/Desktop/robotic_arm_ws/install/e05_pro/share/ament_index/resource_index/packages
copying package.xml -> /home/yu/Desktop/robotic_arm_ws/install/e05_pro/share/e05_pro
creating /home/yu/Desktop/robotic_arm_ws/install/e05_pro/share/e05_pro/launch
copying launch/display.launch.py -> /home/yu/Desktop/robotic_arm_ws/install/e05_pro/share/e05_pro/launch
copying launch/gazebo_moviet_bringup.launch.py -> /home/yu/Desktop/robotic_arm_ws/install/e05_pro/share/e05_pro/launch
copying launch/gazebo.launch.py -> /home/yu/Desktop/robotic_arm_ws/install/e05_pro/share/e05_pro/launch
creating /home/yu/Desktop/robotic_arm_ws/install/e05_pro/share/e05_pro/meshes
creating /home/yu/Desktop/robotic_arm_ws/install/e05_pro/share/e05_pro/meshes/visual
copying meshes/visual/link5.STL -> /home/yu/Desktop/robotic_arm_ws/install/e05_pro/share/e05_pro/meshes/visual
copying meshes/visual/base_link.STL -> /home/yu/Desktop/robotic_arm_ws/install/e05_pro/share/e05_pro/meshes/visual
copying meshes/visual/link3.STL -> /home/yu/Desktop/robotic_arm_ws/install/e05_pro/share/e05_pro/meshes/visual
copying meshes/visual/link6.STL -> /home/yu/Desktop/robotic_arm_ws/install/e05_pro/share/e05_pro/meshes/visual
copying meshes/visual/link2.STL -> /home/yu/Desktop/robotic_arm_ws/install/e05_pro/share/e05_pro/meshes/visual
copying meshes/visual/link1.STL -> /home/yu/Desktop/robotic_arm_ws/install/e05_pro/share/e05_pro/meshes/visual
copying meshes/visual/link4.STL -> /home/yu/Desktop/robotic_arm_ws/install/e05_pro/share/e05_pro/meshes/visual
creating /home/yu/Desktop/robotic_arm_ws/install/e05_pro/share/e05_pro/meshes/collision
copying meshes/collision/link5.STL -> /home/yu/Desktop/robotic_arm_ws/install/e05_pro/share/e05_pro/meshes/collision
copying meshes/collision/base_link.STL -> /home/yu/Desktop/robotic_arm_ws/install/e05_pro/share/e05_pro/meshes/collision
copying meshes/collision/link3.STL -> /home/yu/Desktop/robotic_arm_ws/install/e05_pro/share/e05_pro/meshes/collision
copying meshes/collision/link6.STL -> /home/yu/Desktop/robotic_arm_ws/install/e05_pro/share/e05_pro/meshes/collision
copying meshes/collision/link2.STL -> /home/yu/Desktop/robotic_arm_ws/install/e05_pro/share/e05_pro/meshes/collision
copying meshes/collision/link1.STL -> /home/yu/Desktop/robotic_arm_ws/install/e05_pro/share/e05_pro/meshes/collision
copying meshes/collision/link4.STL -> /home/yu/Desktop/robotic_arm_ws/install/e05_pro/share/e05_pro/meshes/collision
creating /home/yu/Desktop/robotic_arm_ws/install/e05_pro/share/e05_pro/config
copying config/E05_Pro.yaml -> /home/yu/Desktop/robotic_arm_ws/install/e05_pro/share/e05_pro/config
creating /home/yu/Desktop/robotic_arm_ws/install/e05_pro/share/e05_pro/urdf
copying urdf/E05_Pro.urdf.xacro -> /home/yu/Desktop/robotic_arm_ws/install/e05_pro/share/e05_pro/urdf
copying urdf/e05.xacro -> /home/yu/Desktop/robotic_arm_ws/install/e05_pro/share/e05_pro/urdf
copying urdf/gazebo.xacro -> /home/yu/Desktop/robotic_arm_ws/install/e05_pro/share/e05_pro/urdf
running install_egg_info
Copying ../../build/e05_pro/e05_pro.egg-info to /home/yu/Desktop/robotic_arm_ws/install/e05_pro/lib/python3.10/site-packages/e05_pro-0.0.0-py3.10.egg-info
running install_scripts
writing list of installed files to '/home/yu/Desktop/robotic_arm_ws/build/e05_pro/install.log'
