[0.015s] Invoking command in '/home/yu/Desktop/robotic_arm_ws/build/e05_moveit': CMAKE_PREFIX_PATH=/home/yu/Desktop/robotic_arm_ws/install/e05_pro:/opt/ros/humble PYTHONPATH=/home/yu/Desktop/robotic_arm_ws/install/e05_pro/lib/python3.10/site-packages:/home/yu/Desktop/robotic_arm_ws/install/robotiq_description/lib/python3.10/site-packages:/opt/ros/humble/lib/python3.10/site-packages:/opt/ros/humble/local/lib/python3.10/dist-packages /usr/bin/cmake /home/yu/Desktop/robotic_arm_ws/src/e05_moveit -DCMAKE_INSTALL_PREFIX=/home/yu/Desktop/robotic_arm_ws/install/e05_moveit
[0.061s] -- The C compiler identification is GNU 11.4.0
[0.118s] -- The CXX compiler identification is GNU 11.4.0
[0.124s] -- Detecting C compiler ABI info
[0.186s] -- Detecting C compiler ABI info - done
[0.191s] -- Check for working C compiler: /usr/bin/cc - skipped
[0.192s] -- Detecting C compile features
[0.192s] -- Detecting C compile features - done
[0.194s] -- Detecting CXX compiler ABI info
[0.266s] -- Detecting CXX compiler ABI info - done
[0.271s] -- Check for working CXX compiler: /usr/bin/c++ - skipped
[0.272s] -- Detecting CXX compile features
[0.272s] -- Detecting CXX compile features - done
[0.274s] -- Found ament_cmake: 1.3.14 (/opt/ros/humble/share/ament_cmake/cmake)
[0.392s] -- Found Python3: /usr/bin/python3 (found version "3.10.12") found components: Interpreter 
[0.507s] -- Configuring done
[0.509s] -- Generating done
[0.511s] -- Build files have been written to: /home/yu/Desktop/robotic_arm_ws/build/e05_moveit
[0.514s] Invoked command in '/home/yu/Desktop/robotic_arm_ws/build/e05_moveit' returned '0': CMAKE_PREFIX_PATH=/home/yu/Desktop/robotic_arm_ws/install/e05_pro:/opt/ros/humble PYTHONPATH=/home/yu/Desktop/robotic_arm_ws/install/e05_pro/lib/python3.10/site-packages:/home/yu/Desktop/robotic_arm_ws/install/robotiq_description/lib/python3.10/site-packages:/opt/ros/humble/lib/python3.10/site-packages:/opt/ros/humble/local/lib/python3.10/dist-packages /usr/bin/cmake /home/yu/Desktop/robotic_arm_ws/src/e05_moveit -DCMAKE_INSTALL_PREFIX=/home/yu/Desktop/robotic_arm_ws/install/e05_moveit
[0.516s] Invoking command in '/home/yu/Desktop/robotic_arm_ws/build/e05_moveit': CMAKE_PREFIX_PATH=/home/yu/Desktop/robotic_arm_ws/install/e05_pro:/opt/ros/humble PYTHONPATH=/home/yu/Desktop/robotic_arm_ws/install/e05_pro/lib/python3.10/site-packages:/home/yu/Desktop/robotic_arm_ws/install/robotiq_description/lib/python3.10/site-packages:/opt/ros/humble/lib/python3.10/site-packages:/opt/ros/humble/local/lib/python3.10/dist-packages /usr/bin/cmake --build /home/yu/Desktop/robotic_arm_ws/build/e05_moveit -- -j16 -l16
[0.547s] Invoked command in '/home/yu/Desktop/robotic_arm_ws/build/e05_moveit' returned '0': CMAKE_PREFIX_PATH=/home/yu/Desktop/robotic_arm_ws/install/e05_pro:/opt/ros/humble PYTHONPATH=/home/yu/Desktop/robotic_arm_ws/install/e05_pro/lib/python3.10/site-packages:/home/yu/Desktop/robotic_arm_ws/install/robotiq_description/lib/python3.10/site-packages:/opt/ros/humble/lib/python3.10/site-packages:/opt/ros/humble/local/lib/python3.10/dist-packages /usr/bin/cmake --build /home/yu/Desktop/robotic_arm_ws/build/e05_moveit -- -j16 -l16
[0.556s] Invoking command in '/home/yu/Desktop/robotic_arm_ws/build/e05_moveit': CMAKE_PREFIX_PATH=/home/yu/Desktop/robotic_arm_ws/install/e05_pro:/opt/ros/humble PYTHONPATH=/home/yu/Desktop/robotic_arm_ws/install/e05_pro/lib/python3.10/site-packages:/home/yu/Desktop/robotic_arm_ws/install/robotiq_description/lib/python3.10/site-packages:/opt/ros/humble/lib/python3.10/site-packages:/opt/ros/humble/local/lib/python3.10/dist-packages /usr/bin/cmake --install /home/yu/Desktop/robotic_arm_ws/build/e05_moveit
[0.561s] -- Install configuration: ""
[0.561s] -- Installing: /home/yu/Desktop/robotic_arm_ws/install/e05_moveit/share/ament_index/resource_index/package_run_dependencies/e05_moveit
[0.561s] -- Installing: /home/yu/Desktop/robotic_arm_ws/install/e05_moveit/share/ament_index/resource_index/parent_prefix_path/e05_moveit
[0.562s] -- Installing: /home/yu/Desktop/robotic_arm_ws/install/e05_moveit/share/e05_moveit/environment/ament_prefix_path.sh
[0.562s] -- Installing: /home/yu/Desktop/robotic_arm_ws/install/e05_moveit/share/e05_moveit/environment/ament_prefix_path.dsv
[0.562s] -- Installing: /home/yu/Desktop/robotic_arm_ws/install/e05_moveit/share/e05_moveit/environment/path.sh
[0.562s] -- Installing: /home/yu/Desktop/robotic_arm_ws/install/e05_moveit/share/e05_moveit/environment/path.dsv
[0.562s] -- Installing: /home/yu/Desktop/robotic_arm_ws/install/e05_moveit/share/e05_moveit/local_setup.bash
[0.562s] -- Installing: /home/yu/Desktop/robotic_arm_ws/install/e05_moveit/share/e05_moveit/local_setup.sh
[0.562s] -- Installing: /home/yu/Desktop/robotic_arm_ws/install/e05_moveit/share/e05_moveit/local_setup.zsh
[0.562s] -- Installing: /home/yu/Desktop/robotic_arm_ws/install/e05_moveit/share/e05_moveit/local_setup.dsv
[0.562s] -- Installing: /home/yu/Desktop/robotic_arm_ws/install/e05_moveit/share/e05_moveit/package.dsv
[0.562s] -- Installing: /home/yu/Desktop/robotic_arm_ws/install/e05_moveit/share/ament_index/resource_index/packages/e05_moveit
[0.563s] -- Installing: /home/yu/Desktop/robotic_arm_ws/install/e05_moveit/share/e05_moveit/cmake/e05_moveitConfig.cmake
[0.563s] -- Installing: /home/yu/Desktop/robotic_arm_ws/install/e05_moveit/share/e05_moveit/cmake/e05_moveitConfig-version.cmake
[0.563s] -- Installing: /home/yu/Desktop/robotic_arm_ws/install/e05_moveit/share/e05_moveit/package.xml
[0.563s] -- Installing: /home/yu/Desktop/robotic_arm_ws/install/e05_moveit/share/e05_moveit/launch
[0.563s] -- Installing: /home/yu/Desktop/robotic_arm_ws/install/e05_moveit/share/e05_moveit/launch/warehouse_db.launch.py
[0.563s] -- Installing: /home/yu/Desktop/robotic_arm_ws/install/e05_moveit/share/e05_moveit/launch/moveit_rviz.launch.py
[0.564s] -- Installing: /home/yu/Desktop/robotic_arm_ws/install/e05_moveit/share/e05_moveit/launch/setup_assistant.launch.py
[0.564s] -- Installing: /home/yu/Desktop/robotic_arm_ws/install/e05_moveit/share/e05_moveit/launch/static_virtual_joint_tfs.launch.py
[0.564s] -- Installing: /home/yu/Desktop/robotic_arm_ws/install/e05_moveit/share/e05_moveit/launch/spawn_controllers.launch.py
[0.564s] -- Installing: /home/yu/Desktop/robotic_arm_ws/install/e05_moveit/share/e05_moveit/launch/demo.launch.py
[0.564s] -- Installing: /home/yu/Desktop/robotic_arm_ws/install/e05_moveit/share/e05_moveit/launch/move_group.launch.py
[0.564s] -- Installing: /home/yu/Desktop/robotic_arm_ws/install/e05_moveit/share/e05_moveit/launch/rsp.launch.py
[0.564s] -- Installing: /home/yu/Desktop/robotic_arm_ws/install/e05_moveit/share/e05_moveit/config
[0.565s] -- Installing: /home/yu/Desktop/robotic_arm_ws/install/e05_moveit/share/e05_moveit/config/initial_positions.yaml
[0.566s] -- Installing: /home/yu/Desktop/robotic_arm_ws/install/e05_moveit/share/e05_moveit/config/e05.srdf
[0.566s] -- Installing: /home/yu/Desktop/robotic_arm_ws/install/e05_moveit/share/e05_moveit/config/e05.urdf.xacro
[0.566s] -- Installing: /home/yu/Desktop/robotic_arm_ws/install/e05_moveit/share/e05_moveit/config/kinematics.yaml
[0.567s] -- Installing: /home/yu/Desktop/robotic_arm_ws/install/e05_moveit/share/e05_moveit/config/ros2_controllers.yaml
[0.567s] -- Installing: /home/yu/Desktop/robotic_arm_ws/install/e05_moveit/share/e05_moveit/config/e05.ros2_control.xacro
[0.567s] -- Installing: /home/yu/Desktop/robotic_arm_ws/install/e05_moveit/share/e05_moveit/config/moveit.rviz
[0.568s] -- Installing: /home/yu/Desktop/robotic_arm_ws/install/e05_moveit/share/e05_moveit/config/pilz_cartesian_limits.yaml
[0.568s] -- Installing: /home/yu/Desktop/robotic_arm_ws/install/e05_moveit/share/e05_moveit/config/moveit_controllers.yaml
[0.568s] -- Installing: /home/yu/Desktop/robotic_arm_ws/install/e05_moveit/share/e05_moveit/config/joint_limits.yaml
[0.569s] -- Installing: /home/yu/Desktop/robotic_arm_ws/install/e05_moveit/share/e05_moveit/.setup_assistant
[0.569s] Invoked command in '/home/yu/Desktop/robotic_arm_ws/build/e05_moveit' returned '0': CMAKE_PREFIX_PATH=/home/yu/Desktop/robotic_arm_ws/install/e05_pro:/opt/ros/humble PYTHONPATH=/home/yu/Desktop/robotic_arm_ws/install/e05_pro/lib/python3.10/site-packages:/home/yu/Desktop/robotic_arm_ws/install/robotiq_description/lib/python3.10/site-packages:/opt/ros/humble/lib/python3.10/site-packages:/opt/ros/humble/local/lib/python3.10/dist-packages /usr/bin/cmake --install /home/yu/Desktop/robotic_arm_ws/build/e05_moveit
