[0.069s] DEBUG:colcon:Command line arguments: ['/usr/bin/colcon', 'build']
[0.069s] DEBUG:colcon:Parsed command line arguments: Namespace(log_base=None, log_level=None, verb_name='build', build_base='build', install_base='install', merge_install=False, symlink_install=False, test_result_base=None, continue_on_error=False, executor='parallel', parallel_workers=16, event_handlers=None, ignore_user_meta=False, metas=['./colcon.meta'], base_paths=['.'], packages_ignore=None, packages_ignore_regex=None, paths=None, packages_up_to=None, packages_up_to_regex=None, packages_above=None, packages_above_and_dependencies=None, packages_above_depth=None, packages_select_by_dep=None, packages_skip_by_dep=None, packages_skip_up_to=None, packages_select_build_failed=False, packages_skip_build_finished=False, packages_select_test_failures=False, packages_skip_test_passed=False, packages_select=None, packages_skip=None, packages_select_regex=None, packages_skip_regex=None, packages_start=None, packages_end=None, allow_overriding=[], cmake_args=None, cmake_target=None, cmake_target_skip_unavailable=False, cmake_clean_cache=False, cmake_clean_first=False, cmake_force_configure=False, ament_cmake_args=None, catkin_cmake_args=None, catkin_skip_building_tests=False, verb_parser=<colcon_defaults.argument_parser.defaults.DefaultArgumentsDecorator object at 0x7f0e2ee3da20>, verb_extension=<colcon_core.verb.build.BuildVerb object at 0x7f0e2ef42ef0>, main=<bound method BuildVerb.main of <colcon_core.verb.build.BuildVerb object at 0x7f0e2ef42ef0>>)
[0.178s] Level 1:colcon.colcon_core.package_discovery:discover_packages(colcon_meta) check parameters
[0.178s] Level 1:colcon.colcon_core.package_discovery:discover_packages(recursive) check parameters
[0.178s] Level 1:colcon.colcon_core.package_discovery:discover_packages(ignore) check parameters
[0.178s] Level 1:colcon.colcon_core.package_discovery:discover_packages(path) check parameters
[0.178s] Level 1:colcon.colcon_core.package_discovery:discover_packages(colcon_meta) discover
[0.179s] Level 1:colcon.colcon_core.package_discovery:discover_packages(recursive) discover
[0.179s] INFO:colcon.colcon_core.package_discovery:Crawling recursively for packages in '/home/yu/Desktop/robotic_arm_ws'
[0.179s] Level 1:colcon.colcon_core.package_identification:_identify(.) by extensions ['ignore', 'ignore_ament_install']
[0.179s] Level 1:colcon.colcon_core.package_identification:_identify(.) by extension 'ignore'
[0.179s] Level 1:colcon.colcon_core.package_identification:_identify(.) by extension 'ignore_ament_install'
[0.179s] Level 1:colcon.colcon_core.package_identification:_identify(.) by extensions ['colcon_pkg']
[0.179s] Level 1:colcon.colcon_core.package_identification:_identify(.) by extension 'colcon_pkg'
[0.179s] Level 1:colcon.colcon_core.package_identification:_identify(.) by extensions ['colcon_meta']
[0.179s] Level 1:colcon.colcon_core.package_identification:_identify(.) by extension 'colcon_meta'
[0.179s] Level 1:colcon.colcon_core.package_identification:_identify(.) by extensions ['ros']
[0.179s] Level 1:colcon.colcon_core.package_identification:_identify(.) by extension 'ros'
[0.186s] Level 1:colcon.colcon_core.package_identification:_identify(.) by extensions ['cmake', 'python']
[0.186s] Level 1:colcon.colcon_core.package_identification:_identify(.) by extension 'cmake'
[0.186s] Level 1:colcon.colcon_core.package_identification:_identify(.) by extension 'python'
[0.186s] Level 1:colcon.colcon_core.package_identification:_identify(.) by extensions ['python_setup_py']
[0.186s] Level 1:colcon.colcon_core.package_identification:_identify(.) by extension 'python_setup_py'
[0.186s] Level 1:colcon.colcon_core.package_identification:_identify(build) by extensions ['ignore', 'ignore_ament_install']
[0.186s] Level 1:colcon.colcon_core.package_identification:_identify(build) by extension 'ignore'
[0.186s] Level 1:colcon.colcon_core.package_identification:_identify(build) ignored
[0.186s] Level 1:colcon.colcon_core.package_identification:_identify(install) by extensions ['ignore', 'ignore_ament_install']
[0.187s] Level 1:colcon.colcon_core.package_identification:_identify(install) by extension 'ignore'
[0.187s] Level 1:colcon.colcon_core.package_identification:_identify(install) ignored
[0.187s] Level 1:colcon.colcon_core.package_identification:_identify(log) by extensions ['ignore', 'ignore_ament_install']
[0.187s] Level 1:colcon.colcon_core.package_identification:_identify(log) by extension 'ignore'
[0.187s] Level 1:colcon.colcon_core.package_identification:_identify(log) ignored
[0.187s] Level 1:colcon.colcon_core.package_identification:_identify(src) by extensions ['ignore', 'ignore_ament_install']
[0.187s] Level 1:colcon.colcon_core.package_identification:_identify(src) by extension 'ignore'
[0.187s] Level 1:colcon.colcon_core.package_identification:_identify(src) by extension 'ignore_ament_install'
[0.187s] Level 1:colcon.colcon_core.package_identification:_identify(src) by extensions ['colcon_pkg']
[0.187s] Level 1:colcon.colcon_core.package_identification:_identify(src) by extension 'colcon_pkg'
[0.187s] Level 1:colcon.colcon_core.package_identification:_identify(src) by extensions ['colcon_meta']
[0.187s] Level 1:colcon.colcon_core.package_identification:_identify(src) by extension 'colcon_meta'
[0.187s] Level 1:colcon.colcon_core.package_identification:_identify(src) by extensions ['ros']
[0.187s] Level 1:colcon.colcon_core.package_identification:_identify(src) by extension 'ros'
[0.187s] Level 1:colcon.colcon_core.package_identification:_identify(src) by extensions ['cmake', 'python']
[0.187s] Level 1:colcon.colcon_core.package_identification:_identify(src) by extension 'cmake'
[0.187s] Level 1:colcon.colcon_core.package_identification:_identify(src) by extension 'python'
[0.187s] Level 1:colcon.colcon_core.package_identification:_identify(src) by extensions ['python_setup_py']
[0.187s] Level 1:colcon.colcon_core.package_identification:_identify(src) by extension 'python_setup_py'
[0.187s] Level 1:colcon.colcon_core.package_identification:_identify(src/e05_moveit) by extensions ['ignore', 'ignore_ament_install']
[0.187s] Level 1:colcon.colcon_core.package_identification:_identify(src/e05_moveit) by extension 'ignore'
[0.187s] Level 1:colcon.colcon_core.package_identification:_identify(src/e05_moveit) by extension 'ignore_ament_install'
[0.187s] Level 1:colcon.colcon_core.package_identification:_identify(src/e05_moveit) by extensions ['colcon_pkg']
[0.187s] Level 1:colcon.colcon_core.package_identification:_identify(src/e05_moveit) by extension 'colcon_pkg'
[0.188s] Level 1:colcon.colcon_core.package_identification:_identify(src/e05_moveit) by extensions ['colcon_meta']
[0.188s] Level 1:colcon.colcon_core.package_identification:_identify(src/e05_moveit) by extension 'colcon_meta'
[0.188s] Level 1:colcon.colcon_core.package_identification:_identify(src/e05_moveit) by extensions ['ros']
[0.188s] Level 1:colcon.colcon_core.package_identification:_identify(src/e05_moveit) by extension 'ros'
[0.189s] DEBUG:colcon.colcon_core.package_identification:Package 'src/e05_moveit' with type 'ros.ament_cmake' and name 'e05_moveit'
[0.189s] Level 1:colcon.colcon_core.package_identification:_identify(src/e05_pro) by extensions ['ignore', 'ignore_ament_install']
[0.190s] Level 1:colcon.colcon_core.package_identification:_identify(src/e05_pro) by extension 'ignore'
[0.190s] Level 1:colcon.colcon_core.package_identification:_identify(src/e05_pro) by extension 'ignore_ament_install'
[0.190s] Level 1:colcon.colcon_core.package_identification:_identify(src/e05_pro) by extensions ['colcon_pkg']
[0.190s] Level 1:colcon.colcon_core.package_identification:_identify(src/e05_pro) by extension 'colcon_pkg'
[0.190s] Level 1:colcon.colcon_core.package_identification:_identify(src/e05_pro) by extensions ['colcon_meta']
[0.190s] Level 1:colcon.colcon_core.package_identification:_identify(src/e05_pro) by extension 'colcon_meta'
[0.190s] Level 1:colcon.colcon_core.package_identification:_identify(src/e05_pro) by extensions ['ros']
[0.190s] Level 1:colcon.colcon_core.package_identification:_identify(src/e05_pro) by extension 'ros'
[0.190s] DEBUG:colcon.colcon_core.package_identification:Package 'src/e05_pro' with type 'ros.ament_python' and name 'e05_pro'
[0.190s] Level 1:colcon.colcon_core.package_identification:_identify(src/roboticsgroup_upatras_gazebo_plugins) by extensions ['ignore', 'ignore_ament_install']
[0.190s] Level 1:colcon.colcon_core.package_identification:_identify(src/roboticsgroup_upatras_gazebo_plugins) by extension 'ignore'
[0.190s] Level 1:colcon.colcon_core.package_identification:_identify(src/roboticsgroup_upatras_gazebo_plugins) by extension 'ignore_ament_install'
[0.190s] Level 1:colcon.colcon_core.package_identification:_identify(src/roboticsgroup_upatras_gazebo_plugins) by extensions ['colcon_pkg']
[0.190s] Level 1:colcon.colcon_core.package_identification:_identify(src/roboticsgroup_upatras_gazebo_plugins) by extension 'colcon_pkg'
[0.191s] Level 1:colcon.colcon_core.package_identification:_identify(src/roboticsgroup_upatras_gazebo_plugins) by extensions ['colcon_meta']
[0.191s] Level 1:colcon.colcon_core.package_identification:_identify(src/roboticsgroup_upatras_gazebo_plugins) by extension 'colcon_meta'
[0.191s] Level 1:colcon.colcon_core.package_identification:_identify(src/roboticsgroup_upatras_gazebo_plugins) by extensions ['ros']
[0.191s] Level 1:colcon.colcon_core.package_identification:_identify(src/roboticsgroup_upatras_gazebo_plugins) by extension 'ros'
[0.191s] DEBUG:colcon.colcon_core.package_identification:Package 'src/roboticsgroup_upatras_gazebo_plugins' with type 'ros.ament_cmake' and name 'roboticsgroup_upatras_gazebo_plugins'
[0.191s] Level 1:colcon.colcon_core.package_identification:_identify(src/robotiq_description) by extensions ['ignore', 'ignore_ament_install']
[0.191s] Level 1:colcon.colcon_core.package_identification:_identify(src/robotiq_description) by extension 'ignore'
[0.191s] Level 1:colcon.colcon_core.package_identification:_identify(src/robotiq_description) by extension 'ignore_ament_install'
[0.191s] Level 1:colcon.colcon_core.package_identification:_identify(src/robotiq_description) by extensions ['colcon_pkg']
[0.192s] Level 1:colcon.colcon_core.package_identification:_identify(src/robotiq_description) by extension 'colcon_pkg'
[0.192s] Level 1:colcon.colcon_core.package_identification:_identify(src/robotiq_description) by extensions ['colcon_meta']
[0.192s] Level 1:colcon.colcon_core.package_identification:_identify(src/robotiq_description) by extension 'colcon_meta'
[0.192s] Level 1:colcon.colcon_core.package_identification:_identify(src/robotiq_description) by extensions ['ros']
[0.192s] Level 1:colcon.colcon_core.package_identification:_identify(src/robotiq_description) by extension 'ros'
[0.192s] DEBUG:colcon.colcon_core.package_identification:Package 'src/robotiq_description' with type 'ros.ament_python' and name 'robotiq_description'
[0.192s] Level 1:colcon.colcon_core.package_discovery:discover_packages(recursive) using defaults
[0.192s] Level 1:colcon.colcon_core.package_discovery:discover_packages(ignore) discover
[0.192s] Level 1:colcon.colcon_core.package_discovery:discover_packages(ignore) using defaults
[0.192s] Level 1:colcon.colcon_core.package_discovery:discover_packages(path) discover
[0.192s] Level 1:colcon.colcon_core.package_discovery:discover_packages(path) using defaults
[0.212s] Level 1:colcon.colcon_core.package_discovery:discover_packages(prefix_path) check parameters
[0.212s] Level 1:colcon.colcon_core.package_discovery:discover_packages(prefix_path) discover
[0.213s] DEBUG:colcon.colcon_installed_package_information.package_discovery:Found 4 installed packages in /home/yu/Desktop/robotic_arm_ws/install
[0.213s] DEBUG:colcon.colcon_installed_package_information.package_discovery:Found 4 installed packages in /home/yu/Desktop/github/arm_gripper_sim/robotic_arm_ws/install
[0.214s] DEBUG:colcon.colcon_installed_package_information.package_discovery:Found 2 installed packages in /home/yu/Desktop/github/ackermann_car/install
[0.216s] DEBUG:colcon.colcon_installed_package_information.package_discovery:Found 480 installed packages in /opt/ros/humble
[0.217s] Level 1:colcon.colcon_core.package_discovery:discover_packages(prefix_path) using defaults
[0.251s] Level 5:colcon.colcon_core.verb:set package 'e05_pro' build argument 'cmake_args' from command line to 'None'
[0.251s] Level 5:colcon.colcon_core.verb:set package 'e05_pro' build argument 'cmake_target' from command line to 'None'
[0.251s] Level 5:colcon.colcon_core.verb:set package 'e05_pro' build argument 'cmake_target_skip_unavailable' from command line to 'False'
[0.251s] Level 5:colcon.colcon_core.verb:set package 'e05_pro' build argument 'cmake_clean_cache' from command line to 'False'
[0.251s] Level 5:colcon.colcon_core.verb:set package 'e05_pro' build argument 'cmake_clean_first' from command line to 'False'
[0.251s] Level 5:colcon.colcon_core.verb:set package 'e05_pro' build argument 'cmake_force_configure' from command line to 'False'
[0.251s] Level 5:colcon.colcon_core.verb:set package 'e05_pro' build argument 'ament_cmake_args' from command line to 'None'
[0.251s] Level 5:colcon.colcon_core.verb:set package 'e05_pro' build argument 'catkin_cmake_args' from command line to 'None'
[0.251s] Level 5:colcon.colcon_core.verb:set package 'e05_pro' build argument 'catkin_skip_building_tests' from command line to 'False'
[0.251s] DEBUG:colcon.colcon_core.verb:Building package 'e05_pro' with the following arguments: {'ament_cmake_args': None, 'build_base': '/home/yu/Desktop/robotic_arm_ws/build/e05_pro', 'catkin_cmake_args': None, 'catkin_skip_building_tests': False, 'cmake_args': None, 'cmake_clean_cache': False, 'cmake_clean_first': False, 'cmake_force_configure': False, 'cmake_target': None, 'cmake_target_skip_unavailable': False, 'install_base': '/home/yu/Desktop/robotic_arm_ws/install/e05_pro', 'merge_install': False, 'path': '/home/yu/Desktop/robotic_arm_ws/src/e05_pro', 'symlink_install': False, 'test_result_base': None}
[0.252s] Level 5:colcon.colcon_core.verb:set package 'roboticsgroup_upatras_gazebo_plugins' build argument 'cmake_args' from command line to 'None'
[0.252s] Level 5:colcon.colcon_core.verb:set package 'roboticsgroup_upatras_gazebo_plugins' build argument 'cmake_target' from command line to 'None'
[0.252s] Level 5:colcon.colcon_core.verb:set package 'roboticsgroup_upatras_gazebo_plugins' build argument 'cmake_target_skip_unavailable' from command line to 'False'
[0.252s] Level 5:colcon.colcon_core.verb:set package 'roboticsgroup_upatras_gazebo_plugins' build argument 'cmake_clean_cache' from command line to 'False'
[0.252s] Level 5:colcon.colcon_core.verb:set package 'roboticsgroup_upatras_gazebo_plugins' build argument 'cmake_clean_first' from command line to 'False'
[0.252s] Level 5:colcon.colcon_core.verb:set package 'roboticsgroup_upatras_gazebo_plugins' build argument 'cmake_force_configure' from command line to 'False'
[0.252s] Level 5:colcon.colcon_core.verb:set package 'roboticsgroup_upatras_gazebo_plugins' build argument 'ament_cmake_args' from command line to 'None'
[0.252s] Level 5:colcon.colcon_core.verb:set package 'roboticsgroup_upatras_gazebo_plugins' build argument 'catkin_cmake_args' from command line to 'None'
[0.252s] Level 5:colcon.colcon_core.verb:set package 'roboticsgroup_upatras_gazebo_plugins' build argument 'catkin_skip_building_tests' from command line to 'False'
[0.252s] DEBUG:colcon.colcon_core.verb:Building package 'roboticsgroup_upatras_gazebo_plugins' with the following arguments: {'ament_cmake_args': None, 'build_base': '/home/yu/Desktop/robotic_arm_ws/build/roboticsgroup_upatras_gazebo_plugins', 'catkin_cmake_args': None, 'catkin_skip_building_tests': False, 'cmake_args': None, 'cmake_clean_cache': False, 'cmake_clean_first': False, 'cmake_force_configure': False, 'cmake_target': None, 'cmake_target_skip_unavailable': False, 'install_base': '/home/yu/Desktop/robotic_arm_ws/install/roboticsgroup_upatras_gazebo_plugins', 'merge_install': False, 'path': '/home/yu/Desktop/robotic_arm_ws/src/roboticsgroup_upatras_gazebo_plugins', 'symlink_install': False, 'test_result_base': None}
[0.252s] Level 5:colcon.colcon_core.verb:set package 'robotiq_description' build argument 'cmake_args' from command line to 'None'
[0.252s] Level 5:colcon.colcon_core.verb:set package 'robotiq_description' build argument 'cmake_target' from command line to 'None'
[0.252s] Level 5:colcon.colcon_core.verb:set package 'robotiq_description' build argument 'cmake_target_skip_unavailable' from command line to 'False'
[0.252s] Level 5:colcon.colcon_core.verb:set package 'robotiq_description' build argument 'cmake_clean_cache' from command line to 'False'
[0.252s] Level 5:colcon.colcon_core.verb:set package 'robotiq_description' build argument 'cmake_clean_first' from command line to 'False'
[0.252s] Level 5:colcon.colcon_core.verb:set package 'robotiq_description' build argument 'cmake_force_configure' from command line to 'False'
[0.252s] Level 5:colcon.colcon_core.verb:set package 'robotiq_description' build argument 'ament_cmake_args' from command line to 'None'
[0.252s] Level 5:colcon.colcon_core.verb:set package 'robotiq_description' build argument 'catkin_cmake_args' from command line to 'None'
[0.252s] Level 5:colcon.colcon_core.verb:set package 'robotiq_description' build argument 'catkin_skip_building_tests' from command line to 'False'
[0.252s] DEBUG:colcon.colcon_core.verb:Building package 'robotiq_description' with the following arguments: {'ament_cmake_args': None, 'build_base': '/home/yu/Desktop/robotic_arm_ws/build/robotiq_description', 'catkin_cmake_args': None, 'catkin_skip_building_tests': False, 'cmake_args': None, 'cmake_clean_cache': False, 'cmake_clean_first': False, 'cmake_force_configure': False, 'cmake_target': None, 'cmake_target_skip_unavailable': False, 'install_base': '/home/yu/Desktop/robotic_arm_ws/install/robotiq_description', 'merge_install': False, 'path': '/home/yu/Desktop/robotic_arm_ws/src/robotiq_description', 'symlink_install': False, 'test_result_base': None}
[0.252s] Level 5:colcon.colcon_core.verb:set package 'e05_moveit' build argument 'cmake_args' from command line to 'None'
[0.252s] Level 5:colcon.colcon_core.verb:set package 'e05_moveit' build argument 'cmake_target' from command line to 'None'
[0.252s] Level 5:colcon.colcon_core.verb:set package 'e05_moveit' build argument 'cmake_target_skip_unavailable' from command line to 'False'
[0.252s] Level 5:colcon.colcon_core.verb:set package 'e05_moveit' build argument 'cmake_clean_cache' from command line to 'False'
[0.253s] Level 5:colcon.colcon_core.verb:set package 'e05_moveit' build argument 'cmake_clean_first' from command line to 'False'
[0.253s] Level 5:colcon.colcon_core.verb:set package 'e05_moveit' build argument 'cmake_force_configure' from command line to 'False'
[0.253s] Level 5:colcon.colcon_core.verb:set package 'e05_moveit' build argument 'ament_cmake_args' from command line to 'None'
[0.253s] Level 5:colcon.colcon_core.verb:set package 'e05_moveit' build argument 'catkin_cmake_args' from command line to 'None'
[0.253s] Level 5:colcon.colcon_core.verb:set package 'e05_moveit' build argument 'catkin_skip_building_tests' from command line to 'False'
[0.253s] DEBUG:colcon.colcon_core.verb:Building package 'e05_moveit' with the following arguments: {'ament_cmake_args': None, 'build_base': '/home/yu/Desktop/robotic_arm_ws/build/e05_moveit', 'catkin_cmake_args': None, 'catkin_skip_building_tests': False, 'cmake_args': None, 'cmake_clean_cache': False, 'cmake_clean_first': False, 'cmake_force_configure': False, 'cmake_target': None, 'cmake_target_skip_unavailable': False, 'install_base': '/home/yu/Desktop/robotic_arm_ws/install/e05_moveit', 'merge_install': False, 'path': '/home/yu/Desktop/robotic_arm_ws/src/e05_moveit', 'symlink_install': False, 'test_result_base': None}
[0.253s] INFO:colcon.colcon_core.executor:Executing jobs using 'parallel' executor
[0.253s] DEBUG:colcon.colcon_parallel_executor.executor.parallel:run_until_complete
[0.254s] INFO:colcon.colcon_ros.task.ament_python.build:Building ROS package in '/home/yu/Desktop/robotic_arm_ws/src/e05_pro' with build type 'ament_python'
[0.254s] Level 1:colcon.colcon_core.shell:create_environment_hook('e05_pro', 'ament_prefix_path')
[0.256s] INFO:colcon.colcon_core.plugin_system:Skipping extension 'colcon_core.shell.bat': Not used on non-Windows systems
[0.256s] INFO:colcon.colcon_core.shell:Creating environment hook '/home/yu/Desktop/robotic_arm_ws/install/e05_pro/share/e05_pro/hook/ament_prefix_path.ps1'
[0.256s] INFO:colcon.colcon_core.shell:Creating environment descriptor '/home/yu/Desktop/robotic_arm_ws/install/e05_pro/share/e05_pro/hook/ament_prefix_path.dsv'
[0.257s] INFO:colcon.colcon_core.shell:Creating environment hook '/home/yu/Desktop/robotic_arm_ws/install/e05_pro/share/e05_pro/hook/ament_prefix_path.sh'
[0.257s] INFO:colcon.colcon_core.shell:Skip shell extension 'powershell' for command environment: Not usable outside of PowerShell
[0.258s] DEBUG:colcon.colcon_core.shell:Skip shell extension 'dsv' for command environment
[0.261s] INFO:colcon.colcon_ros.task.ament_cmake.build:Building ROS package in '/home/yu/Desktop/robotic_arm_ws/src/roboticsgroup_upatras_gazebo_plugins' with build type 'ament_cmake'
[0.261s] INFO:colcon.colcon_cmake.task.cmake.build:Building CMake package in '/home/yu/Desktop/robotic_arm_ws/src/roboticsgroup_upatras_gazebo_plugins'
[0.261s] INFO:colcon.colcon_core.shell:Skip shell extension 'powershell' for command environment: Not usable outside of PowerShell
[0.262s] DEBUG:colcon.colcon_core.shell:Skip shell extension 'dsv' for command environment
[0.266s] INFO:colcon.colcon_ros.task.ament_python.build:Building ROS package in '/home/yu/Desktop/robotic_arm_ws/src/robotiq_description' with build type 'ament_python'
[0.266s] Level 1:colcon.colcon_core.shell:create_environment_hook('robotiq_description', 'ament_prefix_path')
[0.266s] INFO:colcon.colcon_core.shell:Creating environment hook '/home/yu/Desktop/robotic_arm_ws/install/robotiq_description/share/robotiq_description/hook/ament_prefix_path.ps1'
[0.267s] INFO:colcon.colcon_core.shell:Creating environment descriptor '/home/yu/Desktop/robotic_arm_ws/install/robotiq_description/share/robotiq_description/hook/ament_prefix_path.dsv'
[0.267s] INFO:colcon.colcon_core.shell:Creating environment hook '/home/yu/Desktop/robotic_arm_ws/install/robotiq_description/share/robotiq_description/hook/ament_prefix_path.sh'
[0.268s] INFO:colcon.colcon_core.shell:Skip shell extension 'powershell' for command environment: Not usable outside of PowerShell
[0.268s] DEBUG:colcon.colcon_core.shell:Skip shell extension 'dsv' for command environment
[0.445s] INFO:colcon.colcon_core.task.python.build:Building Python package in '/home/yu/Desktop/robotic_arm_ws/src/e05_pro'
[0.445s] INFO:colcon.colcon_core.shell:Skip shell extension 'powershell' for command environment: Not usable outside of PowerShell
[0.446s] DEBUG:colcon.colcon_core.shell:Skip shell extension 'dsv' for command environment
[0.454s] DEBUG:colcon.colcon_core.event_handler.log_command:Invoking command in '/home/yu/Desktop/robotic_arm_ws/build/roboticsgroup_upatras_gazebo_plugins': CMAKE_PREFIX_PATH=${CMAKE_PREFIX_PATH}:/home/yu/Desktop/robotic_arm_ws/install/robotiq_description:/home/yu/Desktop/robotic_arm_ws/install/e05_pro:/home/yu/Desktop/github/arm_gripper_sim/robotic_arm_ws/install/robotiq_description:/home/yu/Desktop/github/arm_gripper_sim/robotic_arm_ws/install/e05_pro:/home/yu/Desktop/github/ackermann_car/install/ackermann_car:/opt/ros/humble /usr/bin/cmake --build /home/yu/Desktop/robotic_arm_ws/build/roboticsgroup_upatras_gazebo_plugins -- -j16 -l16
[0.633s] INFO:colcon.colcon_core.task.python.build:Building Python package in '/home/yu/Desktop/robotic_arm_ws/src/robotiq_description'
[0.633s] INFO:colcon.colcon_core.shell:Skip shell extension 'powershell' for command environment: Not usable outside of PowerShell
[0.633s] DEBUG:colcon.colcon_core.shell:Skip shell extension 'dsv' for command environment
[0.641s] DEBUG:colcon.colcon_core.event_handler.log_command:Invoked command in '/home/yu/Desktop/robotic_arm_ws/build/roboticsgroup_upatras_gazebo_plugins' returned '0': CMAKE_PREFIX_PATH=${CMAKE_PREFIX_PATH}:/home/yu/Desktop/robotic_arm_ws/install/robotiq_description:/home/yu/Desktop/robotic_arm_ws/install/e05_pro:/home/yu/Desktop/github/arm_gripper_sim/robotic_arm_ws/install/robotiq_description:/home/yu/Desktop/github/arm_gripper_sim/robotic_arm_ws/install/e05_pro:/home/yu/Desktop/github/ackermann_car/install/ackermann_car:/opt/ros/humble /usr/bin/cmake --build /home/yu/Desktop/robotic_arm_ws/build/roboticsgroup_upatras_gazebo_plugins -- -j16 -l16
[0.650s] DEBUG:colcon.colcon_core.event_handler.log_command:Invoking command in '/home/yu/Desktop/robotic_arm_ws/build/roboticsgroup_upatras_gazebo_plugins': CMAKE_PREFIX_PATH=${CMAKE_PREFIX_PATH}:/home/yu/Desktop/robotic_arm_ws/install/robotiq_description:/home/yu/Desktop/robotic_arm_ws/install/e05_pro:/home/yu/Desktop/github/arm_gripper_sim/robotic_arm_ws/install/robotiq_description:/home/yu/Desktop/github/arm_gripper_sim/robotic_arm_ws/install/e05_pro:/home/yu/Desktop/github/ackermann_car/install/ackermann_car:/opt/ros/humble /usr/bin/cmake --install /home/yu/Desktop/robotic_arm_ws/build/roboticsgroup_upatras_gazebo_plugins
[0.661s] Level 1:colcon.colcon_core.environment:create_environment_scripts_only(roboticsgroup_upatras_gazebo_plugins)
[0.667s] DEBUG:colcon.colcon_core.event_handler.log_command:Invoked command in '/home/yu/Desktop/robotic_arm_ws/build/roboticsgroup_upatras_gazebo_plugins' returned '0': CMAKE_PREFIX_PATH=${CMAKE_PREFIX_PATH}:/home/yu/Desktop/robotic_arm_ws/install/robotiq_description:/home/yu/Desktop/robotic_arm_ws/install/e05_pro:/home/yu/Desktop/github/arm_gripper_sim/robotic_arm_ws/install/robotiq_description:/home/yu/Desktop/github/arm_gripper_sim/robotic_arm_ws/install/e05_pro:/home/yu/Desktop/github/ackermann_car/install/ackermann_car:/opt/ros/humble /usr/bin/cmake --install /home/yu/Desktop/robotic_arm_ws/build/roboticsgroup_upatras_gazebo_plugins
[0.667s] Level 1:colcon.colcon_core.environment:checking '/home/yu/Desktop/robotic_arm_ws/install/roboticsgroup_upatras_gazebo_plugins' for CMake module files
[0.668s] Level 1:colcon.colcon_core.environment:checking '/home/yu/Desktop/robotic_arm_ws/install/roboticsgroup_upatras_gazebo_plugins' for CMake config files
[0.668s] Level 1:colcon.colcon_core.shell:create_environment_hook('roboticsgroup_upatras_gazebo_plugins', 'cmake_prefix_path')
[0.668s] INFO:colcon.colcon_core.shell:Creating environment hook '/home/yu/Desktop/robotic_arm_ws/install/roboticsgroup_upatras_gazebo_plugins/share/roboticsgroup_upatras_gazebo_plugins/hook/cmake_prefix_path.ps1'
[0.669s] INFO:colcon.colcon_core.shell:Creating environment descriptor '/home/yu/Desktop/robotic_arm_ws/install/roboticsgroup_upatras_gazebo_plugins/share/roboticsgroup_upatras_gazebo_plugins/hook/cmake_prefix_path.dsv'
[0.669s] INFO:colcon.colcon_core.shell:Creating environment hook '/home/yu/Desktop/robotic_arm_ws/install/roboticsgroup_upatras_gazebo_plugins/share/roboticsgroup_upatras_gazebo_plugins/hook/cmake_prefix_path.sh'
[0.670s] Level 1:colcon.colcon_core.environment:checking '/home/yu/Desktop/robotic_arm_ws/install/roboticsgroup_upatras_gazebo_plugins/lib'
[0.670s] Level 1:colcon.colcon_core.shell:create_environment_hook('roboticsgroup_upatras_gazebo_plugins', 'ld_library_path_lib')
[0.670s] INFO:colcon.colcon_core.shell:Creating environment hook '/home/yu/Desktop/robotic_arm_ws/install/roboticsgroup_upatras_gazebo_plugins/share/roboticsgroup_upatras_gazebo_plugins/hook/ld_library_path_lib.ps1'
[0.671s] INFO:colcon.colcon_core.shell:Creating environment descriptor '/home/yu/Desktop/robotic_arm_ws/install/roboticsgroup_upatras_gazebo_plugins/share/roboticsgroup_upatras_gazebo_plugins/hook/ld_library_path_lib.dsv'
[0.671s] INFO:colcon.colcon_core.shell:Creating environment hook '/home/yu/Desktop/robotic_arm_ws/install/roboticsgroup_upatras_gazebo_plugins/share/roboticsgroup_upatras_gazebo_plugins/hook/ld_library_path_lib.sh'
[0.671s] Level 1:colcon.colcon_core.environment:checking '/home/yu/Desktop/robotic_arm_ws/install/roboticsgroup_upatras_gazebo_plugins/bin'
[0.671s] Level 1:colcon.colcon_core.environment:checking '/home/yu/Desktop/robotic_arm_ws/install/roboticsgroup_upatras_gazebo_plugins/lib/pkgconfig/roboticsgroup_upatras_gazebo_plugins.pc'
[0.671s] Level 1:colcon.colcon_core.environment:checking '/home/yu/Desktop/robotic_arm_ws/install/roboticsgroup_upatras_gazebo_plugins/lib/python3.10/site-packages'
[0.672s] Level 1:colcon.colcon_core.environment:checking '/home/yu/Desktop/robotic_arm_ws/install/roboticsgroup_upatras_gazebo_plugins/bin'
[0.672s] INFO:colcon.colcon_core.shell:Creating package script '/home/yu/Desktop/robotic_arm_ws/install/roboticsgroup_upatras_gazebo_plugins/share/roboticsgroup_upatras_gazebo_plugins/package.ps1'
[0.673s] INFO:colcon.colcon_core.shell:Creating package descriptor '/home/yu/Desktop/robotic_arm_ws/install/roboticsgroup_upatras_gazebo_plugins/share/roboticsgroup_upatras_gazebo_plugins/package.dsv'
[0.673s] INFO:colcon.colcon_core.shell:Creating package script '/home/yu/Desktop/robotic_arm_ws/install/roboticsgroup_upatras_gazebo_plugins/share/roboticsgroup_upatras_gazebo_plugins/package.sh'
[0.674s] INFO:colcon.colcon_core.shell:Creating package script '/home/yu/Desktop/robotic_arm_ws/install/roboticsgroup_upatras_gazebo_plugins/share/roboticsgroup_upatras_gazebo_plugins/package.bash'
[0.674s] INFO:colcon.colcon_core.shell:Creating package script '/home/yu/Desktop/robotic_arm_ws/install/roboticsgroup_upatras_gazebo_plugins/share/roboticsgroup_upatras_gazebo_plugins/package.zsh'
[0.675s] Level 1:colcon.colcon_core.environment:create_file_with_runtime_dependencies(/home/yu/Desktop/robotic_arm_ws/install/roboticsgroup_upatras_gazebo_plugins/share/colcon-core/packages/roboticsgroup_upatras_gazebo_plugins)
[0.675s] Level 1:colcon.colcon_core.environment:create_environment_scripts_only(roboticsgroup_upatras_gazebo_plugins)
[0.676s] Level 1:colcon.colcon_core.environment:checking '/home/yu/Desktop/robotic_arm_ws/install/roboticsgroup_upatras_gazebo_plugins' for CMake module files
[0.676s] Level 1:colcon.colcon_core.environment:checking '/home/yu/Desktop/robotic_arm_ws/install/roboticsgroup_upatras_gazebo_plugins' for CMake config files
[0.676s] Level 1:colcon.colcon_core.shell:create_environment_hook('roboticsgroup_upatras_gazebo_plugins', 'cmake_prefix_path')
[0.676s] INFO:colcon.colcon_core.shell:Creating environment hook '/home/yu/Desktop/robotic_arm_ws/install/roboticsgroup_upatras_gazebo_plugins/share/roboticsgroup_upatras_gazebo_plugins/hook/cmake_prefix_path.ps1'
[0.677s] INFO:colcon.colcon_core.shell:Creating environment descriptor '/home/yu/Desktop/robotic_arm_ws/install/roboticsgroup_upatras_gazebo_plugins/share/roboticsgroup_upatras_gazebo_plugins/hook/cmake_prefix_path.dsv'
[0.677s] INFO:colcon.colcon_core.shell:Creating environment hook '/home/yu/Desktop/robotic_arm_ws/install/roboticsgroup_upatras_gazebo_plugins/share/roboticsgroup_upatras_gazebo_plugins/hook/cmake_prefix_path.sh'
[0.678s] Level 1:colcon.colcon_core.environment:checking '/home/yu/Desktop/robotic_arm_ws/install/roboticsgroup_upatras_gazebo_plugins/lib'
[0.678s] Level 1:colcon.colcon_core.shell:create_environment_hook('roboticsgroup_upatras_gazebo_plugins', 'ld_library_path_lib')
[0.678s] INFO:colcon.colcon_core.shell:Creating environment hook '/home/yu/Desktop/robotic_arm_ws/install/roboticsgroup_upatras_gazebo_plugins/share/roboticsgroup_upatras_gazebo_plugins/hook/ld_library_path_lib.ps1'
[0.678s] INFO:colcon.colcon_core.shell:Creating environment descriptor '/home/yu/Desktop/robotic_arm_ws/install/roboticsgroup_upatras_gazebo_plugins/share/roboticsgroup_upatras_gazebo_plugins/hook/ld_library_path_lib.dsv'
[0.678s] INFO:colcon.colcon_core.shell:Creating environment hook '/home/yu/Desktop/robotic_arm_ws/install/roboticsgroup_upatras_gazebo_plugins/share/roboticsgroup_upatras_gazebo_plugins/hook/ld_library_path_lib.sh'
[0.679s] Level 1:colcon.colcon_core.environment:checking '/home/yu/Desktop/robotic_arm_ws/install/roboticsgroup_upatras_gazebo_plugins/bin'
[0.679s] Level 1:colcon.colcon_core.environment:checking '/home/yu/Desktop/robotic_arm_ws/install/roboticsgroup_upatras_gazebo_plugins/lib/pkgconfig/roboticsgroup_upatras_gazebo_plugins.pc'
[0.679s] Level 1:colcon.colcon_core.environment:checking '/home/yu/Desktop/robotic_arm_ws/install/roboticsgroup_upatras_gazebo_plugins/lib/python3.10/site-packages'
[0.679s] Level 1:colcon.colcon_core.environment:checking '/home/yu/Desktop/robotic_arm_ws/install/roboticsgroup_upatras_gazebo_plugins/bin'
[0.680s] INFO:colcon.colcon_core.shell:Creating package script '/home/yu/Desktop/robotic_arm_ws/install/roboticsgroup_upatras_gazebo_plugins/share/roboticsgroup_upatras_gazebo_plugins/package.ps1'
[0.680s] INFO:colcon.colcon_core.shell:Creating package descriptor '/home/yu/Desktop/robotic_arm_ws/install/roboticsgroup_upatras_gazebo_plugins/share/roboticsgroup_upatras_gazebo_plugins/package.dsv'
[0.681s] INFO:colcon.colcon_core.shell:Creating package script '/home/yu/Desktop/robotic_arm_ws/install/roboticsgroup_upatras_gazebo_plugins/share/roboticsgroup_upatras_gazebo_plugins/package.sh'
[0.681s] INFO:colcon.colcon_core.shell:Creating package script '/home/yu/Desktop/robotic_arm_ws/install/roboticsgroup_upatras_gazebo_plugins/share/roboticsgroup_upatras_gazebo_plugins/package.bash'
[0.682s] INFO:colcon.colcon_core.shell:Creating package script '/home/yu/Desktop/robotic_arm_ws/install/roboticsgroup_upatras_gazebo_plugins/share/roboticsgroup_upatras_gazebo_plugins/package.zsh'
[0.682s] Level 1:colcon.colcon_core.environment:create_file_with_runtime_dependencies(/home/yu/Desktop/robotic_arm_ws/install/roboticsgroup_upatras_gazebo_plugins/share/colcon-core/packages/roboticsgroup_upatras_gazebo_plugins)
[0.903s] DEBUG:colcon.colcon_core.event_handler.log_command:Invoking command in '/home/yu/Desktop/robotic_arm_ws/src/e05_pro': PYTHONPATH=/home/yu/Desktop/robotic_arm_ws/build/e05_pro/prefix_override:/usr/lib/python3/dist-packages/colcon_core/task/python/colcon_distutils_commands:/home/yu/Desktop/robotic_arm_ws/install/e05_pro/lib/python3.10/site-packages:${PYTHONPATH} /usr/bin/python3 -W ignore:setup.py install is deprecated -W ignore:easy_install command is deprecated setup.py egg_info --egg-base ../../build/e05_pro build --build-base /home/yu/Desktop/robotic_arm_ws/build/e05_pro/build install --record /home/yu/Desktop/robotic_arm_ws/build/e05_pro/install.log --single-version-externally-managed install_data
[0.906s] DEBUG:colcon.colcon_core.event_handler.log_command:Invoking command in '/home/yu/Desktop/robotic_arm_ws/src/robotiq_description': PYTHONPATH=/home/yu/Desktop/robotic_arm_ws/build/robotiq_description/prefix_override:/usr/lib/python3/dist-packages/colcon_core/task/python/colcon_distutils_commands:/home/yu/Desktop/robotic_arm_ws/install/robotiq_description/lib/python3.10/site-packages:${PYTHONPATH} /usr/bin/python3 -W ignore:setup.py install is deprecated -W ignore:easy_install command is deprecated setup.py egg_info --egg-base ../../build/robotiq_description build --build-base /home/yu/Desktop/robotic_arm_ws/build/robotiq_description/build install --record /home/yu/Desktop/robotic_arm_ws/build/robotiq_description/install.log --single-version-externally-managed install_data
[1.107s] Level 1:colcon.colcon_core.environment:checking '/home/yu/Desktop/robotic_arm_ws/install/e05_pro' for CMake module files
[1.108s] DEBUG:colcon.colcon_core.event_handler.log_command:Invoked command in '/home/yu/Desktop/robotic_arm_ws/src/e05_pro' returned '0': PYTHONPATH=/home/yu/Desktop/robotic_arm_ws/build/e05_pro/prefix_override:/usr/lib/python3/dist-packages/colcon_core/task/python/colcon_distutils_commands:/home/yu/Desktop/robotic_arm_ws/install/e05_pro/lib/python3.10/site-packages:${PYTHONPATH} /usr/bin/python3 -W ignore:setup.py install is deprecated -W ignore:easy_install command is deprecated setup.py egg_info --egg-base ../../build/e05_pro build --build-base /home/yu/Desktop/robotic_arm_ws/build/e05_pro/build install --record /home/yu/Desktop/robotic_arm_ws/build/e05_pro/install.log --single-version-externally-managed install_data
[1.108s] Level 1:colcon.colcon_core.environment:checking '/home/yu/Desktop/robotic_arm_ws/install/e05_pro' for CMake config files
[1.108s] Level 1:colcon.colcon_core.environment:checking '/home/yu/Desktop/robotic_arm_ws/install/e05_pro/lib'
[1.109s] Level 1:colcon.colcon_core.environment:checking '/home/yu/Desktop/robotic_arm_ws/install/e05_pro/bin'
[1.109s] Level 1:colcon.colcon_core.environment:checking '/home/yu/Desktop/robotic_arm_ws/install/e05_pro/lib/pkgconfig/e05_pro.pc'
[1.109s] Level 1:colcon.colcon_core.environment:checking '/home/yu/Desktop/robotic_arm_ws/install/e05_pro/lib/python3.10/site-packages'
[1.109s] Level 1:colcon.colcon_core.shell:create_environment_hook('e05_pro', 'pythonpath')
[1.109s] INFO:colcon.colcon_core.shell:Creating environment hook '/home/yu/Desktop/robotic_arm_ws/install/e05_pro/share/e05_pro/hook/pythonpath.ps1'
[1.110s] INFO:colcon.colcon_core.shell:Creating environment descriptor '/home/yu/Desktop/robotic_arm_ws/install/e05_pro/share/e05_pro/hook/pythonpath.dsv'
[1.110s] INFO:colcon.colcon_core.shell:Creating environment hook '/home/yu/Desktop/robotic_arm_ws/install/e05_pro/share/e05_pro/hook/pythonpath.sh'
[1.111s] Level 1:colcon.colcon_core.environment:checking '/home/yu/Desktop/robotic_arm_ws/install/e05_pro/bin'
[1.111s] Level 1:colcon.colcon_core.environment:create_environment_scripts_only(e05_pro)
[1.111s] INFO:colcon.colcon_core.shell:Creating package script '/home/yu/Desktop/robotic_arm_ws/install/e05_pro/share/e05_pro/package.ps1'
[1.111s] INFO:colcon.colcon_core.shell:Creating package descriptor '/home/yu/Desktop/robotic_arm_ws/install/e05_pro/share/e05_pro/package.dsv'
[1.112s] INFO:colcon.colcon_core.shell:Creating package script '/home/yu/Desktop/robotic_arm_ws/install/e05_pro/share/e05_pro/package.sh'
[1.112s] INFO:colcon.colcon_core.shell:Creating package script '/home/yu/Desktop/robotic_arm_ws/install/e05_pro/share/e05_pro/package.bash'
[1.113s] INFO:colcon.colcon_core.shell:Creating package script '/home/yu/Desktop/robotic_arm_ws/install/e05_pro/share/e05_pro/package.zsh'
[1.113s] Level 1:colcon.colcon_core.environment:create_file_with_runtime_dependencies(/home/yu/Desktop/robotic_arm_ws/install/e05_pro/share/colcon-core/packages/e05_pro)
[1.113s] INFO:colcon.colcon_ros.task.ament_cmake.build:Building ROS package in '/home/yu/Desktop/robotic_arm_ws/src/e05_moveit' with build type 'ament_cmake'
[1.114s] INFO:colcon.colcon_cmake.task.cmake.build:Building CMake package in '/home/yu/Desktop/robotic_arm_ws/src/e05_moveit'
[1.114s] INFO:colcon.colcon_core.shell:Skip shell extension 'powershell' for command environment: Not usable outside of PowerShell
[1.114s] DEBUG:colcon.colcon_core.shell:Skip shell extension 'dsv' for command environment
[1.118s] Level 1:colcon.colcon_core.environment:checking '/home/yu/Desktop/robotic_arm_ws/install/robotiq_description' for CMake module files
[1.119s] DEBUG:colcon.colcon_core.event_handler.log_command:Invoked command in '/home/yu/Desktop/robotic_arm_ws/src/robotiq_description' returned '0': PYTHONPATH=/home/yu/Desktop/robotic_arm_ws/build/robotiq_description/prefix_override:/usr/lib/python3/dist-packages/colcon_core/task/python/colcon_distutils_commands:/home/yu/Desktop/robotic_arm_ws/install/robotiq_description/lib/python3.10/site-packages:${PYTHONPATH} /usr/bin/python3 -W ignore:setup.py install is deprecated -W ignore:easy_install command is deprecated setup.py egg_info --egg-base ../../build/robotiq_description build --build-base /home/yu/Desktop/robotic_arm_ws/build/robotiq_description/build install --record /home/yu/Desktop/robotic_arm_ws/build/robotiq_description/install.log --single-version-externally-managed install_data
[1.119s] Level 1:colcon.colcon_core.environment:checking '/home/yu/Desktop/robotic_arm_ws/install/robotiq_description' for CMake config files
[1.120s] Level 1:colcon.colcon_core.environment:checking '/home/yu/Desktop/robotic_arm_ws/install/robotiq_description/lib'
[1.120s] Level 1:colcon.colcon_core.environment:checking '/home/yu/Desktop/robotic_arm_ws/install/robotiq_description/bin'
[1.120s] Level 1:colcon.colcon_core.environment:checking '/home/yu/Desktop/robotic_arm_ws/install/robotiq_description/lib/pkgconfig/robotiq_description.pc'
[1.120s] Level 1:colcon.colcon_core.environment:checking '/home/yu/Desktop/robotic_arm_ws/install/robotiq_description/lib/python3.10/site-packages'
[1.120s] Level 1:colcon.colcon_core.shell:create_environment_hook('robotiq_description', 'pythonpath')
[1.120s] INFO:colcon.colcon_core.shell:Creating environment hook '/home/yu/Desktop/robotic_arm_ws/install/robotiq_description/share/robotiq_description/hook/pythonpath.ps1'
[1.121s] INFO:colcon.colcon_core.shell:Creating environment descriptor '/home/yu/Desktop/robotic_arm_ws/install/robotiq_description/share/robotiq_description/hook/pythonpath.dsv'
[1.121s] INFO:colcon.colcon_core.shell:Creating environment hook '/home/yu/Desktop/robotic_arm_ws/install/robotiq_description/share/robotiq_description/hook/pythonpath.sh'
[1.122s] Level 1:colcon.colcon_core.environment:checking '/home/yu/Desktop/robotic_arm_ws/install/robotiq_description/bin'
[1.122s] Level 1:colcon.colcon_core.environment:create_environment_scripts_only(robotiq_description)
[1.122s] INFO:colcon.colcon_core.shell:Creating package script '/home/yu/Desktop/robotic_arm_ws/install/robotiq_description/share/robotiq_description/package.ps1'
[1.122s] INFO:colcon.colcon_core.shell:Creating package descriptor '/home/yu/Desktop/robotic_arm_ws/install/robotiq_description/share/robotiq_description/package.dsv'
[1.123s] INFO:colcon.colcon_core.shell:Creating package script '/home/yu/Desktop/robotic_arm_ws/install/robotiq_description/share/robotiq_description/package.sh'
[1.123s] INFO:colcon.colcon_core.shell:Creating package script '/home/yu/Desktop/robotic_arm_ws/install/robotiq_description/share/robotiq_description/package.bash'
[1.124s] INFO:colcon.colcon_core.shell:Creating package script '/home/yu/Desktop/robotic_arm_ws/install/robotiq_description/share/robotiq_description/package.zsh'
[1.124s] Level 1:colcon.colcon_core.environment:create_file_with_runtime_dependencies(/home/yu/Desktop/robotic_arm_ws/install/robotiq_description/share/colcon-core/packages/robotiq_description)
[1.129s] DEBUG:colcon.colcon_core.event_handler.log_command:Invoking command in '/home/yu/Desktop/robotic_arm_ws/build/e05_moveit': AMENT_PREFIX_PATH=/home/yu/Desktop/robotic_arm_ws/install/e05_pro:/home/yu/Desktop/robotic_arm_ws/install/robotiq_description:/home/yu/Desktop/robotic_arm_ws/install/roboticsgroup_upatras_gazebo_plugins:/home/yu/Desktop/robotic_arm_ws/install/e05_moveit:/home/yu/Desktop/github/arm_gripper_sim/robotic_arm_ws/install/robotiq_description:/home/yu/Desktop/github/arm_gripper_sim/robotic_arm_ws/install/roboticsgroup_upatras_gazebo_plugins:/home/yu/Desktop/github/arm_gripper_sim/robotic_arm_ws/install/e05_moveit:/home/yu/Desktop/github/arm_gripper_sim/robotic_arm_ws/install/e05_pro:/home/yu/Desktop/github/ackermann_car/install/ackermann_car:/opt/ros/humble CMAKE_PREFIX_PATH=${CMAKE_PREFIX_PATH}:/home/yu/Desktop/robotic_arm_ws/install/robotiq_description:/home/yu/Desktop/robotic_arm_ws/install/e05_pro:/home/yu/Desktop/github/arm_gripper_sim/robotic_arm_ws/install/robotiq_description:/home/yu/Desktop/github/arm_gripper_sim/robotic_arm_ws/install/e05_pro:/home/yu/Desktop/github/ackermann_car/install/ackermann_car:/opt/ros/humble PYTHONPATH=/home/yu/Desktop/robotic_arm_ws/install/e05_pro/lib/python3.10/site-packages:/home/yu/Desktop/robotic_arm_ws/install/robotiq_description/lib/python3.10/site-packages:/home/yu/Desktop/github/arm_gripper_sim/robotic_arm_ws/install/robotiq_description/lib/python3.10/site-packages:/home/yu/Desktop/github/arm_gripper_sim/robotic_arm_ws/install/e05_pro/lib/python3.10/site-packages:/home/yu/Desktop/github/ackermann_car/install/ackermann_car/lib/python3.10/site-packages:/opt/ros/humble/lib/python3.10/site-packages:/opt/ros/humble/local/lib/python3.10/dist-packages /usr/bin/cmake --build /home/yu/Desktop/robotic_arm_ws/build/e05_moveit -- -j16 -l16
[1.162s] DEBUG:colcon.colcon_core.event_handler.log_command:Invoked command in '/home/yu/Desktop/robotic_arm_ws/build/e05_moveit' returned '0': AMENT_PREFIX_PATH=/home/yu/Desktop/robotic_arm_ws/install/e05_pro:/home/yu/Desktop/robotic_arm_ws/install/robotiq_description:/home/yu/Desktop/robotic_arm_ws/install/roboticsgroup_upatras_gazebo_plugins:/home/yu/Desktop/robotic_arm_ws/install/e05_moveit:/home/yu/Desktop/github/arm_gripper_sim/robotic_arm_ws/install/robotiq_description:/home/yu/Desktop/github/arm_gripper_sim/robotic_arm_ws/install/roboticsgroup_upatras_gazebo_plugins:/home/yu/Desktop/github/arm_gripper_sim/robotic_arm_ws/install/e05_moveit:/home/yu/Desktop/github/arm_gripper_sim/robotic_arm_ws/install/e05_pro:/home/yu/Desktop/github/ackermann_car/install/ackermann_car:/opt/ros/humble CMAKE_PREFIX_PATH=${CMAKE_PREFIX_PATH}:/home/yu/Desktop/robotic_arm_ws/install/robotiq_description:/home/yu/Desktop/robotic_arm_ws/install/e05_pro:/home/yu/Desktop/github/arm_gripper_sim/robotic_arm_ws/install/robotiq_description:/home/yu/Desktop/github/arm_gripper_sim/robotic_arm_ws/install/e05_pro:/home/yu/Desktop/github/ackermann_car/install/ackermann_car:/opt/ros/humble PYTHONPATH=/home/yu/Desktop/robotic_arm_ws/install/e05_pro/lib/python3.10/site-packages:/home/yu/Desktop/robotic_arm_ws/install/robotiq_description/lib/python3.10/site-packages:/home/yu/Desktop/github/arm_gripper_sim/robotic_arm_ws/install/robotiq_description/lib/python3.10/site-packages:/home/yu/Desktop/github/arm_gripper_sim/robotic_arm_ws/install/e05_pro/lib/python3.10/site-packages:/home/yu/Desktop/github/ackermann_car/install/ackermann_car/lib/python3.10/site-packages:/opt/ros/humble/lib/python3.10/site-packages:/opt/ros/humble/local/lib/python3.10/dist-packages /usr/bin/cmake --build /home/yu/Desktop/robotic_arm_ws/build/e05_moveit -- -j16 -l16
[1.164s] DEBUG:colcon.colcon_core.event_handler.log_command:Invoking command in '/home/yu/Desktop/robotic_arm_ws/build/e05_moveit': AMENT_PREFIX_PATH=/home/yu/Desktop/robotic_arm_ws/install/e05_pro:/home/yu/Desktop/robotic_arm_ws/install/robotiq_description:/home/yu/Desktop/robotic_arm_ws/install/roboticsgroup_upatras_gazebo_plugins:/home/yu/Desktop/robotic_arm_ws/install/e05_moveit:/home/yu/Desktop/github/arm_gripper_sim/robotic_arm_ws/install/robotiq_description:/home/yu/Desktop/github/arm_gripper_sim/robotic_arm_ws/install/roboticsgroup_upatras_gazebo_plugins:/home/yu/Desktop/github/arm_gripper_sim/robotic_arm_ws/install/e05_moveit:/home/yu/Desktop/github/arm_gripper_sim/robotic_arm_ws/install/e05_pro:/home/yu/Desktop/github/ackermann_car/install/ackermann_car:/opt/ros/humble CMAKE_PREFIX_PATH=${CMAKE_PREFIX_PATH}:/home/yu/Desktop/robotic_arm_ws/install/robotiq_description:/home/yu/Desktop/robotic_arm_ws/install/e05_pro:/home/yu/Desktop/github/arm_gripper_sim/robotic_arm_ws/install/robotiq_description:/home/yu/Desktop/github/arm_gripper_sim/robotic_arm_ws/install/e05_pro:/home/yu/Desktop/github/ackermann_car/install/ackermann_car:/opt/ros/humble PYTHONPATH=/home/yu/Desktop/robotic_arm_ws/install/e05_pro/lib/python3.10/site-packages:/home/yu/Desktop/robotic_arm_ws/install/robotiq_description/lib/python3.10/site-packages:/home/yu/Desktop/github/arm_gripper_sim/robotic_arm_ws/install/robotiq_description/lib/python3.10/site-packages:/home/yu/Desktop/github/arm_gripper_sim/robotic_arm_ws/install/e05_pro/lib/python3.10/site-packages:/home/yu/Desktop/github/ackermann_car/install/ackermann_car/lib/python3.10/site-packages:/opt/ros/humble/lib/python3.10/site-packages:/opt/ros/humble/local/lib/python3.10/dist-packages /usr/bin/cmake --install /home/yu/Desktop/robotic_arm_ws/build/e05_moveit
[1.174s] Level 1:colcon.colcon_core.environment:create_environment_scripts_only(e05_moveit)
[1.175s] Level 1:colcon.colcon_core.environment:checking '/home/yu/Desktop/robotic_arm_ws/install/e05_moveit' for CMake module files
[1.177s] DEBUG:colcon.colcon_core.event_handler.log_command:Invoked command in '/home/yu/Desktop/robotic_arm_ws/build/e05_moveit' returned '0': AMENT_PREFIX_PATH=/home/yu/Desktop/robotic_arm_ws/install/e05_pro:/home/yu/Desktop/robotic_arm_ws/install/robotiq_description:/home/yu/Desktop/robotic_arm_ws/install/roboticsgroup_upatras_gazebo_plugins:/home/yu/Desktop/robotic_arm_ws/install/e05_moveit:/home/yu/Desktop/github/arm_gripper_sim/robotic_arm_ws/install/robotiq_description:/home/yu/Desktop/github/arm_gripper_sim/robotic_arm_ws/install/roboticsgroup_upatras_gazebo_plugins:/home/yu/Desktop/github/arm_gripper_sim/robotic_arm_ws/install/e05_moveit:/home/yu/Desktop/github/arm_gripper_sim/robotic_arm_ws/install/e05_pro:/home/yu/Desktop/github/ackermann_car/install/ackermann_car:/opt/ros/humble CMAKE_PREFIX_PATH=${CMAKE_PREFIX_PATH}:/home/yu/Desktop/robotic_arm_ws/install/robotiq_description:/home/yu/Desktop/robotic_arm_ws/install/e05_pro:/home/yu/Desktop/github/arm_gripper_sim/robotic_arm_ws/install/robotiq_description:/home/yu/Desktop/github/arm_gripper_sim/robotic_arm_ws/install/e05_pro:/home/yu/Desktop/github/ackermann_car/install/ackermann_car:/opt/ros/humble PYTHONPATH=/home/yu/Desktop/robotic_arm_ws/install/e05_pro/lib/python3.10/site-packages:/home/yu/Desktop/robotic_arm_ws/install/robotiq_description/lib/python3.10/site-packages:/home/yu/Desktop/github/arm_gripper_sim/robotic_arm_ws/install/robotiq_description/lib/python3.10/site-packages:/home/yu/Desktop/github/arm_gripper_sim/robotic_arm_ws/install/e05_pro/lib/python3.10/site-packages:/home/yu/Desktop/github/ackermann_car/install/ackermann_car/lib/python3.10/site-packages:/opt/ros/humble/lib/python3.10/site-packages:/opt/ros/humble/local/lib/python3.10/dist-packages /usr/bin/cmake --install /home/yu/Desktop/robotic_arm_ws/build/e05_moveit
[1.177s] Level 1:colcon.colcon_core.environment:checking '/home/yu/Desktop/robotic_arm_ws/install/e05_moveit' for CMake config files
[1.177s] Level 1:colcon.colcon_core.shell:create_environment_hook('e05_moveit', 'cmake_prefix_path')
[1.177s] INFO:colcon.colcon_core.shell:Creating environment hook '/home/yu/Desktop/robotic_arm_ws/install/e05_moveit/share/e05_moveit/hook/cmake_prefix_path.ps1'
[1.178s] INFO:colcon.colcon_core.shell:Creating environment descriptor '/home/yu/Desktop/robotic_arm_ws/install/e05_moveit/share/e05_moveit/hook/cmake_prefix_path.dsv'
[1.178s] INFO:colcon.colcon_core.shell:Creating environment hook '/home/yu/Desktop/robotic_arm_ws/install/e05_moveit/share/e05_moveit/hook/cmake_prefix_path.sh'
[1.179s] Level 1:colcon.colcon_core.environment:checking '/home/yu/Desktop/robotic_arm_ws/install/e05_moveit/bin'
[1.179s] Level 1:colcon.colcon_core.environment:checking '/home/yu/Desktop/robotic_arm_ws/install/e05_moveit/lib/pkgconfig/e05_moveit.pc'
[1.179s] Level 1:colcon.colcon_core.environment:checking '/home/yu/Desktop/robotic_arm_ws/install/e05_moveit/lib/python3.10/site-packages'
[1.179s] Level 1:colcon.colcon_core.environment:checking '/home/yu/Desktop/robotic_arm_ws/install/e05_moveit/bin'
[1.180s] INFO:colcon.colcon_core.shell:Creating package script '/home/yu/Desktop/robotic_arm_ws/install/e05_moveit/share/e05_moveit/package.ps1'
[1.180s] INFO:colcon.colcon_core.shell:Creating package descriptor '/home/yu/Desktop/robotic_arm_ws/install/e05_moveit/share/e05_moveit/package.dsv'
[1.181s] INFO:colcon.colcon_core.shell:Creating package script '/home/yu/Desktop/robotic_arm_ws/install/e05_moveit/share/e05_moveit/package.sh'
[1.181s] INFO:colcon.colcon_core.shell:Creating package script '/home/yu/Desktop/robotic_arm_ws/install/e05_moveit/share/e05_moveit/package.bash'
[1.181s] INFO:colcon.colcon_core.shell:Creating package script '/home/yu/Desktop/robotic_arm_ws/install/e05_moveit/share/e05_moveit/package.zsh'
[1.182s] Level 1:colcon.colcon_core.environment:create_file_with_runtime_dependencies(/home/yu/Desktop/robotic_arm_ws/install/e05_moveit/share/colcon-core/packages/e05_moveit)
[1.182s] Level 1:colcon.colcon_core.environment:create_environment_scripts_only(e05_moveit)
[1.182s] Level 1:colcon.colcon_core.environment:checking '/home/yu/Desktop/robotic_arm_ws/install/e05_moveit' for CMake module files
[1.183s] Level 1:colcon.colcon_core.environment:checking '/home/yu/Desktop/robotic_arm_ws/install/e05_moveit' for CMake config files
[1.183s] Level 1:colcon.colcon_core.shell:create_environment_hook('e05_moveit', 'cmake_prefix_path')
[1.183s] INFO:colcon.colcon_core.shell:Creating environment hook '/home/yu/Desktop/robotic_arm_ws/install/e05_moveit/share/e05_moveit/hook/cmake_prefix_path.ps1'
[1.183s] INFO:colcon.colcon_core.shell:Creating environment descriptor '/home/yu/Desktop/robotic_arm_ws/install/e05_moveit/share/e05_moveit/hook/cmake_prefix_path.dsv'
[1.184s] INFO:colcon.colcon_core.shell:Creating environment hook '/home/yu/Desktop/robotic_arm_ws/install/e05_moveit/share/e05_moveit/hook/cmake_prefix_path.sh'
[1.184s] Level 1:colcon.colcon_core.environment:checking '/home/yu/Desktop/robotic_arm_ws/install/e05_moveit/bin'
[1.184s] Level 1:colcon.colcon_core.environment:checking '/home/yu/Desktop/robotic_arm_ws/install/e05_moveit/lib/pkgconfig/e05_moveit.pc'
[1.185s] Level 1:colcon.colcon_core.environment:checking '/home/yu/Desktop/robotic_arm_ws/install/e05_moveit/lib/python3.10/site-packages'
[1.185s] Level 1:colcon.colcon_core.environment:checking '/home/yu/Desktop/robotic_arm_ws/install/e05_moveit/bin'
[1.185s] INFO:colcon.colcon_core.shell:Creating package script '/home/yu/Desktop/robotic_arm_ws/install/e05_moveit/share/e05_moveit/package.ps1'
[1.185s] INFO:colcon.colcon_core.shell:Creating package descriptor '/home/yu/Desktop/robotic_arm_ws/install/e05_moveit/share/e05_moveit/package.dsv'
[1.186s] INFO:colcon.colcon_core.shell:Creating package script '/home/yu/Desktop/robotic_arm_ws/install/e05_moveit/share/e05_moveit/package.sh'
[1.186s] INFO:colcon.colcon_core.shell:Creating package script '/home/yu/Desktop/robotic_arm_ws/install/e05_moveit/share/e05_moveit/package.bash'
[1.187s] INFO:colcon.colcon_core.shell:Creating package script '/home/yu/Desktop/robotic_arm_ws/install/e05_moveit/share/e05_moveit/package.zsh'
[1.187s] Level 1:colcon.colcon_core.environment:create_file_with_runtime_dependencies(/home/yu/Desktop/robotic_arm_ws/install/e05_moveit/share/colcon-core/packages/e05_moveit)
[1.187s] DEBUG:colcon.colcon_parallel_executor.executor.parallel:closing loop
[1.187s] DEBUG:colcon.colcon_parallel_executor.executor.parallel:loop closed
[1.188s] DEBUG:colcon.colcon_parallel_executor.executor.parallel:run_until_complete finished with '0'
[1.188s] DEBUG:colcon.colcon_core.event_reactor:joining thread
[1.192s] INFO:colcon.colcon_core.plugin_system:Skipping extension 'colcon_notification.desktop_notification.terminal_notifier': Not used on non-Darwin systems
[1.193s] INFO:colcon.colcon_core.plugin_system:Skipping extension 'colcon_notification.desktop_notification.win32': Not used on non-Windows systems
[1.193s] INFO:colcon.colcon_notification.desktop_notification:Sending desktop notification using 'notify2'
[1.201s] DEBUG:colcon.colcon_core.event_reactor:joined thread
[1.202s] INFO:colcon.colcon_core.shell:Creating prefix script '/home/yu/Desktop/robotic_arm_ws/install/local_setup.ps1'
[1.203s] INFO:colcon.colcon_core.shell:Creating prefix util module '/home/yu/Desktop/robotic_arm_ws/install/_local_setup_util_ps1.py'
[1.204s] INFO:colcon.colcon_core.shell:Creating prefix chain script '/home/yu/Desktop/robotic_arm_ws/install/setup.ps1'
[1.205s] INFO:colcon.colcon_core.shell:Creating prefix script '/home/yu/Desktop/robotic_arm_ws/install/local_setup.sh'
[1.205s] INFO:colcon.colcon_core.shell:Creating prefix util module '/home/yu/Desktop/robotic_arm_ws/install/_local_setup_util_sh.py'
[1.206s] INFO:colcon.colcon_core.shell:Creating prefix chain script '/home/yu/Desktop/robotic_arm_ws/install/setup.sh'
[1.207s] INFO:colcon.colcon_core.shell:Creating prefix script '/home/yu/Desktop/robotic_arm_ws/install/local_setup.bash'
[1.207s] INFO:colcon.colcon_core.shell:Creating prefix chain script '/home/yu/Desktop/robotic_arm_ws/install/setup.bash'
[1.208s] INFO:colcon.colcon_core.shell:Creating prefix script '/home/yu/Desktop/robotic_arm_ws/install/local_setup.zsh'
[1.209s] INFO:colcon.colcon_core.shell:Creating prefix chain script '/home/yu/Desktop/robotic_arm_ws/install/setup.zsh'
