[0.071s] DEBUG:colcon:Command line arguments: ['/usr/bin/colcon', 'build']
[0.071s] DEBUG:colcon:Parsed command line arguments: Namespace(log_base=None, log_level=None, verb_name='build', build_base='build', install_base='install', merge_install=False, symlink_install=False, test_result_base=None, continue_on_error=False, executor='parallel', parallel_workers=16, event_handlers=None, ignore_user_meta=False, metas=['./colcon.meta'], base_paths=['.'], packages_ignore=None, packages_ignore_regex=None, paths=None, packages_up_to=None, packages_up_to_regex=None, packages_above=None, packages_above_and_dependencies=None, packages_above_depth=None, packages_select_by_dep=None, packages_skip_by_dep=None, packages_skip_up_to=None, packages_select_build_failed=False, packages_skip_build_finished=False, packages_select_test_failures=False, packages_skip_test_passed=False, packages_select=None, packages_skip=None, packages_select_regex=None, packages_skip_regex=None, packages_start=None, packages_end=None, allow_overriding=[], cmake_args=None, cmake_target=None, cmake_target_skip_unavailable=False, cmake_clean_cache=False, cmake_clean_first=False, cmake_force_configure=False, ament_cmake_args=None, catkin_cmake_args=None, catkin_skip_building_tests=False, verb_parser=<colcon_defaults.argument_parser.defaults.DefaultArgumentsDecorator object at 0x7986d821da20>, verb_extension=<colcon_core.verb.build.BuildVerb object at 0x7986d834eef0>, main=<bound method BuildVerb.main of <colcon_core.verb.build.BuildVerb object at 0x7986d834eef0>>)
[0.182s] Level 1:colcon.colcon_core.package_discovery:discover_packages(colcon_meta) check parameters
[0.182s] Level 1:colcon.colcon_core.package_discovery:discover_packages(recursive) check parameters
[0.182s] Level 1:colcon.colcon_core.package_discovery:discover_packages(ignore) check parameters
[0.182s] Level 1:colcon.colcon_core.package_discovery:discover_packages(path) check parameters
[0.182s] Level 1:colcon.colcon_core.package_discovery:discover_packages(colcon_meta) discover
[0.182s] Level 1:colcon.colcon_core.package_discovery:discover_packages(recursive) discover
[0.182s] INFO:colcon.colcon_core.package_discovery:Crawling recursively for packages in '/home/yu/Desktop/robotic_arm_ws'
[0.182s] Level 1:colcon.colcon_core.package_identification:_identify(.) by extensions ['ignore', 'ignore_ament_install']
[0.182s] Level 1:colcon.colcon_core.package_identification:_identify(.) by extension 'ignore'
[0.182s] Level 1:colcon.colcon_core.package_identification:_identify(.) by extension 'ignore_ament_install'
[0.182s] Level 1:colcon.colcon_core.package_identification:_identify(.) by extensions ['colcon_pkg']
[0.182s] Level 1:colcon.colcon_core.package_identification:_identify(.) by extension 'colcon_pkg'
[0.182s] Level 1:colcon.colcon_core.package_identification:_identify(.) by extensions ['colcon_meta']
[0.182s] Level 1:colcon.colcon_core.package_identification:_identify(.) by extension 'colcon_meta'
[0.182s] Level 1:colcon.colcon_core.package_identification:_identify(.) by extensions ['ros']
[0.182s] Level 1:colcon.colcon_core.package_identification:_identify(.) by extension 'ros'
[0.190s] Level 1:colcon.colcon_core.package_identification:_identify(.) by extensions ['cmake', 'python']
[0.190s] Level 1:colcon.colcon_core.package_identification:_identify(.) by extension 'cmake'
[0.190s] Level 1:colcon.colcon_core.package_identification:_identify(.) by extension 'python'
[0.190s] Level 1:colcon.colcon_core.package_identification:_identify(.) by extensions ['python_setup_py']
[0.190s] Level 1:colcon.colcon_core.package_identification:_identify(.) by extension 'python_setup_py'
[0.190s] Level 1:colcon.colcon_core.package_identification:_identify(build) by extensions ['ignore', 'ignore_ament_install']
[0.190s] Level 1:colcon.colcon_core.package_identification:_identify(build) by extension 'ignore'
[0.190s] Level 1:colcon.colcon_core.package_identification:_identify(build) ignored
[0.190s] Level 1:colcon.colcon_core.package_identification:_identify(install) by extensions ['ignore', 'ignore_ament_install']
[0.190s] Level 1:colcon.colcon_core.package_identification:_identify(install) by extension 'ignore'
[0.191s] Level 1:colcon.colcon_core.package_identification:_identify(install) ignored
[0.191s] Level 1:colcon.colcon_core.package_identification:_identify(log) by extensions ['ignore', 'ignore_ament_install']
[0.191s] Level 1:colcon.colcon_core.package_identification:_identify(log) by extension 'ignore'
[0.191s] Level 1:colcon.colcon_core.package_identification:_identify(log) ignored
[0.191s] Level 1:colcon.colcon_core.package_identification:_identify(src) by extensions ['ignore', 'ignore_ament_install']
[0.191s] Level 1:colcon.colcon_core.package_identification:_identify(src) by extension 'ignore'
[0.191s] Level 1:colcon.colcon_core.package_identification:_identify(src) by extension 'ignore_ament_install'
[0.191s] Level 1:colcon.colcon_core.package_identification:_identify(src) by extensions ['colcon_pkg']
[0.191s] Level 1:colcon.colcon_core.package_identification:_identify(src) by extension 'colcon_pkg'
[0.191s] Level 1:colcon.colcon_core.package_identification:_identify(src) by extensions ['colcon_meta']
[0.191s] Level 1:colcon.colcon_core.package_identification:_identify(src) by extension 'colcon_meta'
[0.191s] Level 1:colcon.colcon_core.package_identification:_identify(src) by extensions ['ros']
[0.191s] Level 1:colcon.colcon_core.package_identification:_identify(src) by extension 'ros'
[0.191s] Level 1:colcon.colcon_core.package_identification:_identify(src) by extensions ['cmake', 'python']
[0.191s] Level 1:colcon.colcon_core.package_identification:_identify(src) by extension 'cmake'
[0.191s] Level 1:colcon.colcon_core.package_identification:_identify(src) by extension 'python'
[0.191s] Level 1:colcon.colcon_core.package_identification:_identify(src) by extensions ['python_setup_py']
[0.191s] Level 1:colcon.colcon_core.package_identification:_identify(src) by extension 'python_setup_py'
[0.191s] Level 1:colcon.colcon_core.package_identification:_identify(src/e05_moveit) by extensions ['ignore', 'ignore_ament_install']
[0.191s] Level 1:colcon.colcon_core.package_identification:_identify(src/e05_moveit) by extension 'ignore'
[0.191s] Level 1:colcon.colcon_core.package_identification:_identify(src/e05_moveit) by extension 'ignore_ament_install'
[0.192s] Level 1:colcon.colcon_core.package_identification:_identify(src/e05_moveit) by extensions ['colcon_pkg']
[0.192s] Level 1:colcon.colcon_core.package_identification:_identify(src/e05_moveit) by extension 'colcon_pkg'
[0.192s] Level 1:colcon.colcon_core.package_identification:_identify(src/e05_moveit) by extensions ['colcon_meta']
[0.192s] Level 1:colcon.colcon_core.package_identification:_identify(src/e05_moveit) by extension 'colcon_meta'
[0.192s] Level 1:colcon.colcon_core.package_identification:_identify(src/e05_moveit) by extensions ['ros']
[0.192s] Level 1:colcon.colcon_core.package_identification:_identify(src/e05_moveit) by extension 'ros'
[0.194s] DEBUG:colcon.colcon_core.package_identification:Package 'src/e05_moveit' with type 'ros.ament_cmake' and name 'e05_moveit'
[0.194s] Level 1:colcon.colcon_core.package_identification:_identify(src/e05_pro) by extensions ['ignore', 'ignore_ament_install']
[0.194s] Level 1:colcon.colcon_core.package_identification:_identify(src/e05_pro) by extension 'ignore'
[0.194s] Level 1:colcon.colcon_core.package_identification:_identify(src/e05_pro) by extension 'ignore_ament_install'
[0.194s] Level 1:colcon.colcon_core.package_identification:_identify(src/e05_pro) by extensions ['colcon_pkg']
[0.194s] Level 1:colcon.colcon_core.package_identification:_identify(src/e05_pro) by extension 'colcon_pkg'
[0.194s] Level 1:colcon.colcon_core.package_identification:_identify(src/e05_pro) by extensions ['colcon_meta']
[0.194s] Level 1:colcon.colcon_core.package_identification:_identify(src/e05_pro) by extension 'colcon_meta'
[0.194s] Level 1:colcon.colcon_core.package_identification:_identify(src/e05_pro) by extensions ['ros']
[0.194s] Level 1:colcon.colcon_core.package_identification:_identify(src/e05_pro) by extension 'ros'
[0.194s] DEBUG:colcon.colcon_core.package_identification:Package 'src/e05_pro' with type 'ros.ament_python' and name 'e05_pro'
[0.195s] Level 1:colcon.colcon_core.package_identification:_identify(src/roboticsgroup_upatras_gazebo_plugins) by extensions ['ignore', 'ignore_ament_install']
[0.195s] Level 1:colcon.colcon_core.package_identification:_identify(src/roboticsgroup_upatras_gazebo_plugins) by extension 'ignore'
[0.195s] Level 1:colcon.colcon_core.package_identification:_identify(src/roboticsgroup_upatras_gazebo_plugins) by extension 'ignore_ament_install'
[0.195s] Level 1:colcon.colcon_core.package_identification:_identify(src/roboticsgroup_upatras_gazebo_plugins) by extensions ['colcon_pkg']
[0.195s] Level 1:colcon.colcon_core.package_identification:_identify(src/roboticsgroup_upatras_gazebo_plugins) by extension 'colcon_pkg'
[0.195s] Level 1:colcon.colcon_core.package_identification:_identify(src/roboticsgroup_upatras_gazebo_plugins) by extensions ['colcon_meta']
[0.195s] Level 1:colcon.colcon_core.package_identification:_identify(src/roboticsgroup_upatras_gazebo_plugins) by extension 'colcon_meta'
[0.195s] Level 1:colcon.colcon_core.package_identification:_identify(src/roboticsgroup_upatras_gazebo_plugins) by extensions ['ros']
[0.195s] Level 1:colcon.colcon_core.package_identification:_identify(src/roboticsgroup_upatras_gazebo_plugins) by extension 'ros'
[0.195s] DEBUG:colcon.colcon_core.package_identification:Package 'src/roboticsgroup_upatras_gazebo_plugins' with type 'ros.ament_cmake' and name 'roboticsgroup_upatras_gazebo_plugins'
[0.196s] Level 1:colcon.colcon_core.package_identification:_identify(src/robotiq_description) by extensions ['ignore', 'ignore_ament_install']
[0.196s] Level 1:colcon.colcon_core.package_identification:_identify(src/robotiq_description) by extension 'ignore'
[0.196s] Level 1:colcon.colcon_core.package_identification:_identify(src/robotiq_description) by extension 'ignore_ament_install'
[0.196s] Level 1:colcon.colcon_core.package_identification:_identify(src/robotiq_description) by extensions ['colcon_pkg']
[0.196s] Level 1:colcon.colcon_core.package_identification:_identify(src/robotiq_description) by extension 'colcon_pkg'
[0.196s] Level 1:colcon.colcon_core.package_identification:_identify(src/robotiq_description) by extensions ['colcon_meta']
[0.196s] Level 1:colcon.colcon_core.package_identification:_identify(src/robotiq_description) by extension 'colcon_meta'
[0.196s] Level 1:colcon.colcon_core.package_identification:_identify(src/robotiq_description) by extensions ['ros']
[0.196s] Level 1:colcon.colcon_core.package_identification:_identify(src/robotiq_description) by extension 'ros'
[0.196s] DEBUG:colcon.colcon_core.package_identification:Package 'src/robotiq_description' with type 'ros.ament_python' and name 'robotiq_description'
[0.196s] Level 1:colcon.colcon_core.package_discovery:discover_packages(recursive) using defaults
[0.196s] Level 1:colcon.colcon_core.package_discovery:discover_packages(ignore) discover
[0.196s] Level 1:colcon.colcon_core.package_discovery:discover_packages(ignore) using defaults
[0.196s] Level 1:colcon.colcon_core.package_discovery:discover_packages(path) discover
[0.197s] Level 1:colcon.colcon_core.package_discovery:discover_packages(path) using defaults
[0.217s] Level 1:colcon.colcon_core.package_discovery:discover_packages(prefix_path) check parameters
[0.217s] Level 1:colcon.colcon_core.package_discovery:discover_packages(prefix_path) discover
[0.218s] DEBUG:colcon.colcon_installed_package_information.package_discovery:Found 4 installed packages in /home/yu/Desktop/robotic_arm_ws/install
[0.219s] DEBUG:colcon.colcon_installed_package_information.package_discovery:Found 4 installed packages in /home/yu/Desktop/github/arm_gripper_sim/robotic_arm_ws/install
[0.219s] DEBUG:colcon.colcon_installed_package_information.package_discovery:Found 2 installed packages in /home/yu/Desktop/github/ackermann_car/install
[0.221s] DEBUG:colcon.colcon_installed_package_information.package_discovery:Found 480 installed packages in /opt/ros/humble
[0.222s] Level 1:colcon.colcon_core.package_discovery:discover_packages(prefix_path) using defaults
[0.257s] Level 5:colcon.colcon_core.verb:set package 'e05_pro' build argument 'cmake_args' from command line to 'None'
[0.257s] Level 5:colcon.colcon_core.verb:set package 'e05_pro' build argument 'cmake_target' from command line to 'None'
[0.257s] Level 5:colcon.colcon_core.verb:set package 'e05_pro' build argument 'cmake_target_skip_unavailable' from command line to 'False'
[0.257s] Level 5:colcon.colcon_core.verb:set package 'e05_pro' build argument 'cmake_clean_cache' from command line to 'False'
[0.257s] Level 5:colcon.colcon_core.verb:set package 'e05_pro' build argument 'cmake_clean_first' from command line to 'False'
[0.257s] Level 5:colcon.colcon_core.verb:set package 'e05_pro' build argument 'cmake_force_configure' from command line to 'False'
[0.257s] Level 5:colcon.colcon_core.verb:set package 'e05_pro' build argument 'ament_cmake_args' from command line to 'None'
[0.257s] Level 5:colcon.colcon_core.verb:set package 'e05_pro' build argument 'catkin_cmake_args' from command line to 'None'
[0.257s] Level 5:colcon.colcon_core.verb:set package 'e05_pro' build argument 'catkin_skip_building_tests' from command line to 'False'
[0.258s] DEBUG:colcon.colcon_core.verb:Building package 'e05_pro' with the following arguments: {'ament_cmake_args': None, 'build_base': '/home/yu/Desktop/robotic_arm_ws/build/e05_pro', 'catkin_cmake_args': None, 'catkin_skip_building_tests': False, 'cmake_args': None, 'cmake_clean_cache': False, 'cmake_clean_first': False, 'cmake_force_configure': False, 'cmake_target': None, 'cmake_target_skip_unavailable': False, 'install_base': '/home/yu/Desktop/robotic_arm_ws/install/e05_pro', 'merge_install': False, 'path': '/home/yu/Desktop/robotic_arm_ws/src/e05_pro', 'symlink_install': False, 'test_result_base': None}
[0.258s] Level 5:colcon.colcon_core.verb:set package 'roboticsgroup_upatras_gazebo_plugins' build argument 'cmake_args' from command line to 'None'
[0.258s] Level 5:colcon.colcon_core.verb:set package 'roboticsgroup_upatras_gazebo_plugins' build argument 'cmake_target' from command line to 'None'
[0.258s] Level 5:colcon.colcon_core.verb:set package 'roboticsgroup_upatras_gazebo_plugins' build argument 'cmake_target_skip_unavailable' from command line to 'False'
[0.258s] Level 5:colcon.colcon_core.verb:set package 'roboticsgroup_upatras_gazebo_plugins' build argument 'cmake_clean_cache' from command line to 'False'
[0.258s] Level 5:colcon.colcon_core.verb:set package 'roboticsgroup_upatras_gazebo_plugins' build argument 'cmake_clean_first' from command line to 'False'
[0.258s] Level 5:colcon.colcon_core.verb:set package 'roboticsgroup_upatras_gazebo_plugins' build argument 'cmake_force_configure' from command line to 'False'
[0.258s] Level 5:colcon.colcon_core.verb:set package 'roboticsgroup_upatras_gazebo_plugins' build argument 'ament_cmake_args' from command line to 'None'
[0.258s] Level 5:colcon.colcon_core.verb:set package 'roboticsgroup_upatras_gazebo_plugins' build argument 'catkin_cmake_args' from command line to 'None'
[0.258s] Level 5:colcon.colcon_core.verb:set package 'roboticsgroup_upatras_gazebo_plugins' build argument 'catkin_skip_building_tests' from command line to 'False'
[0.258s] DEBUG:colcon.colcon_core.verb:Building package 'roboticsgroup_upatras_gazebo_plugins' with the following arguments: {'ament_cmake_args': None, 'build_base': '/home/yu/Desktop/robotic_arm_ws/build/roboticsgroup_upatras_gazebo_plugins', 'catkin_cmake_args': None, 'catkin_skip_building_tests': False, 'cmake_args': None, 'cmake_clean_cache': False, 'cmake_clean_first': False, 'cmake_force_configure': False, 'cmake_target': None, 'cmake_target_skip_unavailable': False, 'install_base': '/home/yu/Desktop/robotic_arm_ws/install/roboticsgroup_upatras_gazebo_plugins', 'merge_install': False, 'path': '/home/yu/Desktop/robotic_arm_ws/src/roboticsgroup_upatras_gazebo_plugins', 'symlink_install': False, 'test_result_base': None}
[0.258s] Level 5:colcon.colcon_core.verb:set package 'robotiq_description' build argument 'cmake_args' from command line to 'None'
[0.258s] Level 5:colcon.colcon_core.verb:set package 'robotiq_description' build argument 'cmake_target' from command line to 'None'
[0.258s] Level 5:colcon.colcon_core.verb:set package 'robotiq_description' build argument 'cmake_target_skip_unavailable' from command line to 'False'
[0.258s] Level 5:colcon.colcon_core.verb:set package 'robotiq_description' build argument 'cmake_clean_cache' from command line to 'False'
[0.258s] Level 5:colcon.colcon_core.verb:set package 'robotiq_description' build argument 'cmake_clean_first' from command line to 'False'
[0.258s] Level 5:colcon.colcon_core.verb:set package 'robotiq_description' build argument 'cmake_force_configure' from command line to 'False'
[0.258s] Level 5:colcon.colcon_core.verb:set package 'robotiq_description' build argument 'ament_cmake_args' from command line to 'None'
[0.258s] Level 5:colcon.colcon_core.verb:set package 'robotiq_description' build argument 'catkin_cmake_args' from command line to 'None'
[0.258s] Level 5:colcon.colcon_core.verb:set package 'robotiq_description' build argument 'catkin_skip_building_tests' from command line to 'False'
[0.259s] DEBUG:colcon.colcon_core.verb:Building package 'robotiq_description' with the following arguments: {'ament_cmake_args': None, 'build_base': '/home/yu/Desktop/robotic_arm_ws/build/robotiq_description', 'catkin_cmake_args': None, 'catkin_skip_building_tests': False, 'cmake_args': None, 'cmake_clean_cache': False, 'cmake_clean_first': False, 'cmake_force_configure': False, 'cmake_target': None, 'cmake_target_skip_unavailable': False, 'install_base': '/home/yu/Desktop/robotic_arm_ws/install/robotiq_description', 'merge_install': False, 'path': '/home/yu/Desktop/robotic_arm_ws/src/robotiq_description', 'symlink_install': False, 'test_result_base': None}
[0.259s] Level 5:colcon.colcon_core.verb:set package 'e05_moveit' build argument 'cmake_args' from command line to 'None'
[0.259s] Level 5:colcon.colcon_core.verb:set package 'e05_moveit' build argument 'cmake_target' from command line to 'None'
[0.259s] Level 5:colcon.colcon_core.verb:set package 'e05_moveit' build argument 'cmake_target_skip_unavailable' from command line to 'False'
[0.259s] Level 5:colcon.colcon_core.verb:set package 'e05_moveit' build argument 'cmake_clean_cache' from command line to 'False'
[0.259s] Level 5:colcon.colcon_core.verb:set package 'e05_moveit' build argument 'cmake_clean_first' from command line to 'False'
[0.259s] Level 5:colcon.colcon_core.verb:set package 'e05_moveit' build argument 'cmake_force_configure' from command line to 'False'
[0.259s] Level 5:colcon.colcon_core.verb:set package 'e05_moveit' build argument 'ament_cmake_args' from command line to 'None'
[0.259s] Level 5:colcon.colcon_core.verb:set package 'e05_moveit' build argument 'catkin_cmake_args' from command line to 'None'
[0.259s] Level 5:colcon.colcon_core.verb:set package 'e05_moveit' build argument 'catkin_skip_building_tests' from command line to 'False'
[0.259s] DEBUG:colcon.colcon_core.verb:Building package 'e05_moveit' with the following arguments: {'ament_cmake_args': None, 'build_base': '/home/yu/Desktop/robotic_arm_ws/build/e05_moveit', 'catkin_cmake_args': None, 'catkin_skip_building_tests': False, 'cmake_args': None, 'cmake_clean_cache': False, 'cmake_clean_first': False, 'cmake_force_configure': False, 'cmake_target': None, 'cmake_target_skip_unavailable': False, 'install_base': '/home/yu/Desktop/robotic_arm_ws/install/e05_moveit', 'merge_install': False, 'path': '/home/yu/Desktop/robotic_arm_ws/src/e05_moveit', 'symlink_install': False, 'test_result_base': None}
[0.259s] INFO:colcon.colcon_core.executor:Executing jobs using 'parallel' executor
[0.260s] DEBUG:colcon.colcon_parallel_executor.executor.parallel:run_until_complete
[0.260s] INFO:colcon.colcon_ros.task.ament_python.build:Building ROS package in '/home/yu/Desktop/robotic_arm_ws/src/e05_pro' with build type 'ament_python'
[0.260s] Level 1:colcon.colcon_core.shell:create_environment_hook('e05_pro', 'ament_prefix_path')
[0.262s] INFO:colcon.colcon_core.plugin_system:Skipping extension 'colcon_core.shell.bat': Not used on non-Windows systems
[0.262s] INFO:colcon.colcon_core.shell:Creating environment hook '/home/yu/Desktop/robotic_arm_ws/install/e05_pro/share/e05_pro/hook/ament_prefix_path.ps1'
[0.263s] INFO:colcon.colcon_core.shell:Creating environment descriptor '/home/yu/Desktop/robotic_arm_ws/install/e05_pro/share/e05_pro/hook/ament_prefix_path.dsv'
[0.263s] INFO:colcon.colcon_core.shell:Creating environment hook '/home/yu/Desktop/robotic_arm_ws/install/e05_pro/share/e05_pro/hook/ament_prefix_path.sh'
[0.264s] INFO:colcon.colcon_core.shell:Skip shell extension 'powershell' for command environment: Not usable outside of PowerShell
[0.264s] DEBUG:colcon.colcon_core.shell:Skip shell extension 'dsv' for command environment
[0.268s] INFO:colcon.colcon_ros.task.ament_cmake.build:Building ROS package in '/home/yu/Desktop/robotic_arm_ws/src/roboticsgroup_upatras_gazebo_plugins' with build type 'ament_cmake'
[0.268s] INFO:colcon.colcon_cmake.task.cmake.build:Building CMake package in '/home/yu/Desktop/robotic_arm_ws/src/roboticsgroup_upatras_gazebo_plugins'
[0.268s] INFO:colcon.colcon_core.shell:Skip shell extension 'powershell' for command environment: Not usable outside of PowerShell
[0.268s] DEBUG:colcon.colcon_core.shell:Skip shell extension 'dsv' for command environment
[0.273s] INFO:colcon.colcon_ros.task.ament_python.build:Building ROS package in '/home/yu/Desktop/robotic_arm_ws/src/robotiq_description' with build type 'ament_python'
[0.274s] Level 1:colcon.colcon_core.shell:create_environment_hook('robotiq_description', 'ament_prefix_path')
[0.274s] INFO:colcon.colcon_core.shell:Creating environment hook '/home/yu/Desktop/robotic_arm_ws/install/robotiq_description/share/robotiq_description/hook/ament_prefix_path.ps1'
[0.276s] INFO:colcon.colcon_core.shell:Creating environment descriptor '/home/yu/Desktop/robotic_arm_ws/install/robotiq_description/share/robotiq_description/hook/ament_prefix_path.dsv'
[0.277s] INFO:colcon.colcon_core.shell:Creating environment hook '/home/yu/Desktop/robotic_arm_ws/install/robotiq_description/share/robotiq_description/hook/ament_prefix_path.sh'
[0.277s] INFO:colcon.colcon_core.shell:Skip shell extension 'powershell' for command environment: Not usable outside of PowerShell
[0.277s] DEBUG:colcon.colcon_core.shell:Skip shell extension 'dsv' for command environment
[0.458s] INFO:colcon.colcon_core.task.python.build:Building Python package in '/home/yu/Desktop/robotic_arm_ws/src/e05_pro'
[0.458s] INFO:colcon.colcon_core.shell:Skip shell extension 'powershell' for command environment: Not usable outside of PowerShell
[0.458s] DEBUG:colcon.colcon_core.shell:Skip shell extension 'dsv' for command environment
[0.467s] DEBUG:colcon.colcon_core.event_handler.log_command:Invoking command in '/home/yu/Desktop/robotic_arm_ws/build/roboticsgroup_upatras_gazebo_plugins': CMAKE_PREFIX_PATH=${CMAKE_PREFIX_PATH}:/home/yu/Desktop/robotic_arm_ws/install/robotiq_description:/home/yu/Desktop/robotic_arm_ws/install/e05_pro:/home/yu/Desktop/github/arm_gripper_sim/robotic_arm_ws/install/robotiq_description:/home/yu/Desktop/github/arm_gripper_sim/robotic_arm_ws/install/e05_pro:/home/yu/Desktop/github/ackermann_car/install/ackermann_car:/opt/ros/humble /usr/bin/cmake --build /home/yu/Desktop/robotic_arm_ws/build/roboticsgroup_upatras_gazebo_plugins -- -j16 -l16
[0.649s] INFO:colcon.colcon_core.task.python.build:Building Python package in '/home/yu/Desktop/robotic_arm_ws/src/robotiq_description'
[0.649s] INFO:colcon.colcon_core.shell:Skip shell extension 'powershell' for command environment: Not usable outside of PowerShell
[0.649s] DEBUG:colcon.colcon_core.shell:Skip shell extension 'dsv' for command environment
[0.659s] DEBUG:colcon.colcon_core.event_handler.log_command:Invoked command in '/home/yu/Desktop/robotic_arm_ws/build/roboticsgroup_upatras_gazebo_plugins' returned '0': CMAKE_PREFIX_PATH=${CMAKE_PREFIX_PATH}:/home/yu/Desktop/robotic_arm_ws/install/robotiq_description:/home/yu/Desktop/robotic_arm_ws/install/e05_pro:/home/yu/Desktop/github/arm_gripper_sim/robotic_arm_ws/install/robotiq_description:/home/yu/Desktop/github/arm_gripper_sim/robotic_arm_ws/install/e05_pro:/home/yu/Desktop/github/ackermann_car/install/ackermann_car:/opt/ros/humble /usr/bin/cmake --build /home/yu/Desktop/robotic_arm_ws/build/roboticsgroup_upatras_gazebo_plugins -- -j16 -l16
[0.667s] DEBUG:colcon.colcon_core.event_handler.log_command:Invoking command in '/home/yu/Desktop/robotic_arm_ws/build/roboticsgroup_upatras_gazebo_plugins': CMAKE_PREFIX_PATH=${CMAKE_PREFIX_PATH}:/home/yu/Desktop/robotic_arm_ws/install/robotiq_description:/home/yu/Desktop/robotic_arm_ws/install/e05_pro:/home/yu/Desktop/github/arm_gripper_sim/robotic_arm_ws/install/robotiq_description:/home/yu/Desktop/github/arm_gripper_sim/robotic_arm_ws/install/e05_pro:/home/yu/Desktop/github/ackermann_car/install/ackermann_car:/opt/ros/humble /usr/bin/cmake --install /home/yu/Desktop/robotic_arm_ws/build/roboticsgroup_upatras_gazebo_plugins
[0.679s] Level 1:colcon.colcon_core.environment:create_environment_scripts_only(roboticsgroup_upatras_gazebo_plugins)
[0.679s] DEBUG:colcon.colcon_core.event_handler.log_command:Invoked command in '/home/yu/Desktop/robotic_arm_ws/build/roboticsgroup_upatras_gazebo_plugins' returned '0': CMAKE_PREFIX_PATH=${CMAKE_PREFIX_PATH}:/home/yu/Desktop/robotic_arm_ws/install/robotiq_description:/home/yu/Desktop/robotic_arm_ws/install/e05_pro:/home/yu/Desktop/github/arm_gripper_sim/robotic_arm_ws/install/robotiq_description:/home/yu/Desktop/github/arm_gripper_sim/robotic_arm_ws/install/e05_pro:/home/yu/Desktop/github/ackermann_car/install/ackermann_car:/opt/ros/humble /usr/bin/cmake --install /home/yu/Desktop/robotic_arm_ws/build/roboticsgroup_upatras_gazebo_plugins
[0.682s] Level 1:colcon.colcon_core.environment:checking '/home/yu/Desktop/robotic_arm_ws/install/roboticsgroup_upatras_gazebo_plugins' for CMake module files
[0.682s] Level 1:colcon.colcon_core.environment:checking '/home/yu/Desktop/robotic_arm_ws/install/roboticsgroup_upatras_gazebo_plugins' for CMake config files
[0.682s] Level 1:colcon.colcon_core.shell:create_environment_hook('roboticsgroup_upatras_gazebo_plugins', 'cmake_prefix_path')
[0.682s] INFO:colcon.colcon_core.shell:Creating environment hook '/home/yu/Desktop/robotic_arm_ws/install/roboticsgroup_upatras_gazebo_plugins/share/roboticsgroup_upatras_gazebo_plugins/hook/cmake_prefix_path.ps1'
[0.683s] INFO:colcon.colcon_core.shell:Creating environment descriptor '/home/yu/Desktop/robotic_arm_ws/install/roboticsgroup_upatras_gazebo_plugins/share/roboticsgroup_upatras_gazebo_plugins/hook/cmake_prefix_path.dsv'
[0.683s] INFO:colcon.colcon_core.shell:Creating environment hook '/home/yu/Desktop/robotic_arm_ws/install/roboticsgroup_upatras_gazebo_plugins/share/roboticsgroup_upatras_gazebo_plugins/hook/cmake_prefix_path.sh'
[0.684s] Level 1:colcon.colcon_core.environment:checking '/home/yu/Desktop/robotic_arm_ws/install/roboticsgroup_upatras_gazebo_plugins/lib'
[0.684s] Level 1:colcon.colcon_core.shell:create_environment_hook('roboticsgroup_upatras_gazebo_plugins', 'ld_library_path_lib')
[0.684s] INFO:colcon.colcon_core.shell:Creating environment hook '/home/yu/Desktop/robotic_arm_ws/install/roboticsgroup_upatras_gazebo_plugins/share/roboticsgroup_upatras_gazebo_plugins/hook/ld_library_path_lib.ps1'
[0.685s] INFO:colcon.colcon_core.shell:Creating environment descriptor '/home/yu/Desktop/robotic_arm_ws/install/roboticsgroup_upatras_gazebo_plugins/share/roboticsgroup_upatras_gazebo_plugins/hook/ld_library_path_lib.dsv'
[0.685s] INFO:colcon.colcon_core.shell:Creating environment hook '/home/yu/Desktop/robotic_arm_ws/install/roboticsgroup_upatras_gazebo_plugins/share/roboticsgroup_upatras_gazebo_plugins/hook/ld_library_path_lib.sh'
[0.685s] Level 1:colcon.colcon_core.environment:checking '/home/yu/Desktop/robotic_arm_ws/install/roboticsgroup_upatras_gazebo_plugins/bin'
[0.685s] Level 1:colcon.colcon_core.environment:checking '/home/yu/Desktop/robotic_arm_ws/install/roboticsgroup_upatras_gazebo_plugins/lib/pkgconfig/roboticsgroup_upatras_gazebo_plugins.pc'
[0.686s] Level 1:colcon.colcon_core.environment:checking '/home/yu/Desktop/robotic_arm_ws/install/roboticsgroup_upatras_gazebo_plugins/lib/python3.10/site-packages'
[0.686s] Level 1:colcon.colcon_core.environment:checking '/home/yu/Desktop/robotic_arm_ws/install/roboticsgroup_upatras_gazebo_plugins/bin'
[0.686s] INFO:colcon.colcon_core.shell:Creating package script '/home/yu/Desktop/robotic_arm_ws/install/roboticsgroup_upatras_gazebo_plugins/share/roboticsgroup_upatras_gazebo_plugins/package.ps1'
[0.687s] INFO:colcon.colcon_core.shell:Creating package descriptor '/home/yu/Desktop/robotic_arm_ws/install/roboticsgroup_upatras_gazebo_plugins/share/roboticsgroup_upatras_gazebo_plugins/package.dsv'
[0.687s] INFO:colcon.colcon_core.shell:Creating package script '/home/yu/Desktop/robotic_arm_ws/install/roboticsgroup_upatras_gazebo_plugins/share/roboticsgroup_upatras_gazebo_plugins/package.sh'
[0.688s] INFO:colcon.colcon_core.shell:Creating package script '/home/yu/Desktop/robotic_arm_ws/install/roboticsgroup_upatras_gazebo_plugins/share/roboticsgroup_upatras_gazebo_plugins/package.bash'
[0.689s] INFO:colcon.colcon_core.shell:Creating package script '/home/yu/Desktop/robotic_arm_ws/install/roboticsgroup_upatras_gazebo_plugins/share/roboticsgroup_upatras_gazebo_plugins/package.zsh'
[0.689s] Level 1:colcon.colcon_core.environment:create_file_with_runtime_dependencies(/home/yu/Desktop/robotic_arm_ws/install/roboticsgroup_upatras_gazebo_plugins/share/colcon-core/packages/roboticsgroup_upatras_gazebo_plugins)
[0.690s] Level 1:colcon.colcon_core.environment:create_environment_scripts_only(roboticsgroup_upatras_gazebo_plugins)
[0.690s] Level 1:colcon.colcon_core.environment:checking '/home/yu/Desktop/robotic_arm_ws/install/roboticsgroup_upatras_gazebo_plugins' for CMake module files
[0.690s] Level 1:colcon.colcon_core.environment:checking '/home/yu/Desktop/robotic_arm_ws/install/roboticsgroup_upatras_gazebo_plugins' for CMake config files
[0.690s] Level 1:colcon.colcon_core.shell:create_environment_hook('roboticsgroup_upatras_gazebo_plugins', 'cmake_prefix_path')
[0.690s] INFO:colcon.colcon_core.shell:Creating environment hook '/home/yu/Desktop/robotic_arm_ws/install/roboticsgroup_upatras_gazebo_plugins/share/roboticsgroup_upatras_gazebo_plugins/hook/cmake_prefix_path.ps1'
[0.691s] INFO:colcon.colcon_core.shell:Creating environment descriptor '/home/yu/Desktop/robotic_arm_ws/install/roboticsgroup_upatras_gazebo_plugins/share/roboticsgroup_upatras_gazebo_plugins/hook/cmake_prefix_path.dsv'
[0.691s] INFO:colcon.colcon_core.shell:Creating environment hook '/home/yu/Desktop/robotic_arm_ws/install/roboticsgroup_upatras_gazebo_plugins/share/roboticsgroup_upatras_gazebo_plugins/hook/cmake_prefix_path.sh'
[0.692s] Level 1:colcon.colcon_core.environment:checking '/home/yu/Desktop/robotic_arm_ws/install/roboticsgroup_upatras_gazebo_plugins/lib'
[0.692s] Level 1:colcon.colcon_core.shell:create_environment_hook('roboticsgroup_upatras_gazebo_plugins', 'ld_library_path_lib')
[0.692s] INFO:colcon.colcon_core.shell:Creating environment hook '/home/yu/Desktop/robotic_arm_ws/install/roboticsgroup_upatras_gazebo_plugins/share/roboticsgroup_upatras_gazebo_plugins/hook/ld_library_path_lib.ps1'
[0.692s] INFO:colcon.colcon_core.shell:Creating environment descriptor '/home/yu/Desktop/robotic_arm_ws/install/roboticsgroup_upatras_gazebo_plugins/share/roboticsgroup_upatras_gazebo_plugins/hook/ld_library_path_lib.dsv'
[0.693s] INFO:colcon.colcon_core.shell:Creating environment hook '/home/yu/Desktop/robotic_arm_ws/install/roboticsgroup_upatras_gazebo_plugins/share/roboticsgroup_upatras_gazebo_plugins/hook/ld_library_path_lib.sh'
[0.693s] Level 1:colcon.colcon_core.environment:checking '/home/yu/Desktop/robotic_arm_ws/install/roboticsgroup_upatras_gazebo_plugins/bin'
[0.693s] Level 1:colcon.colcon_core.environment:checking '/home/yu/Desktop/robotic_arm_ws/install/roboticsgroup_upatras_gazebo_plugins/lib/pkgconfig/roboticsgroup_upatras_gazebo_plugins.pc'
[0.694s] Level 1:colcon.colcon_core.environment:checking '/home/yu/Desktop/robotic_arm_ws/install/roboticsgroup_upatras_gazebo_plugins/lib/python3.10/site-packages'
[0.694s] Level 1:colcon.colcon_core.environment:checking '/home/yu/Desktop/robotic_arm_ws/install/roboticsgroup_upatras_gazebo_plugins/bin'
[0.694s] INFO:colcon.colcon_core.shell:Creating package script '/home/yu/Desktop/robotic_arm_ws/install/roboticsgroup_upatras_gazebo_plugins/share/roboticsgroup_upatras_gazebo_plugins/package.ps1'
[0.695s] INFO:colcon.colcon_core.shell:Creating package descriptor '/home/yu/Desktop/robotic_arm_ws/install/roboticsgroup_upatras_gazebo_plugins/share/roboticsgroup_upatras_gazebo_plugins/package.dsv'
[0.696s] INFO:colcon.colcon_core.shell:Creating package script '/home/yu/Desktop/robotic_arm_ws/install/roboticsgroup_upatras_gazebo_plugins/share/roboticsgroup_upatras_gazebo_plugins/package.sh'
[0.696s] INFO:colcon.colcon_core.shell:Creating package script '/home/yu/Desktop/robotic_arm_ws/install/roboticsgroup_upatras_gazebo_plugins/share/roboticsgroup_upatras_gazebo_plugins/package.bash'
[0.696s] INFO:colcon.colcon_core.shell:Creating package script '/home/yu/Desktop/robotic_arm_ws/install/roboticsgroup_upatras_gazebo_plugins/share/roboticsgroup_upatras_gazebo_plugins/package.zsh'
[0.697s] Level 1:colcon.colcon_core.environment:create_file_with_runtime_dependencies(/home/yu/Desktop/robotic_arm_ws/install/roboticsgroup_upatras_gazebo_plugins/share/colcon-core/packages/roboticsgroup_upatras_gazebo_plugins)
[0.917s] DEBUG:colcon.colcon_core.event_handler.log_command:Invoking command in '/home/yu/Desktop/robotic_arm_ws/src/e05_pro': PYTHONPATH=/home/yu/Desktop/robotic_arm_ws/build/e05_pro/prefix_override:/usr/lib/python3/dist-packages/colcon_core/task/python/colcon_distutils_commands:/home/yu/Desktop/robotic_arm_ws/install/e05_pro/lib/python3.10/site-packages:${PYTHONPATH} /usr/bin/python3 -W ignore:setup.py install is deprecated -W ignore:easy_install command is deprecated setup.py egg_info --egg-base ../../build/e05_pro build --build-base /home/yu/Desktop/robotic_arm_ws/build/e05_pro/build install --record /home/yu/Desktop/robotic_arm_ws/build/e05_pro/install.log --single-version-externally-managed install_data
[0.929s] DEBUG:colcon.colcon_core.event_handler.log_command:Invoking command in '/home/yu/Desktop/robotic_arm_ws/src/robotiq_description': PYTHONPATH=/home/yu/Desktop/robotic_arm_ws/build/robotiq_description/prefix_override:/usr/lib/python3/dist-packages/colcon_core/task/python/colcon_distutils_commands:/home/yu/Desktop/robotic_arm_ws/install/robotiq_description/lib/python3.10/site-packages:${PYTHONPATH} /usr/bin/python3 -W ignore:setup.py install is deprecated -W ignore:easy_install command is deprecated setup.py egg_info --egg-base ../../build/robotiq_description build --build-base /home/yu/Desktop/robotic_arm_ws/build/robotiq_description/build install --record /home/yu/Desktop/robotic_arm_ws/build/robotiq_description/install.log --single-version-externally-managed install_data
[1.123s] Level 1:colcon.colcon_core.environment:checking '/home/yu/Desktop/robotic_arm_ws/install/e05_pro' for CMake module files
[1.124s] DEBUG:colcon.colcon_core.event_handler.log_command:Invoked command in '/home/yu/Desktop/robotic_arm_ws/src/e05_pro' returned '0': PYTHONPATH=/home/yu/Desktop/robotic_arm_ws/build/e05_pro/prefix_override:/usr/lib/python3/dist-packages/colcon_core/task/python/colcon_distutils_commands:/home/yu/Desktop/robotic_arm_ws/install/e05_pro/lib/python3.10/site-packages:${PYTHONPATH} /usr/bin/python3 -W ignore:setup.py install is deprecated -W ignore:easy_install command is deprecated setup.py egg_info --egg-base ../../build/e05_pro build --build-base /home/yu/Desktop/robotic_arm_ws/build/e05_pro/build install --record /home/yu/Desktop/robotic_arm_ws/build/e05_pro/install.log --single-version-externally-managed install_data
[1.124s] Level 1:colcon.colcon_core.environment:checking '/home/yu/Desktop/robotic_arm_ws/install/e05_pro' for CMake config files
[1.125s] Level 1:colcon.colcon_core.environment:checking '/home/yu/Desktop/robotic_arm_ws/install/e05_pro/lib'
[1.125s] Level 1:colcon.colcon_core.environment:checking '/home/yu/Desktop/robotic_arm_ws/install/e05_pro/bin'
[1.125s] Level 1:colcon.colcon_core.environment:checking '/home/yu/Desktop/robotic_arm_ws/install/e05_pro/lib/pkgconfig/e05_pro.pc'
[1.125s] Level 1:colcon.colcon_core.environment:checking '/home/yu/Desktop/robotic_arm_ws/install/e05_pro/lib/python3.10/site-packages'
[1.125s] Level 1:colcon.colcon_core.shell:create_environment_hook('e05_pro', 'pythonpath')
[1.125s] INFO:colcon.colcon_core.shell:Creating environment hook '/home/yu/Desktop/robotic_arm_ws/install/e05_pro/share/e05_pro/hook/pythonpath.ps1'
[1.126s] INFO:colcon.colcon_core.shell:Creating environment descriptor '/home/yu/Desktop/robotic_arm_ws/install/e05_pro/share/e05_pro/hook/pythonpath.dsv'
[1.126s] INFO:colcon.colcon_core.shell:Creating environment hook '/home/yu/Desktop/robotic_arm_ws/install/e05_pro/share/e05_pro/hook/pythonpath.sh'
[1.127s] Level 1:colcon.colcon_core.environment:checking '/home/yu/Desktop/robotic_arm_ws/install/e05_pro/bin'
[1.127s] Level 1:colcon.colcon_core.environment:create_environment_scripts_only(e05_pro)
[1.127s] INFO:colcon.colcon_core.shell:Creating package script '/home/yu/Desktop/robotic_arm_ws/install/e05_pro/share/e05_pro/package.ps1'
[1.128s] INFO:colcon.colcon_core.shell:Creating package descriptor '/home/yu/Desktop/robotic_arm_ws/install/e05_pro/share/e05_pro/package.dsv'
[1.129s] INFO:colcon.colcon_core.shell:Creating package script '/home/yu/Desktop/robotic_arm_ws/install/e05_pro/share/e05_pro/package.sh'
[1.129s] INFO:colcon.colcon_core.shell:Creating package script '/home/yu/Desktop/robotic_arm_ws/install/e05_pro/share/e05_pro/package.bash'
[1.129s] INFO:colcon.colcon_core.shell:Creating package script '/home/yu/Desktop/robotic_arm_ws/install/e05_pro/share/e05_pro/package.zsh'
[1.130s] Level 1:colcon.colcon_core.environment:create_file_with_runtime_dependencies(/home/yu/Desktop/robotic_arm_ws/install/e05_pro/share/colcon-core/packages/e05_pro)
[1.130s] INFO:colcon.colcon_ros.task.ament_cmake.build:Building ROS package in '/home/yu/Desktop/robotic_arm_ws/src/e05_moveit' with build type 'ament_cmake'
[1.130s] INFO:colcon.colcon_cmake.task.cmake.build:Building CMake package in '/home/yu/Desktop/robotic_arm_ws/src/e05_moveit'
[1.131s] INFO:colcon.colcon_core.shell:Skip shell extension 'powershell' for command environment: Not usable outside of PowerShell
[1.131s] DEBUG:colcon.colcon_core.shell:Skip shell extension 'dsv' for command environment
[1.143s] DEBUG:colcon.colcon_core.event_handler.log_command:Invoking command in '/home/yu/Desktop/robotic_arm_ws/build/e05_moveit': AMENT_PREFIX_PATH=/home/yu/Desktop/robotic_arm_ws/install/e05_pro:/home/yu/Desktop/robotic_arm_ws/install/robotiq_description:/home/yu/Desktop/robotic_arm_ws/install/roboticsgroup_upatras_gazebo_plugins:/home/yu/Desktop/robotic_arm_ws/install/e05_moveit:/home/yu/Desktop/github/arm_gripper_sim/robotic_arm_ws/install/robotiq_description:/home/yu/Desktop/github/arm_gripper_sim/robotic_arm_ws/install/roboticsgroup_upatras_gazebo_plugins:/home/yu/Desktop/github/arm_gripper_sim/robotic_arm_ws/install/e05_moveit:/home/yu/Desktop/github/arm_gripper_sim/robotic_arm_ws/install/e05_pro:/home/yu/Desktop/github/ackermann_car/install/ackermann_car:/opt/ros/humble CMAKE_PREFIX_PATH=${CMAKE_PREFIX_PATH}:/home/yu/Desktop/robotic_arm_ws/install/robotiq_description:/home/yu/Desktop/robotic_arm_ws/install/e05_pro:/home/yu/Desktop/github/arm_gripper_sim/robotic_arm_ws/install/robotiq_description:/home/yu/Desktop/github/arm_gripper_sim/robotic_arm_ws/install/e05_pro:/home/yu/Desktop/github/ackermann_car/install/ackermann_car:/opt/ros/humble PYTHONPATH=/home/yu/Desktop/robotic_arm_ws/install/e05_pro/lib/python3.10/site-packages:/home/yu/Desktop/robotic_arm_ws/install/robotiq_description/lib/python3.10/site-packages:/home/yu/Desktop/github/arm_gripper_sim/robotic_arm_ws/install/robotiq_description/lib/python3.10/site-packages:/home/yu/Desktop/github/arm_gripper_sim/robotic_arm_ws/install/e05_pro/lib/python3.10/site-packages:/home/yu/Desktop/github/ackermann_car/install/ackermann_car/lib/python3.10/site-packages:/opt/ros/humble/lib/python3.10/site-packages:/opt/ros/humble/local/lib/python3.10/dist-packages /usr/bin/cmake --build /home/yu/Desktop/robotic_arm_ws/build/e05_moveit -- -j16 -l16
[1.144s] Level 1:colcon.colcon_core.environment:checking '/home/yu/Desktop/robotic_arm_ws/install/robotiq_description' for CMake module files
[1.145s] DEBUG:colcon.colcon_core.event_handler.log_command:Invoked command in '/home/yu/Desktop/robotic_arm_ws/src/robotiq_description' returned '0': PYTHONPATH=/home/yu/Desktop/robotic_arm_ws/build/robotiq_description/prefix_override:/usr/lib/python3/dist-packages/colcon_core/task/python/colcon_distutils_commands:/home/yu/Desktop/robotic_arm_ws/install/robotiq_description/lib/python3.10/site-packages:${PYTHONPATH} /usr/bin/python3 -W ignore:setup.py install is deprecated -W ignore:easy_install command is deprecated setup.py egg_info --egg-base ../../build/robotiq_description build --build-base /home/yu/Desktop/robotic_arm_ws/build/robotiq_description/build install --record /home/yu/Desktop/robotic_arm_ws/build/robotiq_description/install.log --single-version-externally-managed install_data
[1.145s] Level 1:colcon.colcon_core.environment:checking '/home/yu/Desktop/robotic_arm_ws/install/robotiq_description' for CMake config files
[1.145s] Level 1:colcon.colcon_core.environment:checking '/home/yu/Desktop/robotic_arm_ws/install/robotiq_description/lib'
[1.145s] Level 1:colcon.colcon_core.environment:checking '/home/yu/Desktop/robotic_arm_ws/install/robotiq_description/bin'
[1.146s] Level 1:colcon.colcon_core.environment:checking '/home/yu/Desktop/robotic_arm_ws/install/robotiq_description/lib/pkgconfig/robotiq_description.pc'
[1.146s] Level 1:colcon.colcon_core.environment:checking '/home/yu/Desktop/robotic_arm_ws/install/robotiq_description/lib/python3.10/site-packages'
[1.146s] Level 1:colcon.colcon_core.shell:create_environment_hook('robotiq_description', 'pythonpath')
[1.146s] INFO:colcon.colcon_core.shell:Creating environment hook '/home/yu/Desktop/robotic_arm_ws/install/robotiq_description/share/robotiq_description/hook/pythonpath.ps1'
[1.146s] INFO:colcon.colcon_core.shell:Creating environment descriptor '/home/yu/Desktop/robotic_arm_ws/install/robotiq_description/share/robotiq_description/hook/pythonpath.dsv'
[1.147s] INFO:colcon.colcon_core.shell:Creating environment hook '/home/yu/Desktop/robotic_arm_ws/install/robotiq_description/share/robotiq_description/hook/pythonpath.sh'
[1.148s] Level 1:colcon.colcon_core.environment:checking '/home/yu/Desktop/robotic_arm_ws/install/robotiq_description/bin'
[1.148s] Level 1:colcon.colcon_core.environment:create_environment_scripts_only(robotiq_description)
[1.148s] INFO:colcon.colcon_core.shell:Creating package script '/home/yu/Desktop/robotic_arm_ws/install/robotiq_description/share/robotiq_description/package.ps1'
[1.151s] INFO:colcon.colcon_core.shell:Creating package descriptor '/home/yu/Desktop/robotic_arm_ws/install/robotiq_description/share/robotiq_description/package.dsv'
[1.152s] INFO:colcon.colcon_core.shell:Creating package script '/home/yu/Desktop/robotic_arm_ws/install/robotiq_description/share/robotiq_description/package.sh'
[1.152s] INFO:colcon.colcon_core.shell:Creating package script '/home/yu/Desktop/robotic_arm_ws/install/robotiq_description/share/robotiq_description/package.bash'
[1.153s] INFO:colcon.colcon_core.shell:Creating package script '/home/yu/Desktop/robotic_arm_ws/install/robotiq_description/share/robotiq_description/package.zsh'
[1.154s] Level 1:colcon.colcon_core.environment:create_file_with_runtime_dependencies(/home/yu/Desktop/robotic_arm_ws/install/robotiq_description/share/colcon-core/packages/robotiq_description)
[1.179s] DEBUG:colcon.colcon_core.event_handler.log_command:Invoked command in '/home/yu/Desktop/robotic_arm_ws/build/e05_moveit' returned '0': AMENT_PREFIX_PATH=/home/yu/Desktop/robotic_arm_ws/install/e05_pro:/home/yu/Desktop/robotic_arm_ws/install/robotiq_description:/home/yu/Desktop/robotic_arm_ws/install/roboticsgroup_upatras_gazebo_plugins:/home/yu/Desktop/robotic_arm_ws/install/e05_moveit:/home/yu/Desktop/github/arm_gripper_sim/robotic_arm_ws/install/robotiq_description:/home/yu/Desktop/github/arm_gripper_sim/robotic_arm_ws/install/roboticsgroup_upatras_gazebo_plugins:/home/yu/Desktop/github/arm_gripper_sim/robotic_arm_ws/install/e05_moveit:/home/yu/Desktop/github/arm_gripper_sim/robotic_arm_ws/install/e05_pro:/home/yu/Desktop/github/ackermann_car/install/ackermann_car:/opt/ros/humble CMAKE_PREFIX_PATH=${CMAKE_PREFIX_PATH}:/home/yu/Desktop/robotic_arm_ws/install/robotiq_description:/home/yu/Desktop/robotic_arm_ws/install/e05_pro:/home/yu/Desktop/github/arm_gripper_sim/robotic_arm_ws/install/robotiq_description:/home/yu/Desktop/github/arm_gripper_sim/robotic_arm_ws/install/e05_pro:/home/yu/Desktop/github/ackermann_car/install/ackermann_car:/opt/ros/humble PYTHONPATH=/home/yu/Desktop/robotic_arm_ws/install/e05_pro/lib/python3.10/site-packages:/home/yu/Desktop/robotic_arm_ws/install/robotiq_description/lib/python3.10/site-packages:/home/yu/Desktop/github/arm_gripper_sim/robotic_arm_ws/install/robotiq_description/lib/python3.10/site-packages:/home/yu/Desktop/github/arm_gripper_sim/robotic_arm_ws/install/e05_pro/lib/python3.10/site-packages:/home/yu/Desktop/github/ackermann_car/install/ackermann_car/lib/python3.10/site-packages:/opt/ros/humble/lib/python3.10/site-packages:/opt/ros/humble/local/lib/python3.10/dist-packages /usr/bin/cmake --build /home/yu/Desktop/robotic_arm_ws/build/e05_moveit -- -j16 -l16
[1.181s] DEBUG:colcon.colcon_core.event_handler.log_command:Invoking command in '/home/yu/Desktop/robotic_arm_ws/build/e05_moveit': AMENT_PREFIX_PATH=/home/yu/Desktop/robotic_arm_ws/install/e05_pro:/home/yu/Desktop/robotic_arm_ws/install/robotiq_description:/home/yu/Desktop/robotic_arm_ws/install/roboticsgroup_upatras_gazebo_plugins:/home/yu/Desktop/robotic_arm_ws/install/e05_moveit:/home/yu/Desktop/github/arm_gripper_sim/robotic_arm_ws/install/robotiq_description:/home/yu/Desktop/github/arm_gripper_sim/robotic_arm_ws/install/roboticsgroup_upatras_gazebo_plugins:/home/yu/Desktop/github/arm_gripper_sim/robotic_arm_ws/install/e05_moveit:/home/yu/Desktop/github/arm_gripper_sim/robotic_arm_ws/install/e05_pro:/home/yu/Desktop/github/ackermann_car/install/ackermann_car:/opt/ros/humble CMAKE_PREFIX_PATH=${CMAKE_PREFIX_PATH}:/home/yu/Desktop/robotic_arm_ws/install/robotiq_description:/home/yu/Desktop/robotic_arm_ws/install/e05_pro:/home/yu/Desktop/github/arm_gripper_sim/robotic_arm_ws/install/robotiq_description:/home/yu/Desktop/github/arm_gripper_sim/robotic_arm_ws/install/e05_pro:/home/yu/Desktop/github/ackermann_car/install/ackermann_car:/opt/ros/humble PYTHONPATH=/home/yu/Desktop/robotic_arm_ws/install/e05_pro/lib/python3.10/site-packages:/home/yu/Desktop/robotic_arm_ws/install/robotiq_description/lib/python3.10/site-packages:/home/yu/Desktop/github/arm_gripper_sim/robotic_arm_ws/install/robotiq_description/lib/python3.10/site-packages:/home/yu/Desktop/github/arm_gripper_sim/robotic_arm_ws/install/e05_pro/lib/python3.10/site-packages:/home/yu/Desktop/github/ackermann_car/install/ackermann_car/lib/python3.10/site-packages:/opt/ros/humble/lib/python3.10/site-packages:/opt/ros/humble/local/lib/python3.10/dist-packages /usr/bin/cmake --install /home/yu/Desktop/robotic_arm_ws/build/e05_moveit
[1.193s] Level 1:colcon.colcon_core.environment:create_environment_scripts_only(e05_moveit)
[1.194s] Level 1:colcon.colcon_core.environment:checking '/home/yu/Desktop/robotic_arm_ws/install/e05_moveit' for CMake module files
[1.195s] DEBUG:colcon.colcon_core.event_handler.log_command:Invoked command in '/home/yu/Desktop/robotic_arm_ws/build/e05_moveit' returned '0': AMENT_PREFIX_PATH=/home/yu/Desktop/robotic_arm_ws/install/e05_pro:/home/yu/Desktop/robotic_arm_ws/install/robotiq_description:/home/yu/Desktop/robotic_arm_ws/install/roboticsgroup_upatras_gazebo_plugins:/home/yu/Desktop/robotic_arm_ws/install/e05_moveit:/home/yu/Desktop/github/arm_gripper_sim/robotic_arm_ws/install/robotiq_description:/home/yu/Desktop/github/arm_gripper_sim/robotic_arm_ws/install/roboticsgroup_upatras_gazebo_plugins:/home/yu/Desktop/github/arm_gripper_sim/robotic_arm_ws/install/e05_moveit:/home/yu/Desktop/github/arm_gripper_sim/robotic_arm_ws/install/e05_pro:/home/yu/Desktop/github/ackermann_car/install/ackermann_car:/opt/ros/humble CMAKE_PREFIX_PATH=${CMAKE_PREFIX_PATH}:/home/yu/Desktop/robotic_arm_ws/install/robotiq_description:/home/yu/Desktop/robotic_arm_ws/install/e05_pro:/home/yu/Desktop/github/arm_gripper_sim/robotic_arm_ws/install/robotiq_description:/home/yu/Desktop/github/arm_gripper_sim/robotic_arm_ws/install/e05_pro:/home/yu/Desktop/github/ackermann_car/install/ackermann_car:/opt/ros/humble PYTHONPATH=/home/yu/Desktop/robotic_arm_ws/install/e05_pro/lib/python3.10/site-packages:/home/yu/Desktop/robotic_arm_ws/install/robotiq_description/lib/python3.10/site-packages:/home/yu/Desktop/github/arm_gripper_sim/robotic_arm_ws/install/robotiq_description/lib/python3.10/site-packages:/home/yu/Desktop/github/arm_gripper_sim/robotic_arm_ws/install/e05_pro/lib/python3.10/site-packages:/home/yu/Desktop/github/ackermann_car/install/ackermann_car/lib/python3.10/site-packages:/opt/ros/humble/lib/python3.10/site-packages:/opt/ros/humble/local/lib/python3.10/dist-packages /usr/bin/cmake --install /home/yu/Desktop/robotic_arm_ws/build/e05_moveit
[1.196s] Level 1:colcon.colcon_core.environment:checking '/home/yu/Desktop/robotic_arm_ws/install/e05_moveit' for CMake config files
[1.196s] Level 1:colcon.colcon_core.shell:create_environment_hook('e05_moveit', 'cmake_prefix_path')
[1.196s] INFO:colcon.colcon_core.shell:Creating environment hook '/home/yu/Desktop/robotic_arm_ws/install/e05_moveit/share/e05_moveit/hook/cmake_prefix_path.ps1'
[1.197s] INFO:colcon.colcon_core.shell:Creating environment descriptor '/home/yu/Desktop/robotic_arm_ws/install/e05_moveit/share/e05_moveit/hook/cmake_prefix_path.dsv'
[1.198s] INFO:colcon.colcon_core.shell:Creating environment hook '/home/yu/Desktop/robotic_arm_ws/install/e05_moveit/share/e05_moveit/hook/cmake_prefix_path.sh'
[1.199s] Level 1:colcon.colcon_core.environment:checking '/home/yu/Desktop/robotic_arm_ws/install/e05_moveit/bin'
[1.199s] Level 1:colcon.colcon_core.environment:checking '/home/yu/Desktop/robotic_arm_ws/install/e05_moveit/lib/pkgconfig/e05_moveit.pc'
[1.200s] Level 1:colcon.colcon_core.environment:checking '/home/yu/Desktop/robotic_arm_ws/install/e05_moveit/lib/python3.10/site-packages'
[1.200s] Level 1:colcon.colcon_core.environment:checking '/home/yu/Desktop/robotic_arm_ws/install/e05_moveit/bin'
[1.200s] INFO:colcon.colcon_core.shell:Creating package script '/home/yu/Desktop/robotic_arm_ws/install/e05_moveit/share/e05_moveit/package.ps1'
[1.201s] INFO:colcon.colcon_core.shell:Creating package descriptor '/home/yu/Desktop/robotic_arm_ws/install/e05_moveit/share/e05_moveit/package.dsv'
[1.202s] INFO:colcon.colcon_core.shell:Creating package script '/home/yu/Desktop/robotic_arm_ws/install/e05_moveit/share/e05_moveit/package.sh'
[1.203s] INFO:colcon.colcon_core.shell:Creating package script '/home/yu/Desktop/robotic_arm_ws/install/e05_moveit/share/e05_moveit/package.bash'
[1.204s] INFO:colcon.colcon_core.shell:Creating package script '/home/yu/Desktop/robotic_arm_ws/install/e05_moveit/share/e05_moveit/package.zsh'
[1.205s] Level 1:colcon.colcon_core.environment:create_file_with_runtime_dependencies(/home/yu/Desktop/robotic_arm_ws/install/e05_moveit/share/colcon-core/packages/e05_moveit)
[1.206s] Level 1:colcon.colcon_core.environment:create_environment_scripts_only(e05_moveit)
[1.206s] Level 1:colcon.colcon_core.environment:checking '/home/yu/Desktop/robotic_arm_ws/install/e05_moveit' for CMake module files
[1.207s] Level 1:colcon.colcon_core.environment:checking '/home/yu/Desktop/robotic_arm_ws/install/e05_moveit' for CMake config files
[1.207s] Level 1:colcon.colcon_core.shell:create_environment_hook('e05_moveit', 'cmake_prefix_path')
[1.207s] INFO:colcon.colcon_core.shell:Creating environment hook '/home/yu/Desktop/robotic_arm_ws/install/e05_moveit/share/e05_moveit/hook/cmake_prefix_path.ps1'
[1.208s] INFO:colcon.colcon_core.shell:Creating environment descriptor '/home/yu/Desktop/robotic_arm_ws/install/e05_moveit/share/e05_moveit/hook/cmake_prefix_path.dsv'
[1.209s] INFO:colcon.colcon_core.shell:Creating environment hook '/home/yu/Desktop/robotic_arm_ws/install/e05_moveit/share/e05_moveit/hook/cmake_prefix_path.sh'
[1.210s] Level 1:colcon.colcon_core.environment:checking '/home/yu/Desktop/robotic_arm_ws/install/e05_moveit/bin'
[1.210s] Level 1:colcon.colcon_core.environment:checking '/home/yu/Desktop/robotic_arm_ws/install/e05_moveit/lib/pkgconfig/e05_moveit.pc'
[1.210s] Level 1:colcon.colcon_core.environment:checking '/home/yu/Desktop/robotic_arm_ws/install/e05_moveit/lib/python3.10/site-packages'
[1.211s] Level 1:colcon.colcon_core.environment:checking '/home/yu/Desktop/robotic_arm_ws/install/e05_moveit/bin'
[1.211s] INFO:colcon.colcon_core.shell:Creating package script '/home/yu/Desktop/robotic_arm_ws/install/e05_moveit/share/e05_moveit/package.ps1'
[1.212s] INFO:colcon.colcon_core.shell:Creating package descriptor '/home/yu/Desktop/robotic_arm_ws/install/e05_moveit/share/e05_moveit/package.dsv'
[1.213s] INFO:colcon.colcon_core.shell:Creating package script '/home/yu/Desktop/robotic_arm_ws/install/e05_moveit/share/e05_moveit/package.sh'
[1.214s] INFO:colcon.colcon_core.shell:Creating package script '/home/yu/Desktop/robotic_arm_ws/install/e05_moveit/share/e05_moveit/package.bash'
[1.215s] INFO:colcon.colcon_core.shell:Creating package script '/home/yu/Desktop/robotic_arm_ws/install/e05_moveit/share/e05_moveit/package.zsh'
[1.215s] Level 1:colcon.colcon_core.environment:create_file_with_runtime_dependencies(/home/yu/Desktop/robotic_arm_ws/install/e05_moveit/share/colcon-core/packages/e05_moveit)
[1.216s] DEBUG:colcon.colcon_parallel_executor.executor.parallel:closing loop
[1.217s] DEBUG:colcon.colcon_parallel_executor.executor.parallel:loop closed
[1.217s] DEBUG:colcon.colcon_parallel_executor.executor.parallel:run_until_complete finished with '0'
[1.217s] DEBUG:colcon.colcon_core.event_reactor:joining thread
[1.221s] INFO:colcon.colcon_core.plugin_system:Skipping extension 'colcon_notification.desktop_notification.terminal_notifier': Not used on non-Darwin systems
[1.221s] INFO:colcon.colcon_core.plugin_system:Skipping extension 'colcon_notification.desktop_notification.win32': Not used on non-Windows systems
[1.221s] INFO:colcon.colcon_notification.desktop_notification:Sending desktop notification using 'notify2'
[1.233s] DEBUG:colcon.colcon_core.event_reactor:joined thread
[1.234s] INFO:colcon.colcon_core.shell:Creating prefix script '/home/yu/Desktop/robotic_arm_ws/install/local_setup.ps1'
[1.235s] INFO:colcon.colcon_core.shell:Creating prefix util module '/home/yu/Desktop/robotic_arm_ws/install/_local_setup_util_ps1.py'
[1.237s] INFO:colcon.colcon_core.shell:Creating prefix chain script '/home/yu/Desktop/robotic_arm_ws/install/setup.ps1'
[1.238s] INFO:colcon.colcon_core.shell:Creating prefix script '/home/yu/Desktop/robotic_arm_ws/install/local_setup.sh'
[1.239s] INFO:colcon.colcon_core.shell:Creating prefix util module '/home/yu/Desktop/robotic_arm_ws/install/_local_setup_util_sh.py'
[1.240s] INFO:colcon.colcon_core.shell:Creating prefix chain script '/home/yu/Desktop/robotic_arm_ws/install/setup.sh'
[1.241s] INFO:colcon.colcon_core.shell:Creating prefix script '/home/yu/Desktop/robotic_arm_ws/install/local_setup.bash'
[1.242s] INFO:colcon.colcon_core.shell:Creating prefix chain script '/home/yu/Desktop/robotic_arm_ws/install/setup.bash'
[1.243s] INFO:colcon.colcon_core.shell:Creating prefix script '/home/yu/Desktop/robotic_arm_ws/install/local_setup.zsh'
[1.244s] INFO:colcon.colcon_core.shell:Creating prefix chain script '/home/yu/Desktop/robotic_arm_ws/install/setup.zsh'
