[35m[1mConsolidate compiler generated dependencies of target roboticsgroup_upatras_gazebo_disable_link_plugin[0m
[35m[1mConsolidate compiler generated dependencies of target roboticsgroup_upatras_gazebo_mimic_joint_plugin[0m
[ 50%] Built target roboticsgroup_upatras_gazebo_disable_link_plugin
[100%] Built target roboticsgroup_upatras_gazebo_mimic_joint_plugin
-- Install configuration: ""
-- Up-to-date: /home/yu/Desktop/robotic_arm_ws/install/roboticsgroup_upatras_gazebo_plugins/include/roboticsgroup_upatras_gazebo_plugins
-- Up-to-date: /home/yu/Desktop/robotic_arm_ws/install/roboticsgroup_upatras_gazebo_plugins/include/roboticsgroup_upatras_gazebo_plugins/roboticsgroup_upatras_gazebo_plugins
-- Up-to-date: /home/yu/Desktop/robotic_arm_ws/install/roboticsgroup_upatras_gazebo_plugins/include/roboticsgroup_upatras_gazebo_plugins/roboticsgroup_upatras_gazebo_plugins/mimic_joint_plugin.hpp
-- Up-to-date: /home/yu/Desktop/robotic_arm_ws/install/roboticsgroup_upatras_gazebo_plugins/include/roboticsgroup_upatras_gazebo_plugins/roboticsgroup_upatras_gazebo_plugins/disable_link_plugin.hpp
-- Up-to-date: /home/yu/Desktop/robotic_arm_ws/install/roboticsgroup_upatras_gazebo_plugins/lib/libroboticsgroup_upatras_gazebo_mimic_joint_plugin.so
-- Up-to-date: /home/yu/Desktop/robotic_arm_ws/install/roboticsgroup_upatras_gazebo_plugins/lib/libroboticsgroup_upatras_gazebo_disable_link_plugin.so
-- Up-to-date: /home/yu/Desktop/robotic_arm_ws/install/roboticsgroup_upatras_gazebo_plugins/share/roboticsgroup_upatras_gazebo_plugins/environment/library_path.sh
-- Up-to-date: /home/yu/Desktop/robotic_arm_ws/install/roboticsgroup_upatras_gazebo_plugins/share/roboticsgroup_upatras_gazebo_plugins/environment/library_path.dsv
-- Up-to-date: /home/yu/Desktop/robotic_arm_ws/install/roboticsgroup_upatras_gazebo_plugins/share/ament_index/resource_index/package_run_dependencies/roboticsgroup_upatras_gazebo_plugins
-- Up-to-date: /home/yu/Desktop/robotic_arm_ws/install/roboticsgroup_upatras_gazebo_plugins/share/ament_index/resource_index/parent_prefix_path/roboticsgroup_upatras_gazebo_plugins
-- Up-to-date: /home/yu/Desktop/robotic_arm_ws/install/roboticsgroup_upatras_gazebo_plugins/share/roboticsgroup_upatras_gazebo_plugins/environment/ament_prefix_path.sh
-- Up-to-date: /home/yu/Desktop/robotic_arm_ws/install/roboticsgroup_upatras_gazebo_plugins/share/roboticsgroup_upatras_gazebo_plugins/environment/ament_prefix_path.dsv
-- Up-to-date: /home/yu/Desktop/robotic_arm_ws/install/roboticsgroup_upatras_gazebo_plugins/share/roboticsgroup_upatras_gazebo_plugins/environment/path.sh
-- Up-to-date: /home/yu/Desktop/robotic_arm_ws/install/roboticsgroup_upatras_gazebo_plugins/share/roboticsgroup_upatras_gazebo_plugins/environment/path.dsv
-- Up-to-date: /home/yu/Desktop/robotic_arm_ws/install/roboticsgroup_upatras_gazebo_plugins/share/roboticsgroup_upatras_gazebo_plugins/local_setup.bash
-- Up-to-date: /home/yu/Desktop/robotic_arm_ws/install/roboticsgroup_upatras_gazebo_plugins/share/roboticsgroup_upatras_gazebo_plugins/local_setup.sh
-- Up-to-date: /home/yu/Desktop/robotic_arm_ws/install/roboticsgroup_upatras_gazebo_plugins/share/roboticsgroup_upatras_gazebo_plugins/local_setup.zsh
-- Up-to-date: /home/yu/Desktop/robotic_arm_ws/install/roboticsgroup_upatras_gazebo_plugins/share/roboticsgroup_upatras_gazebo_plugins/local_setup.dsv
-- Installing: /home/yu/Desktop/robotic_arm_ws/install/roboticsgroup_upatras_gazebo_plugins/share/roboticsgroup_upatras_gazebo_plugins/package.dsv
-- Up-to-date: /home/yu/Desktop/robotic_arm_ws/install/roboticsgroup_upatras_gazebo_plugins/share/ament_index/resource_index/packages/roboticsgroup_upatras_gazebo_plugins
-- Up-to-date: /home/yu/Desktop/robotic_arm_ws/install/roboticsgroup_upatras_gazebo_plugins/share/roboticsgroup_upatras_gazebo_plugins/cmake/ament_cmake_export_libraries-extras.cmake
-- Up-to-date: /home/yu/Desktop/robotic_arm_ws/install/roboticsgroup_upatras_gazebo_plugins/share/roboticsgroup_upatras_gazebo_plugins/cmake/roboticsgroup_upatras_gazebo_pluginsConfig.cmake
-- Up-to-date: /home/yu/Desktop/robotic_arm_ws/install/roboticsgroup_upatras_gazebo_plugins/share/roboticsgroup_upatras_gazebo_plugins/cmake/roboticsgroup_upatras_gazebo_pluginsConfig-version.cmake
-- Up-to-date: /home/yu/Desktop/robotic_arm_ws/install/roboticsgroup_upatras_gazebo_plugins/share/roboticsgroup_upatras_gazebo_plugins/package.xml
