/home/yu/Desktop/robotic_arm_ws/install/robotiq_description/lib/python3.10/site-packages/robotiq_description/__init__.py
/home/yu/Desktop/robotic_arm_ws/install/robotiq_description/lib/python3.10/site-packages/robotiq_description/__pycache__/__init__.cpython-310.pyc
/home/yu/Desktop/robotic_arm_ws/install/robotiq_description/share/ament_index/resource_index/packages/robotiq_description
/home/yu/Desktop/robotic_arm_ws/install/robotiq_description/share/robotiq_description/package.xml
/home/yu/Desktop/robotic_arm_ws/install/robotiq_description/share/robotiq_description/meshes/visual/2f_140/robotiq_2f_140_outer_finger.stl
/home/yu/Desktop/robotic_arm_ws/install/robotiq_description/share/robotiq_description/meshes/visual/2f_140/robotiq_2f_140_inner_finger.stl
/home/yu/Desktop/robotic_arm_ws/install/robotiq_description/share/robotiq_description/meshes/visual/2f_140/robotiq_2f_140_base_link.stl
/home/yu/Desktop/robotic_arm_ws/install/robotiq_description/share/robotiq_description/meshes/visual/2f_140/robotiq_2f_140_outer_knuckle.stl
/home/yu/Desktop/robotic_arm_ws/install/robotiq_description/share/robotiq_description/meshes/visual/2f_140/robotiq_2f_140_inner_knuckle.stl
/home/yu/Desktop/robotic_arm_ws/install/robotiq_description/share/robotiq_description/meshes/visual/2f_140/robotiq_2f_140_coupling.stl
/home/yu/Desktop/robotic_arm_ws/install/robotiq_description/share/robotiq_description/meshes/visual/2f_85/right_knuckle.dae
/home/yu/Desktop/robotic_arm_ws/install/robotiq_description/share/robotiq_description/meshes/visual/2f_85/left_inner_knuckle.dae
/home/yu/Desktop/robotic_arm_ws/install/robotiq_description/share/robotiq_description/meshes/visual/2f_85/right_finger.dae
/home/yu/Desktop/robotic_arm_ws/install/robotiq_description/share/robotiq_description/meshes/visual/2f_85/left_knuckle.dae
/home/yu/Desktop/robotic_arm_ws/install/robotiq_description/share/robotiq_description/meshes/visual/2f_85/right_inner_knuckle.dae
/home/yu/Desktop/robotic_arm_ws/install/robotiq_description/share/robotiq_description/meshes/visual/2f_85/ur_to_robotiq_adapter.dae
/home/yu/Desktop/robotic_arm_ws/install/robotiq_description/share/robotiq_description/meshes/visual/2f_85/robotiq_base.dae
/home/yu/Desktop/robotic_arm_ws/install/robotiq_description/share/robotiq_description/meshes/visual/2f_85/right_finger_tip.dae
/home/yu/Desktop/robotic_arm_ws/install/robotiq_description/share/robotiq_description/meshes/visual/2f_85/left_finger.dae
/home/yu/Desktop/robotic_arm_ws/install/robotiq_description/share/robotiq_description/meshes/visual/2f_85/left_finger_tip.dae
/home/yu/Desktop/robotic_arm_ws/install/robotiq_description/share/robotiq_description/meshes/collision/2f_140/robotiq_2f_140_outer_finger.stl
/home/yu/Desktop/robotic_arm_ws/install/robotiq_description/share/robotiq_description/meshes/collision/2f_140/robotiq_2f_140_inner_finger.stl
/home/yu/Desktop/robotic_arm_ws/install/robotiq_description/share/robotiq_description/meshes/collision/2f_140/robotiq_2f_140_base_link.stl
/home/yu/Desktop/robotic_arm_ws/install/robotiq_description/share/robotiq_description/meshes/collision/2f_140/robotiq_2f_140_outer_knuckle.stl
/home/yu/Desktop/robotic_arm_ws/install/robotiq_description/share/robotiq_description/meshes/collision/2f_140/robotiq_2f_140_inner_knuckle.stl
/home/yu/Desktop/robotic_arm_ws/install/robotiq_description/share/robotiq_description/meshes/collision/2f_140/robotiq_2f_140_coupling.stl
/home/yu/Desktop/robotic_arm_ws/install/robotiq_description/share/robotiq_description/meshes/collision/2f_85/left_finger_tip.stl
/home/yu/Desktop/robotic_arm_ws/install/robotiq_description/share/robotiq_description/meshes/collision/2f_85/right_inner_knuckle.stl
/home/yu/Desktop/robotic_arm_ws/install/robotiq_description/share/robotiq_description/meshes/collision/2f_85/robotiq_base.stl
/home/yu/Desktop/robotic_arm_ws/install/robotiq_description/share/robotiq_description/meshes/collision/2f_85/left_knuckle.stl
/home/yu/Desktop/robotic_arm_ws/install/robotiq_description/share/robotiq_description/meshes/collision/2f_85/left_finger.stl
/home/yu/Desktop/robotic_arm_ws/install/robotiq_description/share/robotiq_description/meshes/collision/2f_85/ur_to_robotiq_adapter.stl
/home/yu/Desktop/robotic_arm_ws/install/robotiq_description/share/robotiq_description/meshes/collision/2f_85/right_finger.stl
/home/yu/Desktop/robotic_arm_ws/install/robotiq_description/share/robotiq_description/meshes/collision/2f_85/left_inner_knuckle.stl
/home/yu/Desktop/robotic_arm_ws/install/robotiq_description/share/robotiq_description/meshes/collision/2f_85/right_finger_tip.stl
/home/yu/Desktop/robotic_arm_ws/install/robotiq_description/share/robotiq_description/meshes/collision/2f_85/right_knuckle.stl
/home/yu/Desktop/robotic_arm_ws/install/robotiq_description/share/robotiq_description/urdf/robotiq_2f_85_macro.urdf.xacro
/home/yu/Desktop/robotic_arm_ws/install/robotiq_description/share/robotiq_description/urdf/2f_85.ros2_control.xacro
/home/yu/Desktop/robotic_arm_ws/install/robotiq_description/share/robotiq_description/urdf/robotiq_2f_85_gripper.urdf.xacro
/home/yu/Desktop/robotic_arm_ws/install/robotiq_description/lib/python3.10/site-packages/robotiq_description-0.0.0-py3.10.egg-info/zip-safe
/home/yu/Desktop/robotic_arm_ws/install/robotiq_description/lib/python3.10/site-packages/robotiq_description-0.0.0-py3.10.egg-info/top_level.txt
/home/yu/Desktop/robotic_arm_ws/install/robotiq_description/lib/python3.10/site-packages/robotiq_description-0.0.0-py3.10.egg-info/requires.txt
/home/yu/Desktop/robotic_arm_ws/install/robotiq_description/lib/python3.10/site-packages/robotiq_description-0.0.0-py3.10.egg-info/SOURCES.txt
/home/yu/Desktop/robotic_arm_ws/install/robotiq_description/lib/python3.10/site-packages/robotiq_description-0.0.0-py3.10.egg-info/PKG-INFO
/home/yu/Desktop/robotic_arm_ws/install/robotiq_description/lib/python3.10/site-packages/robotiq_description-0.0.0-py3.10.egg-info/entry_points.txt
/home/yu/Desktop/robotic_arm_ws/install/robotiq_description/lib/python3.10/site-packages/robotiq_description-0.0.0-py3.10.egg-info/dependency_links.txt
