[0.200s] Invoking command in '/home/yu/Desktop/robotic_arm_ws/build/roboticsgroup_upatras_gazebo_plugins': CMAKE_PREFIX_PATH=${CMAKE_PREFIX_PATH}:/home/yu/Desktop/github/arm_gripper_sim/robotic_arm_ws/install/robotiq_description:/home/yu/Desktop/github/arm_gripper_sim/robotic_arm_ws/install/e05_pro:/home/yu/Desktop/github/ackermann_car/install/ackermann_car:/opt/ros/humble /usr/bin/cmake --build /home/yu/Desktop/robotic_arm_ws/build/roboticsgroup_upatras_gazebo_plugins -- -j16 -l16
[0.265s] [ 75%] Built target roboticsgroup_upatras_gazebo_mimic_joint_plugin
[0.265s] [100%] Built target roboticsgroup_upatras_gazebo_disable_link_plugin
[0.389s] Invoked command in '/home/yu/Desktop/robotic_arm_ws/build/roboticsgroup_upatras_gazebo_plugins' returned '0': CMAKE_PREFIX_PATH=${CMAKE_PREFIX_PATH}:/home/yu/Desktop/github/arm_gripper_sim/robotic_arm_ws/install/robotiq_description:/home/yu/Desktop/github/arm_gripper_sim/robotic_arm_ws/install/e05_pro:/home/yu/Desktop/github/ackermann_car/install/ackermann_car:/opt/ros/humble /usr/bin/cmake --build /home/yu/Desktop/robotic_arm_ws/build/roboticsgroup_upatras_gazebo_plugins -- -j16 -l16
[0.401s] Invoking command in '/home/yu/Desktop/robotic_arm_ws/build/roboticsgroup_upatras_gazebo_plugins': CMAKE_PREFIX_PATH=${CMAKE_PREFIX_PATH}:/home/yu/Desktop/github/arm_gripper_sim/robotic_arm_ws/install/robotiq_description:/home/yu/Desktop/github/arm_gripper_sim/robotic_arm_ws/install/e05_pro:/home/yu/Desktop/github/ackermann_car/install/ackermann_car:/opt/ros/humble /usr/bin/cmake --install /home/yu/Desktop/robotic_arm_ws/build/roboticsgroup_upatras_gazebo_plugins
[0.407s] -- Install configuration: ""
[0.407s] -- Up-to-date: /home/yu/Desktop/robotic_arm_ws/install/roboticsgroup_upatras_gazebo_plugins/include/roboticsgroup_upatras_gazebo_plugins
[0.407s] -- Up-to-date: /home/yu/Desktop/robotic_arm_ws/install/roboticsgroup_upatras_gazebo_plugins/include/roboticsgroup_upatras_gazebo_plugins/roboticsgroup_upatras_gazebo_plugins
[0.407s] -- Up-to-date: /home/yu/Desktop/robotic_arm_ws/install/roboticsgroup_upatras_gazebo_plugins/include/roboticsgroup_upatras_gazebo_plugins/roboticsgroup_upatras_gazebo_plugins/mimic_joint_plugin.hpp
[0.407s] -- Up-to-date: /home/yu/Desktop/robotic_arm_ws/install/roboticsgroup_upatras_gazebo_plugins/include/roboticsgroup_upatras_gazebo_plugins/roboticsgroup_upatras_gazebo_plugins/disable_link_plugin.hpp
[0.407s] -- Up-to-date: /home/yu/Desktop/robotic_arm_ws/install/roboticsgroup_upatras_gazebo_plugins/lib/libroboticsgroup_upatras_gazebo_mimic_joint_plugin.so
[0.408s] -- Up-to-date: /home/yu/Desktop/robotic_arm_ws/install/roboticsgroup_upatras_gazebo_plugins/lib/libroboticsgroup_upatras_gazebo_disable_link_plugin.so
[0.408s] -- Up-to-date: /home/yu/Desktop/robotic_arm_ws/install/roboticsgroup_upatras_gazebo_plugins/share/roboticsgroup_upatras_gazebo_plugins/environment/library_path.sh
[0.408s] -- Up-to-date: /home/yu/Desktop/robotic_arm_ws/install/roboticsgroup_upatras_gazebo_plugins/share/roboticsgroup_upatras_gazebo_plugins/environment/library_path.dsv
[0.408s] -- Up-to-date: /home/yu/Desktop/robotic_arm_ws/install/roboticsgroup_upatras_gazebo_plugins/share/ament_index/resource_index/package_run_dependencies/roboticsgroup_upatras_gazebo_plugins
[0.408s] -- Up-to-date: /home/yu/Desktop/robotic_arm_ws/install/roboticsgroup_upatras_gazebo_plugins/share/ament_index/resource_index/parent_prefix_path/roboticsgroup_upatras_gazebo_plugins
[0.409s] -- Up-to-date: /home/yu/Desktop/robotic_arm_ws/install/roboticsgroup_upatras_gazebo_plugins/share/roboticsgroup_upatras_gazebo_plugins/environment/ament_prefix_path.sh
[0.409s] -- Up-to-date: /home/yu/Desktop/robotic_arm_ws/install/roboticsgroup_upatras_gazebo_plugins/share/roboticsgroup_upatras_gazebo_plugins/environment/ament_prefix_path.dsv
[0.409s] -- Up-to-date: /home/yu/Desktop/robotic_arm_ws/install/roboticsgroup_upatras_gazebo_plugins/share/roboticsgroup_upatras_gazebo_plugins/environment/path.sh
[0.409s] -- Up-to-date: /home/yu/Desktop/robotic_arm_ws/install/roboticsgroup_upatras_gazebo_plugins/share/roboticsgroup_upatras_gazebo_plugins/environment/path.dsv
[0.409s] -- Up-to-date: /home/yu/Desktop/robotic_arm_ws/install/roboticsgroup_upatras_gazebo_plugins/share/roboticsgroup_upatras_gazebo_plugins/local_setup.bash
[0.409s] -- Up-to-date: /home/yu/Desktop/robotic_arm_ws/install/roboticsgroup_upatras_gazebo_plugins/share/roboticsgroup_upatras_gazebo_plugins/local_setup.sh
[0.409s] -- Up-to-date: /home/yu/Desktop/robotic_arm_ws/install/roboticsgroup_upatras_gazebo_plugins/share/roboticsgroup_upatras_gazebo_plugins/local_setup.zsh
[0.409s] -- Up-to-date: /home/yu/Desktop/robotic_arm_ws/install/roboticsgroup_upatras_gazebo_plugins/share/roboticsgroup_upatras_gazebo_plugins/local_setup.dsv
[0.409s] -- Installing: /home/yu/Desktop/robotic_arm_ws/install/roboticsgroup_upatras_gazebo_plugins/share/roboticsgroup_upatras_gazebo_plugins/package.dsv
[0.409s] -- Up-to-date: /home/yu/Desktop/robotic_arm_ws/install/roboticsgroup_upatras_gazebo_plugins/share/ament_index/resource_index/packages/roboticsgroup_upatras_gazebo_plugins
[0.409s] -- Up-to-date: /home/yu/Desktop/robotic_arm_ws/install/roboticsgroup_upatras_gazebo_plugins/share/roboticsgroup_upatras_gazebo_plugins/cmake/ament_cmake_export_libraries-extras.cmake
[0.409s] -- Up-to-date: /home/yu/Desktop/robotic_arm_ws/install/roboticsgroup_upatras_gazebo_plugins/share/roboticsgroup_upatras_gazebo_plugins/cmake/roboticsgroup_upatras_gazebo_pluginsConfig.cmake
[0.409s] -- Up-to-date: /home/yu/Desktop/robotic_arm_ws/install/roboticsgroup_upatras_gazebo_plugins/share/roboticsgroup_upatras_gazebo_plugins/cmake/roboticsgroup_upatras_gazebo_pluginsConfig-version.cmake
[0.409s] -- Up-to-date: /home/yu/Desktop/robotic_arm_ws/install/roboticsgroup_upatras_gazebo_plugins/share/roboticsgroup_upatras_gazebo_plugins/package.xml
[0.411s] Invoked command in '/home/yu/Desktop/robotic_arm_ws/build/roboticsgroup_upatras_gazebo_plugins' returned '0': CMAKE_PREFIX_PATH=${CMAKE_PREFIX_PATH}:/home/yu/Desktop/github/arm_gripper_sim/robotic_arm_ws/install/robotiq_description:/home/yu/Desktop/github/arm_gripper_sim/robotic_arm_ws/install/e05_pro:/home/yu/Desktop/github/ackermann_car/install/ackermann_car:/opt/ros/humble /usr/bin/cmake --install /home/yu/Desktop/robotic_arm_ws/build/roboticsgroup_upatras_gazebo_plugins
