/home/yu/Desktop/robotic_arm_ws/install/e05_pro/share/ament_index/resource_index/packages/e05_pro
/home/yu/Desktop/robotic_arm_ws/install/e05_pro/share/e05_pro/package.xml
/home/yu/Desktop/robotic_arm_ws/install/e05_pro/share/e05_pro/launch/display.launch.py
/home/yu/Desktop/robotic_arm_ws/install/e05_pro/share/e05_pro/launch/gazebo_moviet_bringup.launch.py
/home/yu/Desktop/robotic_arm_ws/install/e05_pro/share/e05_pro/launch/gazebo.launch.py
/home/yu/Desktop/robotic_arm_ws/install/e05_pro/share/e05_pro/meshes/visual/link5.STL
/home/yu/Desktop/robotic_arm_ws/install/e05_pro/share/e05_pro/meshes/visual/base_link.STL
/home/yu/Desktop/robotic_arm_ws/install/e05_pro/share/e05_pro/meshes/visual/link3.STL
/home/yu/Desktop/robotic_arm_ws/install/e05_pro/share/e05_pro/meshes/visual/link6.STL
/home/yu/Desktop/robotic_arm_ws/install/e05_pro/share/e05_pro/meshes/visual/link2.STL
/home/yu/Desktop/robotic_arm_ws/install/e05_pro/share/e05_pro/meshes/visual/link1.STL
/home/yu/Desktop/robotic_arm_ws/install/e05_pro/share/e05_pro/meshes/visual/link4.STL
/home/yu/Desktop/robotic_arm_ws/install/e05_pro/share/e05_pro/meshes/collision/link5.STL
/home/yu/Desktop/robotic_arm_ws/install/e05_pro/share/e05_pro/meshes/collision/base_link.STL
/home/yu/Desktop/robotic_arm_ws/install/e05_pro/share/e05_pro/meshes/collision/link3.STL
/home/yu/Desktop/robotic_arm_ws/install/e05_pro/share/e05_pro/meshes/collision/link6.STL
/home/yu/Desktop/robotic_arm_ws/install/e05_pro/share/e05_pro/meshes/collision/link2.STL
/home/yu/Desktop/robotic_arm_ws/install/e05_pro/share/e05_pro/meshes/collision/link1.STL
/home/yu/Desktop/robotic_arm_ws/install/e05_pro/share/e05_pro/meshes/collision/link4.STL
/home/yu/Desktop/robotic_arm_ws/install/e05_pro/share/e05_pro/config/E05_Pro.yaml
/home/yu/Desktop/robotic_arm_ws/install/e05_pro/share/e05_pro/urdf/E05_Pro.urdf.xacro
/home/yu/Desktop/robotic_arm_ws/install/e05_pro/share/e05_pro/urdf/e05.xacro
/home/yu/Desktop/robotic_arm_ws/install/e05_pro/share/e05_pro/urdf/gazebo.xacro
/home/yu/Desktop/robotic_arm_ws/install/e05_pro/lib/python3.10/site-packages/e05_pro-0.0.0-py3.10.egg-info/zip-safe
/home/yu/Desktop/robotic_arm_ws/install/e05_pro/lib/python3.10/site-packages/e05_pro-0.0.0-py3.10.egg-info/top_level.txt
/home/yu/Desktop/robotic_arm_ws/install/e05_pro/lib/python3.10/site-packages/e05_pro-0.0.0-py3.10.egg-info/requires.txt
/home/yu/Desktop/robotic_arm_ws/install/e05_pro/lib/python3.10/site-packages/e05_pro-0.0.0-py3.10.egg-info/SOURCES.txt
/home/yu/Desktop/robotic_arm_ws/install/e05_pro/lib/python3.10/site-packages/e05_pro-0.0.0-py3.10.egg-info/PKG-INFO
/home/yu/Desktop/robotic_arm_ws/install/e05_pro/lib/python3.10/site-packages/e05_pro-0.0.0-py3.10.egg-info/entry_points.txt
/home/yu/Desktop/robotic_arm_ws/install/e05_pro/lib/python3.10/site-packages/e05_pro-0.0.0-py3.10.egg-info/dependency_links.txt
