[0.015s] Invoking command in '/home/yu/Desktop/robotic_arm_ws/build/e05_moveit': AMENT_PREFIX_PATH=/home/yu/Desktop/robotic_arm_ws/install/e05_pro:/home/yu/Desktop/robotic_arm_ws/install/robotiq_description:/home/yu/Desktop/robotic_arm_ws/install/roboticsgroup_upatras_gazebo_plugins:/home/yu/Desktop/robotic_arm_ws/install/e05_moveit:/home/yu/Desktop/github/arm_gripper_sim/robotic_arm_ws/install/robotiq_description:/home/yu/Desktop/github/arm_gripper_sim/robotic_arm_ws/install/roboticsgroup_upatras_gazebo_plugins:/home/yu/Desktop/github/arm_gripper_sim/robotic_arm_ws/install/e05_moveit:/home/yu/Desktop/github/arm_gripper_sim/robotic_arm_ws/install/e05_pro:/home/yu/Desktop/github/ackermann_car/install/ackermann_car:/opt/ros/humble CMAKE_PREFIX_PATH=${CMAKE_PREFIX_PATH}:/home/yu/Desktop/robotic_arm_ws/install/robotiq_description:/home/yu/Desktop/robotic_arm_ws/install/e05_pro:/home/yu/Desktop/github/arm_gripper_sim/robotic_arm_ws/install/robotiq_description:/home/yu/Desktop/github/arm_gripper_sim/robotic_arm_ws/install/e05_pro:/home/yu/Desktop/github/ackermann_car/install/ackermann_car:/opt/ros/humble PYTHONPATH=/home/yu/Desktop/robotic_arm_ws/install/e05_pro/lib/python3.10/site-packages:/home/yu/Desktop/robotic_arm_ws/install/robotiq_description/lib/python3.10/site-packages:/home/yu/Desktop/github/arm_gripper_sim/robotic_arm_ws/install/robotiq_description/lib/python3.10/site-packages:/home/yu/Desktop/github/arm_gripper_sim/robotic_arm_ws/install/e05_pro/lib/python3.10/site-packages:/home/yu/Desktop/github/ackermann_car/install/ackermann_car/lib/python3.10/site-packages:/opt/ros/humble/lib/python3.10/site-packages:/opt/ros/humble/local/lib/python3.10/dist-packages /usr/bin/cmake --build /home/yu/Desktop/robotic_arm_ws/build/e05_moveit -- -j16 -l16
[0.048s] Invoked command in '/home/yu/Desktop/robotic_arm_ws/build/e05_moveit' returned '0': AMENT_PREFIX_PATH=/home/yu/Desktop/robotic_arm_ws/install/e05_pro:/home/yu/Desktop/robotic_arm_ws/install/robotiq_description:/home/yu/Desktop/robotic_arm_ws/install/roboticsgroup_upatras_gazebo_plugins:/home/yu/Desktop/robotic_arm_ws/install/e05_moveit:/home/yu/Desktop/github/arm_gripper_sim/robotic_arm_ws/install/robotiq_description:/home/yu/Desktop/github/arm_gripper_sim/robotic_arm_ws/install/roboticsgroup_upatras_gazebo_plugins:/home/yu/Desktop/github/arm_gripper_sim/robotic_arm_ws/install/e05_moveit:/home/yu/Desktop/github/arm_gripper_sim/robotic_arm_ws/install/e05_pro:/home/yu/Desktop/github/ackermann_car/install/ackermann_car:/opt/ros/humble CMAKE_PREFIX_PATH=${CMAKE_PREFIX_PATH}:/home/yu/Desktop/robotic_arm_ws/install/robotiq_description:/home/yu/Desktop/robotic_arm_ws/install/e05_pro:/home/yu/Desktop/github/arm_gripper_sim/robotic_arm_ws/install/robotiq_description:/home/yu/Desktop/github/arm_gripper_sim/robotic_arm_ws/install/e05_pro:/home/yu/Desktop/github/ackermann_car/install/ackermann_car:/opt/ros/humble PYTHONPATH=/home/yu/Desktop/robotic_arm_ws/install/e05_pro/lib/python3.10/site-packages:/home/yu/Desktop/robotic_arm_ws/install/robotiq_description/lib/python3.10/site-packages:/home/yu/Desktop/github/arm_gripper_sim/robotic_arm_ws/install/robotiq_description/lib/python3.10/site-packages:/home/yu/Desktop/github/arm_gripper_sim/robotic_arm_ws/install/e05_pro/lib/python3.10/site-packages:/home/yu/Desktop/github/ackermann_car/install/ackermann_car/lib/python3.10/site-packages:/opt/ros/humble/lib/python3.10/site-packages:/opt/ros/humble/local/lib/python3.10/dist-packages /usr/bin/cmake --build /home/yu/Desktop/robotic_arm_ws/build/e05_moveit -- -j16 -l16
[0.049s] Invoking command in '/home/yu/Desktop/robotic_arm_ws/build/e05_moveit': AMENT_PREFIX_PATH=/home/yu/Desktop/robotic_arm_ws/install/e05_pro:/home/yu/Desktop/robotic_arm_ws/install/robotiq_description:/home/yu/Desktop/robotic_arm_ws/install/roboticsgroup_upatras_gazebo_plugins:/home/yu/Desktop/robotic_arm_ws/install/e05_moveit:/home/yu/Desktop/github/arm_gripper_sim/robotic_arm_ws/install/robotiq_description:/home/yu/Desktop/github/arm_gripper_sim/robotic_arm_ws/install/roboticsgroup_upatras_gazebo_plugins:/home/yu/Desktop/github/arm_gripper_sim/robotic_arm_ws/install/e05_moveit:/home/yu/Desktop/github/arm_gripper_sim/robotic_arm_ws/install/e05_pro:/home/yu/Desktop/github/ackermann_car/install/ackermann_car:/opt/ros/humble CMAKE_PREFIX_PATH=${CMAKE_PREFIX_PATH}:/home/yu/Desktop/robotic_arm_ws/install/robotiq_description:/home/yu/Desktop/robotic_arm_ws/install/e05_pro:/home/yu/Desktop/github/arm_gripper_sim/robotic_arm_ws/install/robotiq_description:/home/yu/Desktop/github/arm_gripper_sim/robotic_arm_ws/install/e05_pro:/home/yu/Desktop/github/ackermann_car/install/ackermann_car:/opt/ros/humble PYTHONPATH=/home/yu/Desktop/robotic_arm_ws/install/e05_pro/lib/python3.10/site-packages:/home/yu/Desktop/robotic_arm_ws/install/robotiq_description/lib/python3.10/site-packages:/home/yu/Desktop/github/arm_gripper_sim/robotic_arm_ws/install/robotiq_description/lib/python3.10/site-packages:/home/yu/Desktop/github/arm_gripper_sim/robotic_arm_ws/install/e05_pro/lib/python3.10/site-packages:/home/yu/Desktop/github/ackermann_car/install/ackermann_car/lib/python3.10/site-packages:/opt/ros/humble/lib/python3.10/site-packages:/opt/ros/humble/local/lib/python3.10/dist-packages /usr/bin/cmake --install /home/yu/Desktop/robotic_arm_ws/build/e05_moveit
[0.056s] -- Install configuration: ""
[0.056s] -- Up-to-date: /home/yu/Desktop/robotic_arm_ws/install/e05_moveit/share/ament_index/resource_index/package_run_dependencies/e05_moveit
[0.056s] -- Up-to-date: /home/yu/Desktop/robotic_arm_ws/install/e05_moveit/share/ament_index/resource_index/parent_prefix_path/e05_moveit
[0.056s] -- Up-to-date: /home/yu/Desktop/robotic_arm_ws/install/e05_moveit/share/e05_moveit/environment/ament_prefix_path.sh
[0.056s] -- Up-to-date: /home/yu/Desktop/robotic_arm_ws/install/e05_moveit/share/e05_moveit/environment/ament_prefix_path.dsv
[0.056s] -- Up-to-date: /home/yu/Desktop/robotic_arm_ws/install/e05_moveit/share/e05_moveit/environment/path.sh
[0.056s] -- Up-to-date: /home/yu/Desktop/robotic_arm_ws/install/e05_moveit/share/e05_moveit/environment/path.dsv
[0.057s] -- Up-to-date: /home/yu/Desktop/robotic_arm_ws/install/e05_moveit/share/e05_moveit/local_setup.bash
[0.057s] -- Up-to-date: /home/yu/Desktop/robotic_arm_ws/install/e05_moveit/share/e05_moveit/local_setup.sh
[0.057s] -- Up-to-date: /home/yu/Desktop/robotic_arm_ws/install/e05_moveit/share/e05_moveit/local_setup.zsh
[0.057s] -- Up-to-date: /home/yu/Desktop/robotic_arm_ws/install/e05_moveit/share/e05_moveit/local_setup.dsv
[0.057s] -- Installing: /home/yu/Desktop/robotic_arm_ws/install/e05_moveit/share/e05_moveit/package.dsv
[0.057s] -- Up-to-date: /home/yu/Desktop/robotic_arm_ws/install/e05_moveit/share/ament_index/resource_index/packages/e05_moveit
[0.058s] -- Up-to-date: /home/yu/Desktop/robotic_arm_ws/install/e05_moveit/share/e05_moveit/cmake/e05_moveitConfig.cmake
[0.058s] -- Up-to-date: /home/yu/Desktop/robotic_arm_ws/install/e05_moveit/share/e05_moveit/cmake/e05_moveitConfig-version.cmake
[0.058s] -- Up-to-date: /home/yu/Desktop/robotic_arm_ws/install/e05_moveit/share/e05_moveit/package.xml
[0.058s] -- Up-to-date: /home/yu/Desktop/robotic_arm_ws/install/e05_moveit/share/e05_moveit/launch
[0.058s] -- Up-to-date: /home/yu/Desktop/robotic_arm_ws/install/e05_moveit/share/e05_moveit/launch/warehouse_db.launch.py
[0.058s] -- Up-to-date: /home/yu/Desktop/robotic_arm_ws/install/e05_moveit/share/e05_moveit/launch/moveit_rviz.launch.py
[0.058s] -- Up-to-date: /home/yu/Desktop/robotic_arm_ws/install/e05_moveit/share/e05_moveit/launch/setup_assistant.launch.py
[0.058s] -- Up-to-date: /home/yu/Desktop/robotic_arm_ws/install/e05_moveit/share/e05_moveit/launch/static_virtual_joint_tfs.launch.py
[0.058s] -- Up-to-date: /home/yu/Desktop/robotic_arm_ws/install/e05_moveit/share/e05_moveit/launch/spawn_controllers.launch.py
[0.058s] -- Up-to-date: /home/yu/Desktop/robotic_arm_ws/install/e05_moveit/share/e05_moveit/launch/demo.launch.py
[0.058s] -- Up-to-date: /home/yu/Desktop/robotic_arm_ws/install/e05_moveit/share/e05_moveit/launch/move_group.launch.py
[0.061s] -- Up-to-date: /home/yu/Desktop/robotic_arm_ws/install/e05_moveit/share/e05_moveit/launch/rsp.launch.py
[0.061s] -- Up-to-date: /home/yu/Desktop/robotic_arm_ws/install/e05_moveit/share/e05_moveit/config
[0.061s] -- Installing: /home/yu/Desktop/robotic_arm_ws/install/e05_moveit/share/e05_moveit/config/initial_positions.yaml
[0.061s] -- Up-to-date: /home/yu/Desktop/robotic_arm_ws/install/e05_moveit/share/e05_moveit/config/e05.srdf
[0.061s] -- Up-to-date: /home/yu/Desktop/robotic_arm_ws/install/e05_moveit/share/e05_moveit/config/ompl_planning.yaml
[0.061s] -- Up-to-date: /home/yu/Desktop/robotic_arm_ws/install/e05_moveit/share/e05_moveit/config/e05.urdf.xacro
[0.061s] -- Up-to-date: /home/yu/Desktop/robotic_arm_ws/install/e05_moveit/share/e05_moveit/config/kinematics.yaml
[0.062s] -- Installing: /home/yu/Desktop/robotic_arm_ws/install/e05_moveit/share/e05_moveit/config/ros2_controllers.yaml
[0.062s] -- Up-to-date: /home/yu/Desktop/robotic_arm_ws/install/e05_moveit/share/e05_moveit/config/e05.ros2_control.xacro
[0.062s] -- Up-to-date: /home/yu/Desktop/robotic_arm_ws/install/e05_moveit/share/e05_moveit/config/moveit.rviz
[0.062s] -- Up-to-date: /home/yu/Desktop/robotic_arm_ws/install/e05_moveit/share/e05_moveit/config/pilz_cartesian_limits.yaml
[0.062s] -- Installing: /home/yu/Desktop/robotic_arm_ws/install/e05_moveit/share/e05_moveit/config/moveit_controllers.yaml
[0.062s] -- Installing: /home/yu/Desktop/robotic_arm_ws/install/e05_moveit/share/e05_moveit/config/joint_limits.yaml
[0.062s] -- Up-to-date: /home/yu/Desktop/robotic_arm_ws/install/e05_moveit/share/e05_moveit/.setup_assistant
[0.062s] Invoked command in '/home/yu/Desktop/robotic_arm_ws/build/e05_moveit' returned '0': AMENT_PREFIX_PATH=/home/yu/Desktop/robotic_arm_ws/install/e05_pro:/home/yu/Desktop/robotic_arm_ws/install/robotiq_description:/home/yu/Desktop/robotic_arm_ws/install/roboticsgroup_upatras_gazebo_plugins:/home/yu/Desktop/robotic_arm_ws/install/e05_moveit:/home/yu/Desktop/github/arm_gripper_sim/robotic_arm_ws/install/robotiq_description:/home/yu/Desktop/github/arm_gripper_sim/robotic_arm_ws/install/roboticsgroup_upatras_gazebo_plugins:/home/yu/Desktop/github/arm_gripper_sim/robotic_arm_ws/install/e05_moveit:/home/yu/Desktop/github/arm_gripper_sim/robotic_arm_ws/install/e05_pro:/home/yu/Desktop/github/ackermann_car/install/ackermann_car:/opt/ros/humble CMAKE_PREFIX_PATH=${CMAKE_PREFIX_PATH}:/home/yu/Desktop/robotic_arm_ws/install/robotiq_description:/home/yu/Desktop/robotic_arm_ws/install/e05_pro:/home/yu/Desktop/github/arm_gripper_sim/robotic_arm_ws/install/robotiq_description:/home/yu/Desktop/github/arm_gripper_sim/robotic_arm_ws/install/e05_pro:/home/yu/Desktop/github/ackermann_car/install/ackermann_car:/opt/ros/humble PYTHONPATH=/home/yu/Desktop/robotic_arm_ws/install/e05_pro/lib/python3.10/site-packages:/home/yu/Desktop/robotic_arm_ws/install/robotiq_description/lib/python3.10/site-packages:/home/yu/Desktop/github/arm_gripper_sim/robotic_arm_ws/install/robotiq_description/lib/python3.10/site-packages:/home/yu/Desktop/github/arm_gripper_sim/robotic_arm_ws/install/e05_pro/lib/python3.10/site-packages:/home/yu/Desktop/github/ackermann_car/install/ackermann_car/lib/python3.10/site-packages:/opt/ros/humble/lib/python3.10/site-packages:/opt/ros/humble/local/lib/python3.10/dist-packages /usr/bin/cmake --install /home/yu/Desktop/robotic_arm_ws/build/e05_moveit
