[0.183s] Invoking command in '/home/yu/Desktop/robotic_arm_ws/build/roboticsgroup_upatras_gazebo_plugins': CMAKE_PREFIX_PATH=/home/yu/Desktop/robotic_arm_ws/install/e05_pro:/opt/ros/humble /usr/bin/cmake /home/yu/Desktop/robotic_arm_ws/src/roboticsgroup_upatras_gazebo_plugins -DCMAKE_INSTALL_PREFIX=/home/yu/Desktop/robotic_arm_ws/install/roboticsgroup_upatras_gazebo_plugins
[0.230s] -- The C compiler identification is GNU 11.4.0
[0.277s] -- The CXX compiler identification is GNU 11.4.0
[0.284s] -- Detecting C compiler ABI info
[0.346s] -- Detecting C compiler ABI info - done
[0.351s] -- Check for working C compiler: /usr/bin/cc - skipped
[0.351s] -- Detecting C compile features
[0.351s] -- Detecting C compile features - done
[0.353s] -- Detecting CXX compiler ABI info
[0.424s] -- Detecting CXX compiler ABI info - done
[0.429s] -- Check for working CXX compiler: /usr/bin/c++ - skipped
[0.430s] -- Detecting CXX compile features
[0.430s] -- Detecting CXX compile features - done
[0.432s] -- Found ament_cmake: 1.3.14 (/opt/ros/humble/share/ament_cmake/cmake)
[0.557s] -- Found Python3: /usr/bin/python3 (found version "3.10.12") found components: Interpreter 
[0.627s] -- Found control_toolbox: 3.7.0 (/opt/ros/humble/share/control_toolbox/cmake)
[0.666s] -- Found rosidl_generator_c: 3.1.8 (/opt/ros/humble/share/rosidl_generator_c/cmake)
[0.670s] -- Found rosidl_adapter: 3.1.8 (/opt/ros/humble/share/rosidl_adapter/cmake)
[0.677s] -- Found rosidl_generator_cpp: 3.1.8 (/opt/ros/humble/share/rosidl_generator_cpp/cmake)
[0.686s] -- Using all available rosidl_typesupport_c: rosidl_typesupport_fastrtps_c;rosidl_typesupport_introspection_c
[0.698s] -- Using all available rosidl_typesupport_cpp: rosidl_typesupport_fastrtps_cpp;rosidl_typesupport_introspection_cpp
[0.731s] -- Found rmw_implementation_cmake: 6.1.2 (/opt/ros/humble/share/rmw_implementation_cmake/cmake)
[0.734s] -- Found rmw_fastrtps_cpp: 6.2.10 (/opt/ros/humble/share/rmw_fastrtps_cpp/cmake)
[0.806s] -- Found OpenSSL: /usr/lib/x86_64-linux-gnu/libcrypto.so (found version "3.0.2")  
[0.830s] -- Found FastRTPS: /opt/ros/humble/include  
[0.869s] -- Using RMW implementation 'rmw_fastrtps_cpp' as default
[0.876s] -- Looking for pthread.h
[0.946s] -- Looking for pthread.h - found
[0.947s] -- Performing Test CMAKE_HAVE_LIBC_PTHREAD
[1.015s] -- Performing Test CMAKE_HAVE_LIBC_PTHREAD - Success
[1.019s] -- Found Threads: TRUE  
[1.201s] -- Found gazebo_dev: 3.9.0 (/opt/ros/humble/share/gazebo_dev/cmake)
[1.205s] -- Found PkgConfig: /usr/bin/pkg-config (found version "0.29.2") 
[1.206s] -- Checking for module 'bullet>=2.82'
[1.219s] --   Found bullet, version 3.05
[1.312s] -- Found fcl: /usr/include (found suitable version "0.7.0", minimum required is "0.5.0") 
[1.364s] -- Found assimp: /usr/include (found version "5.2.0") 
[1.375s] -- Found DART: /usr/include (Required is at least version "6.6") found components: dart 
[1.397s] -- Found Boost: /usr/lib/x86_64-linux-gnu/cmake/Boost-1.74.0/BoostConfig.cmake (found suitable version "1.74.0", minimum required is "1.40.0") found components: thread system filesystem program_options regex iostreams date_time 
[1.410s] -- Found Protobuf: /usr/lib/x86_64-linux-gnu/libprotobuf.so (found version "3.12.4") 
[1.413s] -- Looking for ignition-math6 -- found version 6.16.0
[1.418s] -- Searching for dependencies of ignition-math6
[1.419s] -- Looking for OGRE...
[1.420s] -- OGRE_PREFIX_WATCH changed.
[1.425s] -- Checking for module 'OGRE'
[1.437s] --   Found OGRE, version 1.9.0
[1.468s] -- Found Ogre Ghadamon (1.9.0)
[1.473s] -- Found OGRE: optimized;/usr/lib/x86_64-linux-gnu/libOgreMain.so;debug;/usr/lib/x86_64-linux-gnu/libOgreMain.so
[1.481s] -- Looking for OGRE_Paging...
[1.485s] -- Found OGRE_Paging: optimized;/usr/lib/x86_64-linux-gnu/libOgrePaging.so;debug;/usr/lib/x86_64-linux-gnu/libOgrePaging.so
[1.485s] -- Looking for OGRE_Terrain...
[1.488s] -- Found OGRE_Terrain: optimized;/usr/lib/x86_64-linux-gnu/libOgreTerrain.so;debug;/usr/lib/x86_64-linux-gnu/libOgreTerrain.so
[1.488s] -- Looking for OGRE_Property...
[1.492s] -- Found OGRE_Property: optimized;/usr/lib/x86_64-linux-gnu/libOgreProperty.so;debug;/usr/lib/x86_64-linux-gnu/libOgreProperty.so
[1.492s] -- Looking for OGRE_RTShaderSystem...
[1.495s] -- Found OGRE_RTShaderSystem: optimized;/usr/lib/x86_64-linux-gnu/libOgreRTShaderSystem.so;debug;/usr/lib/x86_64-linux-gnu/libOgreRTShaderSystem.so
[1.495s] -- Looking for OGRE_Volume...
[1.498s] -- Found OGRE_Volume: optimized;/usr/lib/x86_64-linux-gnu/libOgreVolume.so;debug;/usr/lib/x86_64-linux-gnu/libOgreVolume.so
[1.498s] -- Looking for OGRE_Overlay...
[1.502s] -- Found OGRE_Overlay: optimized;/usr/lib/x86_64-linux-gnu/libOgreOverlay.so;debug;/usr/lib/x86_64-linux-gnu/libOgreOverlay.so
[1.581s] -- Looking for ignition-math6 -- found version 6.16.0
[1.583s] -- Looking for ignition-transport8 -- found version 8.2.1
[1.583s] -- Searching for dependencies of ignition-transport8
[1.597s] -- Found Protobuf: /usr/lib/x86_64-linux-gnu/libprotobuf.so (found suitable version "3.12.4", minimum required is "3") 
[1.605s] -- Config-file not installed for ZeroMQ -- checking for pkg-config
[1.610s] -- Checking for module 'libzmq >= 4'
[1.623s] --   Found libzmq , version 4.3.4
[1.659s] -- Found ZeroMQ: TRUE (Required is at least version "4") 
[1.665s] -- Checking for module 'uuid'
[1.676s] --   Found uuid, version 2.37.2
[1.708s] -- Found UUID: TRUE  
[1.710s] -- Looking for ignition-msgs5 -- found version 5.8.1
[1.710s] -- Searching for dependencies of ignition-msgs5
[1.726s] -- Looking for ignition-math6 -- found version 6.16.0
[1.731s] -- Checking for module 'tinyxml2'
[1.744s] --   Found tinyxml2, version 9.0.0
[1.779s] -- Looking for ignition-msgs5 -- found version 5.8.1
[1.781s] -- Looking for ignition-common3 -- found version 3.14.0
[1.781s] -- Searching for dependencies of ignition-common3
[1.781s] -- Looking for dlfcn.h - found
[1.782s] -- Looking for libdl - found
[1.783s] -- Found DL: TRUE  
[1.793s] -- Found tinyobjloader: /usr/lib/x86_64-linux-gnu/cmake/tinyobjloader/tinyobjloader-config.cmake (found version "2.0.0") 
[1.794s] -- Searching for <ignition-common3> component [graphics]
[1.795s] -- Looking for ignition-common3-graphics -- found version 3.14.0
[1.796s] -- Searching for dependencies of ignition-common3-graphics
[1.796s] -- Looking for ignition-math6 -- found version 6.16.0
[1.798s] -- Looking for ignition-fuel_tools4 -- found version 4.4.0
[1.799s] -- Searching for dependencies of ignition-fuel_tools4
[1.865s] -- Found CURL: /usr/lib/x86_64-linux-gnu/libcurl.so (found version "7.81.0")  
[1.872s] -- Checking for module 'jsoncpp'
[1.884s] --   Found jsoncpp, version 1.9.5
[1.919s] -- Found JSONCPP: TRUE  
[1.925s] -- Checking for module 'libzip'
[1.939s] --   Found libzip, version 1.7.3
[1.971s] -- Found ZIP: TRUE  
[1.972s] -- Looking for ignition-common3 -- found version 3.14.0
[1.972s] -- Looking for ignition-math6 -- found version 6.16.0
[1.972s] -- Looking for ignition-msgs5 -- found version 5.8.1
[1.975s] -- Gazebo version: 11.10
[1.975s] -- Checking for module 'tbb'
[1.988s] --   Found tbb, version 2021.5.0
[2.024s] -- Found ament_lint_auto: 0.12.15 (/opt/ros/humble/share/ament_lint_auto/cmake)
[2.087s] -- Added test 'cppcheck' to perform static code analysis on C / C++ code
[2.087s] -- Configured cppcheck include dirs: /home/yu/Desktop/robotic_arm_ws/src/roboticsgroup_upatras_gazebo_plugins/include;$<BUILD_INTERFACE:/home/yu/Desktop/robotic_arm_ws/src/roboticsgroup_upatras_gazebo_plugins/include>
[2.087s] -- Configured cppcheck exclude dirs and/or files: 
[2.091s] -- Added test 'lint_cmake' to check CMake code style
[2.091s] -- Added test 'uncrustify' to check C / C++ code style
[2.091s] -- Configured uncrustify additional arguments: 
[2.092s] -- Added test 'xmllint' to check XML markup files
[2.094s] -- Configuring done
[2.126s] -- Generating done
[2.133s] -- Build files have been written to: /home/yu/Desktop/robotic_arm_ws/build/roboticsgroup_upatras_gazebo_plugins
[2.143s] Invoked command in '/home/yu/Desktop/robotic_arm_ws/build/roboticsgroup_upatras_gazebo_plugins' returned '0': CMAKE_PREFIX_PATH=/home/yu/Desktop/robotic_arm_ws/install/e05_pro:/opt/ros/humble /usr/bin/cmake /home/yu/Desktop/robotic_arm_ws/src/roboticsgroup_upatras_gazebo_plugins -DCMAKE_INSTALL_PREFIX=/home/yu/Desktop/robotic_arm_ws/install/roboticsgroup_upatras_gazebo_plugins
[2.145s] Invoking command in '/home/yu/Desktop/robotic_arm_ws/build/roboticsgroup_upatras_gazebo_plugins': CMAKE_PREFIX_PATH=/home/yu/Desktop/robotic_arm_ws/install/e05_pro:/opt/ros/humble /usr/bin/cmake --build /home/yu/Desktop/robotic_arm_ws/build/roboticsgroup_upatras_gazebo_plugins -- -j16 -l16
[2.194s] [ 25%] [32mBuilding CXX object CMakeFiles/roboticsgroup_upatras_gazebo_disable_link_plugin.dir/src/disable_link_plugin.cpp.o[0m
[2.197s] [ 50%] [32mBuilding CXX object CMakeFiles/roboticsgroup_upatras_gazebo_mimic_joint_plugin.dir/src/mimic_joint_plugin.cpp.o[0m
[8.882s] [ 75%] [32m[1mLinking CXX shared library libroboticsgroup_upatras_gazebo_disable_link_plugin.so[0m
[9.070s] [ 75%] Built target roboticsgroup_upatras_gazebo_disable_link_plugin
[11.051s] [100%] [32m[1mLinking CXX shared library libroboticsgroup_upatras_gazebo_mimic_joint_plugin.so[0m
[11.386s] [100%] Built target roboticsgroup_upatras_gazebo_mimic_joint_plugin
[11.396s] Invoked command in '/home/yu/Desktop/robotic_arm_ws/build/roboticsgroup_upatras_gazebo_plugins' returned '0': CMAKE_PREFIX_PATH=/home/yu/Desktop/robotic_arm_ws/install/e05_pro:/opt/ros/humble /usr/bin/cmake --build /home/yu/Desktop/robotic_arm_ws/build/roboticsgroup_upatras_gazebo_plugins -- -j16 -l16
[11.399s] Invoking command in '/home/yu/Desktop/robotic_arm_ws/build/roboticsgroup_upatras_gazebo_plugins': CMAKE_PREFIX_PATH=/home/yu/Desktop/robotic_arm_ws/install/e05_pro:/opt/ros/humble /usr/bin/cmake --install /home/yu/Desktop/robotic_arm_ws/build/roboticsgroup_upatras_gazebo_plugins
[11.407s] -- Install configuration: ""
[11.407s] -- Installing: /home/yu/Desktop/robotic_arm_ws/install/roboticsgroup_upatras_gazebo_plugins/include/roboticsgroup_upatras_gazebo_plugins
[11.407s] -- Installing: /home/yu/Desktop/robotic_arm_ws/install/roboticsgroup_upatras_gazebo_plugins/include/roboticsgroup_upatras_gazebo_plugins/roboticsgroup_upatras_gazebo_plugins
[11.408s] -- Installing: /home/yu/Desktop/robotic_arm_ws/install/roboticsgroup_upatras_gazebo_plugins/include/roboticsgroup_upatras_gazebo_plugins/roboticsgroup_upatras_gazebo_plugins/mimic_joint_plugin.hpp
[11.408s] -- Installing: /home/yu/Desktop/robotic_arm_ws/install/roboticsgroup_upatras_gazebo_plugins/include/roboticsgroup_upatras_gazebo_plugins/roboticsgroup_upatras_gazebo_plugins/disable_link_plugin.hpp
[11.408s] -- Installing: /home/yu/Desktop/robotic_arm_ws/install/roboticsgroup_upatras_gazebo_plugins/lib/libroboticsgroup_upatras_gazebo_mimic_joint_plugin.so
[11.408s] -- Set runtime path of "/home/yu/Desktop/robotic_arm_ws/install/roboticsgroup_upatras_gazebo_plugins/lib/libroboticsgroup_upatras_gazebo_mimic_joint_plugin.so" to ""
[11.408s] -- Installing: /home/yu/Desktop/robotic_arm_ws/install/roboticsgroup_upatras_gazebo_plugins/lib/libroboticsgroup_upatras_gazebo_disable_link_plugin.so
[11.409s] -- Set runtime path of "/home/yu/Desktop/robotic_arm_ws/install/roboticsgroup_upatras_gazebo_plugins/lib/libroboticsgroup_upatras_gazebo_disable_link_plugin.so" to ""
[11.410s] -- Installing: /home/yu/Desktop/robotic_arm_ws/install/roboticsgroup_upatras_gazebo_plugins/share/roboticsgroup_upatras_gazebo_plugins/environment/library_path.sh
[11.410s] -- Installing: /home/yu/Desktop/robotic_arm_ws/install/roboticsgroup_upatras_gazebo_plugins/share/roboticsgroup_upatras_gazebo_plugins/environment/library_path.dsv
[11.410s] -- Installing: /home/yu/Desktop/robotic_arm_ws/install/roboticsgroup_upatras_gazebo_plugins/share/ament_index/resource_index/package_run_dependencies/roboticsgroup_upatras_gazebo_plugins
[11.410s] -- Installing: /home/yu/Desktop/robotic_arm_ws/install/roboticsgroup_upatras_gazebo_plugins/share/ament_index/resource_index/parent_prefix_path/roboticsgroup_upatras_gazebo_plugins
[11.410s] -- Installing: /home/yu/Desktop/robotic_arm_ws/install/roboticsgroup_upatras_gazebo_plugins/share/roboticsgroup_upatras_gazebo_plugins/environment/ament_prefix_path.sh
[11.410s] -- Installing: /home/yu/Desktop/robotic_arm_ws/install/roboticsgroup_upatras_gazebo_plugins/share/roboticsgroup_upatras_gazebo_plugins/environment/ament_prefix_path.dsv
[11.410s] -- Installing: /home/yu/Desktop/robotic_arm_ws/install/roboticsgroup_upatras_gazebo_plugins/share/roboticsgroup_upatras_gazebo_plugins/environment/path.sh
[11.411s] -- Installing: /home/yu/Desktop/robotic_arm_ws/install/roboticsgroup_upatras_gazebo_plugins/share/roboticsgroup_upatras_gazebo_plugins/environment/path.dsv
[11.411s] -- Installing: /home/yu/Desktop/robotic_arm_ws/install/roboticsgroup_upatras_gazebo_plugins/share/roboticsgroup_upatras_gazebo_plugins/local_setup.bash
[11.411s] -- Installing: /home/yu/Desktop/robotic_arm_ws/install/roboticsgroup_upatras_gazebo_plugins/share/roboticsgroup_upatras_gazebo_plugins/local_setup.sh
[11.412s] -- Installing: /home/yu/Desktop/robotic_arm_ws/install/roboticsgroup_upatras_gazebo_plugins/share/roboticsgroup_upatras_gazebo_plugins/local_setup.zsh
[11.412s] -- Installing: /home/yu/Desktop/robotic_arm_ws/install/roboticsgroup_upatras_gazebo_plugins/share/roboticsgroup_upatras_gazebo_plugins/local_setup.dsv
[11.412s] -- Installing: /home/yu/Desktop/robotic_arm_ws/install/roboticsgroup_upatras_gazebo_plugins/share/roboticsgroup_upatras_gazebo_plugins/package.dsv
[11.413s] -- Installing: /home/yu/Desktop/robotic_arm_ws/install/roboticsgroup_upatras_gazebo_plugins/share/ament_index/resource_index/packages/roboticsgroup_upatras_gazebo_plugins
[11.414s] -- Installing: /home/yu/Desktop/robotic_arm_ws/install/roboticsgroup_upatras_gazebo_plugins/share/roboticsgroup_upatras_gazebo_plugins/cmake/ament_cmake_export_libraries-extras.cmake
[11.414s] -- Installing: /home/yu/Desktop/robotic_arm_ws/install/roboticsgroup_upatras_gazebo_plugins/share/roboticsgroup_upatras_gazebo_plugins/cmake/roboticsgroup_upatras_gazebo_pluginsConfig.cmake
[11.414s] -- Installing: /home/yu/Desktop/robotic_arm_ws/install/roboticsgroup_upatras_gazebo_plugins/share/roboticsgroup_upatras_gazebo_plugins/cmake/roboticsgroup_upatras_gazebo_pluginsConfig-version.cmake
[11.415s] -- Installing: /home/yu/Desktop/robotic_arm_ws/install/roboticsgroup_upatras_gazebo_plugins/share/roboticsgroup_upatras_gazebo_plugins/package.xml
[11.415s] Invoked command in '/home/yu/Desktop/robotic_arm_ws/build/roboticsgroup_upatras_gazebo_plugins' returned '0': CMAKE_PREFIX_PATH=/home/yu/Desktop/robotic_arm_ws/install/e05_pro:/opt/ros/humble /usr/bin/cmake --install /home/yu/Desktop/robotic_arm_ws/build/roboticsgroup_upatras_gazebo_plugins
